01:34:19>[:00000000]                  _ooOoo_  
01:34:19>[:00000000]                 o8888888o  
01:34:19>[:00000000]                 88" . "88    
01:34:19>[:00000000]                 (| -_- |)    
01:34:19>[:00000000]              ____/`---'\____   
01:34:19>[:00000000]            .'  \|     |//  `.    
01:34:19>[:00000000]            /  \|||  :  |||//  \    
01:34:19>[:00000000]           /  _||||| -:- |||||-  \    
01:34:19>[:00000000]           |   | \\  -  /// |   |    
01:34:19>[:00000000]          | \_|  ''\---/''  |   |   
01:34:19>[:00000000]           \  .-\__  `-`  ___/-. /    
01:34:19>[:00000000]          ___`. .'  /--.--\  `. . __    
01:34:19>[:00000000]       ."" '<  `.___\_<|>_/___.'  >'"".    
01:34:19>[:00000000]      | | :  `- \`.;`\ _ /`;.`/ - ` : | |    
01:34:19>[:00000000]    \  \ `-.   \_ __\ /__ _/   .-` /  /    
01:34:19>[:00000000]   =====`-.____`-.___\_____/___.-`____.-'======    
01:34:19>[:00000000]  `^^^^^^^^^^^^^^^^^^^^^^^^^^^^^^^^^^^^^^^^^^^^      
01:34:19>[:00000000]  `          佛祖保佑       永无Bug     
01:34:19>[:00000000]  `          快加工资       不改需求      
01:34:19>[:00000000] work path is E:\github\cobweb\build\Debug
01:34:19>[:00000003] ./examples/bootstrap.lua:4 boostrap
01:34:19>[:00000003] KILL self
01:34:19>[:00000003] CLEAR
01:34:19>[:00000004] ./examples/recv.lua:7 recv
01:34:19>[:00000005] ./examples/send.lua:4 send
01:34:19>[:00000005] KILL self
01:34:19>[:00000004] ./examples/recv.lua:10 session=0
01:34:19>[:00000005] CLEAR
01:35:49>[:00000000]                  _ooOoo_  
01:35:49>[:00000000]                 o8888888o  
01:35:49>[:00000000]                 88" . "88    
01:35:49>[:00000000]                 (| -_- |)    
01:35:49>[:00000000]              ____/`---'\____   
01:35:49>[:00000000]            .'  \|     |//  `.    
01:35:49>[:00000000]            /  \|||  :  |||//  \    
01:35:49>[:00000000]           /  _||||| -:- |||||-  \    
01:35:49>[:00000000]           |   | \\  -  /// |   |    
01:35:49>[:00000000]          | \_|  ''\---/''  |   |   
01:35:49>[:00000000]           \  .-\__  `-`  ___/-. /    
01:35:49>[:00000000]          ___`. .'  /--.--\  `. . __    
01:35:49>[:00000000]       ."" '<  `.___\_<|>_/___.'  >'"".    
01:35:49>[:00000000]      | | :  `- \`.;`\ _ /`;.`/ - ` : | |    
01:35:49>[:00000000]    \  \ `-.   \_ __\ /__ _/   .-` /  /    
01:35:49>[:00000000]   =====`-.____`-.___\_____/___.-`____.-'======    
01:35:49>[:00000000]  `^^^^^^^^^^^^^^^^^^^^^^^^^^^^^^^^^^^^^^^^^^^^      
01:35:49>[:00000000]  `          佛祖保佑       永无Bug     
01:35:49>[:00000000]  `          快加工资       不改需求      
01:35:49>[:00000000] work path is E:\github\cobweb\build\Debug
01:35:49>[:00000003] ./examples/bootstrap.lua:4 boostrap
01:35:49>[:00000003] KILL self
01:35:49>[:00000003] CLEAR
01:35:49>[:00000004] ./examples/recv.lua:7 recv
01:35:49>[:00000005] ./examples/send.lua:4 send
01:35:49>[:00000005] KILL self
01:35:49>[:00000004] ./examples/recv.lua:10 session=0
01:35:49>[:00000005] CLEAR
01:37:09>[:00000000]                  _ooOoo_  
01:37:09>[:00000000]                 o8888888o  
01:37:09>[:00000000]                 88" . "88    
01:37:09>[:00000000]                 (| -_- |)    
01:37:09>[:00000000]              ____/`---'\____   
01:37:09>[:00000000]            .'  \|     |//  `.    
01:37:09>[:00000000]            /  \|||  :  |||//  \    
01:37:09>[:00000000]           /  _||||| -:- |||||-  \    
01:37:09>[:00000000]           |   | \\  -  /// |   |    
01:37:09>[:00000000]          | \_|  ''\---/''  |   |   
01:37:09>[:00000000]           \  .-\__  `-`  ___/-. /    
01:37:09>[:00000000]          ___`. .'  /--.--\  `. . __    
01:37:09>[:00000000]       ."" '<  `.___\_<|>_/___.'  >'"".    
01:37:09>[:00000000]      | | :  `- \`.;`\ _ /`;.`/ - ` : | |    
01:37:09>[:00000000]    \  \ `-.   \_ __\ /__ _/   .-` /  /    
01:37:09>[:00000000]   =====`-.____`-.___\_____/___.-`____.-'======    
01:37:09>[:00000000]  `^^^^^^^^^^^^^^^^^^^^^^^^^^^^^^^^^^^^^^^^^^^^      
01:37:09>[:00000000]  `          佛祖保佑       永无Bug     
01:37:09>[:00000000]  `          快加工资       不改需求      
01:37:09>[:00000000] work path is E:\github\cobweb\build\Debug
01:37:09>[:00000003] ./examples/bootstrap.lua:4 boostrap
01:37:09>[:00000003] KILL self
01:37:09>[:00000003] CLEAR
01:37:09>[:00000004] ./examples/recv.lua:7 recv
01:37:09>[:00000005] ./examples/send.lua:4 send
01:37:09>[:00000005] KILL self
01:37:09>[:00000004] ./examples/recv.lua:10 session=0
01:37:09>[:00000005] CLEAR
01:38:48>[:00000000]                  _ooOoo_  
01:38:48>[:00000000]                 o8888888o  
01:38:48>[:00000000]                 88" . "88    
01:38:48>[:00000000]                 (| -_- |)    
01:38:48>[:00000000]              ____/`---'\____   
01:38:48>[:00000000]            .'  \|     |//  `.    
01:38:48>[:00000000]            /  \|||  :  |||//  \    
01:38:48>[:00000000]           /  _||||| -:- |||||-  \    
01:38:48>[:00000000]           |   | \\  -  /// |   |    
01:38:48>[:00000000]          | \_|  ''\---/''  |   |   
01:38:48>[:00000000]           \  .-\__  `-`  ___/-. /    
01:38:48>[:00000000]          ___`. .'  /--.--\  `. . __    
01:38:48>[:00000000]       ."" '<  `.___\_<|>_/___.'  >'"".    
01:38:48>[:00000000]      | | :  `- \`.;`\ _ /`;.`/ - ` : | |    
01:38:48>[:00000000]    \  \ `-.   \_ __\ /__ _/   .-` /  /    
01:38:48>[:00000000]   =====`-.____`-.___\_____/___.-`____.-'======    
01:38:48>[:00000000]  `^^^^^^^^^^^^^^^^^^^^^^^^^^^^^^^^^^^^^^^^^^^^      
01:38:48>[:00000000]  `          佛祖保佑       永无Bug     
01:38:48>[:00000000]  `          快加工资       不改需求      
01:38:48>[:00000000] work path is E:\github\cobweb\build\Debug
01:38:49>[:00000003] ./examples/bootstrap.lua:4 boostrap
01:38:49>[:00000003] KILL self
01:38:49>[:00000003] CLEAR
01:38:49>[:00000004] ./examples/recv.lua:7 recv
01:38:49>[:00000005] ./examples/send.lua:4 send
01:38:49>[:00000005] KILL self
01:38:49>[:00000004] ./examples/recv.lua:10 session=0
01:38:49>[:00000005] CLEAR
01:44:08>[:00000000]                  _ooOoo_  
01:44:08>[:00000000]                 o8888888o  
01:44:08>[:00000000]                 88" . "88    
01:44:08>[:00000000]                 (| -_- |)    
01:44:08>[:00000000]              ____/`---'\____   
01:44:08>[:00000000]            .'  \|     |//  `.    
01:44:08>[:00000000]            /  \|||  :  |||//  \    
01:44:08>[:00000000]           /  _||||| -:- |||||-  \    
01:44:08>[:00000000]           |   | \\  -  /// |   |    
01:44:08>[:00000000]          | \_|  ''\---/''  |   |   
01:44:08>[:00000000]           \  .-\__  `-`  ___/-. /    
01:44:08>[:00000000]          ___`. .'  /--.--\  `. . __    
01:44:08>[:00000000]       ."" '<  `.___\_<|>_/___.'  >'"".    
01:44:08>[:00000000]      | | :  `- \`.;`\ _ /`;.`/ - ` : | |    
01:44:08>[:00000000]    \  \ `-.   \_ __\ /__ _/   .-` /  /    
01:44:08>[:00000000]   =====`-.____`-.___\_____/___.-`____.-'======    
01:44:08>[:00000000]  `^^^^^^^^^^^^^^^^^^^^^^^^^^^^^^^^^^^^^^^^^^^^      
01:44:08>[:00000000]  `          佛祖保佑       永无Bug     
01:44:08>[:00000000]  `          快加工资       不改需求      
01:44:08>[:00000000] work path is E:\github\cobweb\build\Debug
01:44:08>[:00000003] ./examples/bootstrap.lua:4 boostrap
01:44:08>[:00000003] KILL self
01:44:08>[:00000003] CLEAR
01:44:08>[:00000004] ./examples/recv.lua:7 recv
01:44:08>[:00000005] ./examples/send.lua:4 send
01:44:08>[:00000005] KILL self
01:44:08>[:00000004] ./examples/recv.lua:10 session=0
01:44:08>[:00000005] CLEAR
01:47:34>[:00000000]                  _ooOoo_  
01:47:34>[:00000000]                 o8888888o  
01:47:34>[:00000000]                 88" . "88    
01:47:34>[:00000000]                 (| -_- |)    
01:47:34>[:00000000]              ____/`---'\____   
01:47:34>[:00000000]            .'  \|     |//  `.    
01:47:34>[:00000000]            /  \|||  :  |||//  \    
01:47:34>[:00000000]           /  _||||| -:- |||||-  \    
01:47:34>[:00000000]           |   | \\  -  /// |   |    
01:47:34>[:00000000]          | \_|  ''\---/''  |   |   
01:47:34>[:00000000]           \  .-\__  `-`  ___/-. /    
01:47:34>[:00000000]          ___`. .'  /--.--\  `. . __    
01:47:34>[:00000000]       ."" '<  `.___\_<|>_/___.'  >'"".    
01:47:34>[:00000000]      | | :  `- \`.;`\ _ /`;.`/ - ` : | |    
01:47:34>[:00000000]    \  \ `-.   \_ __\ /__ _/   .-` /  /    
01:47:34>[:00000000]   =====`-.____`-.___\_____/___.-`____.-'======    
01:47:34>[:00000000]  `^^^^^^^^^^^^^^^^^^^^^^^^^^^^^^^^^^^^^^^^^^^^      
01:47:34>[:00000000]  `          佛祖保佑       永无Bug     
01:47:34>[:00000000]  `          快加工资       不改需求      
01:47:34>[:00000000] work path is E:\github\cobweb\build\Debug
01:47:35>[:00000003] ./examples/bootstrap.lua:4 boostrap
01:47:35>[:00000003] KILL self
01:47:35>[:00000003] CLEAR
01:47:35>[:00000004] ./examples/recv.lua:7 recv
01:47:35>[:00000005] ./examples/send.lua:4 send
01:47:35>[:00000005] KILL self
01:47:35>[:00000004] ./examples/recv.lua:10 session=0
01:47:35>[:00000005] CLEAR
01:59:42>[:00000000]                  _ooOoo_  
01:59:42>[:00000000]                 o8888888o  
01:59:42>[:00000000]                 88" . "88    
01:59:42>[:00000000]                 (| -_- |)    
01:59:42>[:00000000]              ____/`---'\____   
01:59:42>[:00000000]            .'  \|     |//  `.    
01:59:42>[:00000000]            /  \|||  :  |||//  \    
01:59:42>[:00000000]           /  _||||| -:- |||||-  \    
01:59:42>[:00000000]           |   | \\  -  /// |   |    
01:59:42>[:00000000]          | \_|  ''\---/''  |   |   
01:59:42>[:00000000]           \  .-\__  `-`  ___/-. /    
01:59:42>[:00000000]          ___`. .'  /--.--\  `. . __    
01:59:42>[:00000000]       ."" '<  `.___\_<|>_/___.'  >'"".    
01:59:42>[:00000000]      | | :  `- \`.;`\ _ /`;.`/ - ` : | |    
01:59:42>[:00000000]    \  \ `-.   \_ __\ /__ _/   .-` /  /    
01:59:42>[:00000000]   =====`-.____`-.___\_____/___.-`____.-'======    
01:59:42>[:00000000]  `^^^^^^^^^^^^^^^^^^^^^^^^^^^^^^^^^^^^^^^^^^^^      
01:59:42>[:00000000]  `          佛祖保佑       永无Bug     
01:59:42>[:00000000]  `          快加工资       不改需求      
01:59:42>[:00000000] work path is E:\github\cobweb\build\Debug
01:59:42>[:00000003] ./examples/bootstrap.lua:4 boostrap
01:59:42>[:00000003] KILL self
01:59:42>[:00000003] CLEAR
01:59:42>[:00000004] ./examples/recv.lua:7 recv
01:59:42>[:00000005] ./examples/send.lua:4 send
01:59:42>[:00000005] KILL self
01:59:42>[:00000004] ./examples/recv.lua:10 session=0
01:59:42>[:00000005] CLEAR
02:01:30>[:00000000]                  _ooOoo_  
02:01:30>[:00000000]                 o8888888o  
02:01:30>[:00000000]                 88" . "88    
02:01:30>[:00000000]                 (| -_- |)    
02:01:30>[:00000000]              ____/`---'\____   
02:01:30>[:00000000]            .'  \|     |//  `.    
02:01:30>[:00000000]            /  \|||  :  |||//  \    
02:01:30>[:00000000]           /  _||||| -:- |||||-  \    
02:01:30>[:00000000]           |   | \\  -  /// |   |    
02:01:30>[:00000000]          | \_|  ''\---/''  |   |   
02:01:30>[:00000000]           \  .-\__  `-`  ___/-. /    
02:01:30>[:00000000]          ___`. .'  /--.--\  `. . __    
02:01:30>[:00000000]       ."" '<  `.___\_<|>_/___.'  >'"".    
02:01:30>[:00000000]      | | :  `- \`.;`\ _ /`;.`/ - ` : | |    
02:01:30>[:00000000]    \  \ `-.   \_ __\ /__ _/   .-` /  /    
02:01:30>[:00000000]   =====`-.____`-.___\_____/___.-`____.-'======    
02:01:30>[:00000000]  `^^^^^^^^^^^^^^^^^^^^^^^^^^^^^^^^^^^^^^^^^^^^      
02:01:30>[:00000000]  `          佛祖保佑       永无Bug     
02:01:30>[:00000000]  `          快加工资       不改需求      
02:01:30>[:00000000] work path is E:\github\cobweb\build\Debug
02:01:30>[:00000003] ./examples/bootstrap.lua:4 boostrap
02:01:30>[:00000003] KILL self
02:01:30>[:00000003] CLEAR
02:01:31>[:00000004] ./examples/recv.lua:7 recv
02:01:31>[:00000005] ./examples/send.lua:4 send
02:01:31>[:00000005] KILL self
02:01:31>[:00000004] ./examples/recv.lua:10 session=0
02:01:31>[:00000005] CLEAR
02:03:17>[:00000004] lua call [2 to :4 : 0 msgsz = 2060] error : ./lualib/cobweb.lua:522: ./lualib/cobweb.lua:496: attempt to call a nil value (field 'unpack')
stack traceback:
	[C]: in function 'assert'
	./lualib/cobweb.lua:522: in function 'cobweb.dispatch_message'
02:15:02>[:00000000]                  _ooOoo_  
02:15:02>[:00000000]                 o8888888o  
02:15:02>[:00000000]                 88" . "88    
02:15:02>[:00000000]                 (| -_- |)    
02:15:02>[:00000000]              ____/`---'\____   
02:15:02>[:00000000]            .'  \|     |//  `.    
02:15:02>[:00000000]            /  \|||  :  |||//  \    
02:15:02>[:00000000]           /  _||||| -:- |||||-  \    
02:15:02>[:00000000]           |   | \\  -  /// |   |    
02:15:02>[:00000000]          | \_|  ''\---/''  |   |   
02:15:02>[:00000000]           \  .-\__  `-`  ___/-. /    
02:15:02>[:00000000]          ___`. .'  /--.--\  `. . __    
02:15:02>[:00000000]       ."" '<  `.___\_<|>_/___.'  >'"".    
02:15:02>[:00000000]      | | :  `- \`.;`\ _ /`;.`/ - ` : | |    
02:15:02>[:00000000]    \  \ `-.   \_ __\ /__ _/   .-` /  /    
02:15:02>[:00000000]   =====`-.____`-.___\_____/___.-`____.-'======    
02:15:02>[:00000000]  `^^^^^^^^^^^^^^^^^^^^^^^^^^^^^^^^^^^^^^^^^^^^      
02:15:02>[:00000000]  `          佛祖保佑       永无Bug     
02:15:02>[:00000000]  `          快加工资       不改需求      
02:15:02>[:00000000] work path is E:\github\cobweb\build\Debug
02:15:02>[:00000003] ./examples/bootstrap.lua:4 boostrap
02:15:02>[:00000003] KILL self
02:15:02>[:00000003] CLEAR
02:15:02>[:00000004] ./examples/recv.lua:7 recv
02:15:02>[:00000005] ./examples/send.lua:4 send
02:15:02>[:00000005] KILL self
02:15:02>[:00000004] ./examples/recv.lua:11 session=0 t=liwei
02:15:02>[:00000005] CLEAR
02:17:07>[:00000000]                  _ooOoo_  
02:17:07>[:00000000]                 o8888888o  
02:17:07>[:00000000]                 88" . "88    
02:17:07>[:00000000]                 (| -_- |)    
02:17:07>[:00000000]              ____/`---'\____   
02:17:07>[:00000000]            .'  \|     |//  `.    
02:17:07>[:00000000]            /  \|||  :  |||//  \    
02:17:07>[:00000000]           /  _||||| -:- |||||-  \    
02:17:07>[:00000000]           |   | \\  -  /// |   |    
02:17:07>[:00000000]          | \_|  ''\---/''  |   |   
02:17:07>[:00000000]           \  .-\__  `-`  ___/-. /    
02:17:07>[:00000000]          ___`. .'  /--.--\  `. . __    
02:17:07>[:00000000]       ."" '<  `.___\_<|>_/___.'  >'"".    
02:17:07>[:00000000]      | | :  `- \`.;`\ _ /`;.`/ - ` : | |    
02:17:07>[:00000000]    \  \ `-.   \_ __\ /__ _/   .-` /  /    
02:17:07>[:00000000]   =====`-.____`-.___\_____/___.-`____.-'======    
02:17:07>[:00000000]  `^^^^^^^^^^^^^^^^^^^^^^^^^^^^^^^^^^^^^^^^^^^^      
02:17:07>[:00000000]  `          佛祖保佑       永无Bug     
02:17:07>[:00000000]  `          快加工资       不改需求      
02:17:07>[:00000000] work path is E:\github\cobweb\build\Debug
02:17:07>[:00000003] ./examples/bootstrap.lua:4 boostrap
02:17:07>[:00000003] KILL self
02:17:07>[:00000004] lua loader error : ./examples/recv.lua:17: unexpected symbol near '&'
stack traceback:
	[C]: in function 'dofile'
	./lualib/loader.lua:9: in main chunk
02:17:07>[:00000004] KILL self
02:17:07>[:00000003] CLEAR
02:17:07>[:00000004] CLEAR
02:17:07>[:00000005] ./examples/send.lua:4 send
02:17:07>[:00000005] KILL self
02:17:07>[:00000005] CLEAR
02:17:23>[:00000000]                  _ooOoo_  
02:17:23>[:00000000]                 o8888888o  
02:17:23>[:00000000]                 88" . "88    
02:17:23>[:00000000]                 (| -_- |)    
02:17:23>[:00000000]              ____/`---'\____   
02:17:23>[:00000000]            .'  \|     |//  `.    
02:17:23>[:00000000]            /  \|||  :  |||//  \    
02:17:23>[:00000000]           /  _||||| -:- |||||-  \    
02:17:23>[:00000000]           |   | \\  -  /// |   |    
02:17:23>[:00000000]          | \_|  ''\---/''  |   |   
02:17:23>[:00000000]           \  .-\__  `-`  ___/-. /    
02:17:23>[:00000000]          ___`. .'  /--.--\  `. . __    
02:17:23>[:00000000]       ."" '<  `.___\_<|>_/___.'  >'"".    
02:17:23>[:00000000]      | | :  `- \`.;`\ _ /`;.`/ - ` : | |    
02:17:23>[:00000000]    \  \ `-.   \_ __\ /__ _/   .-` /  /    
02:17:23>[:00000000]   =====`-.____`-.___\_____/___.-`____.-'======    
02:17:23>[:00000000]  `^^^^^^^^^^^^^^^^^^^^^^^^^^^^^^^^^^^^^^^^^^^^      
02:17:23>[:00000000]  `          佛祖保佑       永无Bug     
02:17:23>[:00000000]  `          快加工资       不改需求      
02:17:23>[:00000000] work path is E:\github\cobweb\build\Debug
02:17:23>[:00000003] ./examples/bootstrap.lua:4 boostrap
02:17:23>[:00000003] KILL self
02:17:23>[:00000003] CLEAR
02:17:24>[:00000004] ./examples/recv.lua:12 recv
02:17:24>[:00000005] ./examples/send.lua:4 send
02:17:24>[:00000005] KILL self
02:17:24>[:00000004] ./examples/recv.lua:16 session=0 t=liwei
02:17:24>[:00000005] CLEAR
02:17:49>[:00000000]                  _ooOoo_  
02:17:49>[:00000000]                 o8888888o  
02:17:49>[:00000000]                 88" . "88    
02:17:49>[:00000000]                 (| -_- |)    
02:17:49>[:00000000]              ____/`---'\____   
02:17:49>[:00000000]            .'  \|     |//  `.    
02:17:49>[:00000000]            /  \|||  :  |||//  \    
02:17:49>[:00000000]           /  _||||| -:- |||||-  \    
02:17:49>[:00000000]           |   | \\  -  /// |   |    
02:17:49>[:00000000]          | \_|  ''\---/''  |   |   
02:17:49>[:00000000]           \  .-\__  `-`  ___/-. /    
02:17:49>[:00000000]          ___`. .'  /--.--\  `. . __    
02:17:49>[:00000000]       ."" '<  `.___\_<|>_/___.'  >'"".    
02:17:49>[:00000000]      | | :  `- \`.;`\ _ /`;.`/ - ` : | |    
02:17:49>[:00000000]    \  \ `-.   \_ __\ /__ _/   .-` /  /    
02:17:49>[:00000000]   =====`-.____`-.___\_____/___.-`____.-'======    
02:17:49>[:00000000]  `^^^^^^^^^^^^^^^^^^^^^^^^^^^^^^^^^^^^^^^^^^^^      
02:17:49>[:00000000]  `          佛祖保佑       永无Bug     
02:17:49>[:00000000]  `          快加工资       不改需求      
02:17:49>[:00000000] work path is E:\github\cobweb\build\Debug
02:17:49>[:00000003] ./examples/bootstrap.lua:4 boostrap
02:17:49>[:00000003] KILL self
02:17:49>[:00000003] CLEAR
02:17:49>[:00000004] ./examples/recv.lua:12 recv
02:17:49>[:00000005] ./examples/send.lua:4 send
02:17:49>[:00000005] KILL self
02:17:49>[:00000004] ./examples/recv.lua:16 session=0 address5 t=liwei
02:17:49>[:00000005] CLEAR
02:18:00>[:00000000]                  _ooOoo_  
02:18:00>[:00000000]                 o8888888o  
02:18:00>[:00000000]                 88" . "88    
02:18:00>[:00000000]                 (| -_- |)    
02:18:00>[:00000000]              ____/`---'\____   
02:18:00>[:00000000]            .'  \|     |//  `.    
02:18:00>[:00000000]            /  \|||  :  |||//  \    
02:18:00>[:00000000]           /  _||||| -:- |||||-  \    
02:18:00>[:00000000]           |   | \\  -  /// |   |    
02:18:00>[:00000000]          | \_|  ''\---/''  |   |   
02:18:00>[:00000000]           \  .-\__  `-`  ___/-. /    
02:18:00>[:00000000]          ___`. .'  /--.--\  `. . __    
02:18:00>[:00000000]       ."" '<  `.___\_<|>_/___.'  >'"".    
02:18:00>[:00000000]      | | :  `- \`.;`\ _ /`;.`/ - ` : | |    
02:18:00>[:00000000]    \  \ `-.   \_ __\ /__ _/   .-` /  /    
02:18:00>[:00000000]   =====`-.____`-.___\_____/___.-`____.-'======    
02:18:00>[:00000000]  `^^^^^^^^^^^^^^^^^^^^^^^^^^^^^^^^^^^^^^^^^^^^      
02:18:00>[:00000000]  `          佛祖保佑       永无Bug     
02:18:00>[:00000000]  `          快加工资       不改需求      
02:18:00>[:00000000] work path is E:\github\cobweb\build\Debug
02:18:00>[:00000003] ./examples/bootstrap.lua:4 boostrap
02:18:00>[:00000003] KILL self
02:18:00>[:00000003] CLEAR
02:18:00>[:00000004] ./examples/recv.lua:12 recv
02:18:00>[:00000005] ./examples/send.lua:4 send
02:18:00>[:00000005] KILL self
02:18:00>[:00000004] ./examples/recv.lua:16 session=0 address=5 t=liwei
02:18:00>[:00000005] CLEAR
02:25:55>[:00000000]                  _ooOoo_  
02:25:55>[:00000000]                 o8888888o  
02:25:55>[:00000000]                 88" . "88    
02:25:55>[:00000000]                 (| -_- |)    
02:25:55>[:00000000]              ____/`---'\____   
02:25:55>[:00000000]            .'  \|     |//  `.    
02:25:55>[:00000000]            /  \|||  :  |||//  \    
02:25:55>[:00000000]           /  _||||| -:- |||||-  \    
02:25:55>[:00000000]           |   | \\  -  /// |   |    
02:25:55>[:00000000]          | \_|  ''\---/''  |   |   
02:25:55>[:00000000]           \  .-\__  `-`  ___/-. /    
02:25:55>[:00000000]          ___`. .'  /--.--\  `. . __    
02:25:55>[:00000000]       ."" '<  `.___\_<|>_/___.'  >'"".    
02:25:55>[:00000000]      | | :  `- \`.;`\ _ /`;.`/ - ` : | |    
02:25:55>[:00000000]    \  \ `-.   \_ __\ /__ _/   .-` /  /    
02:25:55>[:00000000]   =====`-.____`-.___\_____/___.-`____.-'======    
02:25:55>[:00000000]  `^^^^^^^^^^^^^^^^^^^^^^^^^^^^^^^^^^^^^^^^^^^^      
02:25:55>[:00000000]  `          佛祖保佑       永无Bug     
02:25:55>[:00000000]  `          快加工资       不改需求      
02:25:55>[:00000000] work path is E:\github\cobweb\build\Debug
02:25:55>[:00000003] ./examples/bootstrap.lua:4 boostrap
02:25:55>[:00000003] KILL self
02:25:55>[:00000003] CLEAR
02:25:55>[:00000004] ./examples/recv.lua:12 recv
02:25:55>[:00000005] ./examples/send.lua:4 send
02:25:55>[:00000005] ./lualib/cobweb.lua:569 init service failed: ./examples/send.lua:6: attempt to index a nil value (global 'skynet')
stack traceback:
	./examples/send.lua:6: in local 'start'
	./lualib/cobweb.lua:559: in function <./lualib/cobweb.lua:556>
	[C]: in function 'xpcall'
	./lualib/cobweb.lua:563: in function 'cobweb.pcall'
	./lualib/cobweb.lua:567: in function 'cobweb.init_service'
	./lualib/cobweb.lua:580: in upvalue 'f'
	./lualib/cobweb.lua:94: in function <./lualib/cobweb.lua:92>
02:25:55>[:00000005] KILL self
02:25:55>[:00000004] ./examples/recv.lua:16 session=0 address=5 t=liwei
02:25:55>[:00000005] CLEAR
02:26:22>[:00000000]                  _ooOoo_  
02:26:22>[:00000000]                 o8888888o  
02:26:22>[:00000000]                 88" . "88    
02:26:22>[:00000000]                 (| -_- |)    
02:26:22>[:00000000]              ____/`---'\____   
02:26:22>[:00000000]            .'  \|     |//  `.    
02:26:22>[:00000000]            /  \|||  :  |||//  \    
02:26:22>[:00000000]           /  _||||| -:- |||||-  \    
02:26:22>[:00000000]           |   | \\  -  /// |   |    
02:26:22>[:00000000]          | \_|  ''\---/''  |   |   
02:26:22>[:00000000]           \  .-\__  `-`  ___/-. /    
02:26:22>[:00000000]          ___`. .'  /--.--\  `. . __    
02:26:22>[:00000000]       ."" '<  `.___\_<|>_/___.'  >'"".    
02:26:22>[:00000000]      | | :  `- \`.;`\ _ /`;.`/ - ` : | |    
02:26:22>[:00000000]    \  \ `-.   \_ __\ /__ _/   .-` /  /    
02:26:22>[:00000000]   =====`-.____`-.___\_____/___.-`____.-'======    
02:26:22>[:00000000]  `^^^^^^^^^^^^^^^^^^^^^^^^^^^^^^^^^^^^^^^^^^^^      
02:26:22>[:00000000]  `          佛祖保佑       永无Bug     
02:26:22>[:00000000]  `          快加工资       不改需求      
02:26:22>[:00000000] work path is E:\github\cobweb\build\Debug
02:26:22>[:00000003] ./examples/bootstrap.lua:4 boostrap
02:26:22>[:00000003] KILL self
02:26:22>[:00000003] CLEAR
02:26:22>[:00000004] ./examples/recv.lua:12 recv
02:26:22>[:00000005] ./examples/send.lua:4 send
02:26:22>[:00000004] ./examples/recv.lua:16 session=0 address=5 t=liwei
02:26:22>[:00000004] ./examples/recv.lua:16 session=2 address=5 t=add12
02:26:22>[:00000004] lua call [5 to :4 : 2 msgsz = 8] error : ./lualib/cobweb.lua:522: ./lualib/cobweb.lua:160: cobweb.send invalid param number
stack traceback:
	[C]: in function 'assert'
	./lualib/cobweb.lua:522: in function 'cobweb.dispatch_message'
02:27:24>[:00000000]                  _ooOoo_  
02:27:24>[:00000000]                 o8888888o  
02:27:24>[:00000000]                 88" . "88    
02:27:24>[:00000000]                 (| -_- |)    
02:27:24>[:00000000]              ____/`---'\____   
02:27:24>[:00000000]            .'  \|     |//  `.    
02:27:24>[:00000000]            /  \|||  :  |||//  \    
02:27:24>[:00000000]           /  _||||| -:- |||||-  \    
02:27:24>[:00000000]           |   | \\  -  /// |   |    
02:27:24>[:00000000]          | \_|  ''\---/''  |   |   
02:27:24>[:00000000]           \  .-\__  `-`  ___/-. /    
02:27:24>[:00000000]          ___`. .'  /--.--\  `. . __    
02:27:24>[:00000000]       ."" '<  `.___\_<|>_/___.'  >'"".    
02:27:24>[:00000000]      | | :  `- \`.;`\ _ /`;.`/ - ` : | |    
02:27:24>[:00000000]    \  \ `-.   \_ __\ /__ _/   .-` /  /    
02:27:24>[:00000000]   =====`-.____`-.___\_____/___.-`____.-'======    
02:27:24>[:00000000]  `^^^^^^^^^^^^^^^^^^^^^^^^^^^^^^^^^^^^^^^^^^^^      
02:27:24>[:00000000]  `          佛祖保佑       永无Bug     
02:27:24>[:00000000]  `          快加工资       不改需求      
02:27:24>[:00000000] work path is E:\github\cobweb\build\Debug
02:27:24>[:00000003] ./examples/bootstrap.lua:4 boostrap
02:27:24>[:00000003] KILL self
02:27:24>[:00000003] CLEAR
02:27:24>[:00000004] ./examples/recv.lua:12 recv
02:27:24>[:00000005] ./examples/send.lua:4 send
02:27:24>[:00000004] ./examples/recv.lua:16 session=0 address=5 t=liwei
02:27:24>[:00000004] ./examples/recv.lua:16 session=2 address=5 t=add12
02:27:24>[:00000004] lua call [5 to :4 : 2 msgsz = 8] error : ./lualib/cobweb.lua:522: ./lualib/cobweb.lua:160: cobweb.send invalid param number
stack traceback:
	[C]: in function 'assert'
	./lualib/cobweb.lua:522: in function 'cobweb.dispatch_message'
02:28:46>[:00000000]                  _ooOoo_  
02:28:46>[:00000000]                 o8888888o  
02:28:46>[:00000000]                 88" . "88    
02:28:46>[:00000000]                 (| -_- |)    
02:28:46>[:00000000]              ____/`---'\____   
02:28:46>[:00000000]            .'  \|     |//  `.    
02:28:46>[:00000000]            /  \|||  :  |||//  \    
02:28:46>[:00000000]           /  _||||| -:- |||||-  \    
02:28:46>[:00000000]           |   | \\  -  /// |   |    
02:28:46>[:00000000]          | \_|  ''\---/''  |   |   
02:28:46>[:00000000]           \  .-\__  `-`  ___/-. /    
02:28:46>[:00000000]          ___`. .'  /--.--\  `. . __    
02:28:46>[:00000000]       ."" '<  `.___\_<|>_/___.'  >'"".    
02:28:46>[:00000000]      | | :  `- \`.;`\ _ /`;.`/ - ` : | |    
02:28:46>[:00000000]    \  \ `-.   \_ __\ /__ _/   .-` /  /    
02:28:46>[:00000000]   =====`-.____`-.___\_____/___.-`____.-'======    
02:28:46>[:00000000]  `^^^^^^^^^^^^^^^^^^^^^^^^^^^^^^^^^^^^^^^^^^^^      
02:28:46>[:00000000]  `          佛祖保佑       永无Bug     
02:28:46>[:00000000]  `          快加工资       不改需求      
02:28:46>[:00000000] work path is E:\github\cobweb\build\Debug
02:28:46>[:00000003] ./examples/bootstrap.lua:4 boostrap
02:28:46>[:00000003] KILL self
02:28:46>[:00000003] CLEAR
02:28:46>[:00000004] ./examples/recv.lua:12 recv
02:28:46>[:00000005] ./examples/send.lua:4 send
02:28:46>[:00000004] ./examples/recv.lua:16 session=0 address=5 t=liwei
02:28:46>[:00000004] ./examples/recv.lua:16 session=2 address=5 t=add12
02:28:46>[:00000004] lua call [5 to :4 : 2 msgsz = 8] error : ./lualib/cobweb.lua:522: ./lualib/cobweb.lua:144: ./examples/recv.lua:19: attempt to index a nil value (global 'skynet')
stack traceback:
	./examples/recv.lua:19: in upvalue 'f'
	./lualib/cobweb.lua:100: in function <./lualib/cobweb.lua:92>
stack traceback:
	[C]: in function 'assert'
	./lualib/cobweb.lua:522: in function 'cobweb.dispatch_message'
02:28:46>[:00000005] ./lualib/cobweb.lua:569 init service failed: ./lualib/cobweb.lua:305: call failed
stack traceback:
	[C]: in function 'error'
	./lualib/cobweb.lua:305: in upvalue 'yield_call'
	./lualib/cobweb.lua:316: in function 'cobweb.call'
	./examples/send.lua:6: in local 'start'
	./lualib/cobweb.lua:559: in function <./lualib/cobweb.lua:556>
	[C]: in function 'xpcall'
	./lualib/cobweb.lua:563: in function 'cobweb.pcall'
	./lualib/cobweb.lua:567: in function 'cobweb.init_service'
	./lualib/cobweb.lua:580: in upvalue 'f'
	./lualib/cobweb.lua:94: in function <./lualib/cobweb.lua:92>
02:28:46>[:00000005] KILL self
02:28:46>[:00000005] CLEAR
02:29:08>[:00000000]                  _ooOoo_  
02:29:08>[:00000000]                 o8888888o  
02:29:08>[:00000000]                 88" . "88    
02:29:08>[:00000000]                 (| -_- |)    
02:29:08>[:00000000]              ____/`---'\____   
02:29:08>[:00000000]            .'  \|     |//  `.    
02:29:08>[:00000000]            /  \|||  :  |||//  \    
02:29:08>[:00000000]           /  _||||| -:- |||||-  \    
02:29:08>[:00000000]           |   | \\  -  /// |   |    
02:29:08>[:00000000]          | \_|  ''\---/''  |   |   
02:29:08>[:00000000]           \  .-\__  `-`  ___/-. /    
02:29:08>[:00000000]          ___`. .'  /--.--\  `. . __    
02:29:08>[:00000000]       ."" '<  `.___\_<|>_/___.'  >'"".    
02:29:08>[:00000000]      | | :  `- \`.;`\ _ /`;.`/ - ` : | |    
02:29:08>[:00000000]    \  \ `-.   \_ __\ /__ _/   .-` /  /    
02:29:08>[:00000000]   =====`-.____`-.___\_____/___.-`____.-'======    
02:29:08>[:00000000]  `^^^^^^^^^^^^^^^^^^^^^^^^^^^^^^^^^^^^^^^^^^^^      
02:29:08>[:00000000]  `          佛祖保佑       永无Bug     
02:29:08>[:00000000]  `          快加工资       不改需求      
02:29:08>[:00000000] work path is E:\github\cobweb\build\Debug
02:29:08>[:00000003] ./examples/bootstrap.lua:4 boostrap
02:29:08>[:00000003] KILL self
02:29:08>[:00000003] CLEAR
02:29:08>[:00000004] ./examples/recv.lua:12 recv
02:29:08>[:00000005] ./examples/send.lua:4 send
02:29:08>[:00000004] ./examples/recv.lua:16 session=0 address=5 t=liwei
02:29:08>[:00000004] ./examples/recv.lua:16 session=2 address=5 t=add12
02:29:08>[:00000005] ./examples/send.lua:7 ret=3
02:29:08>[:00000005] KILL self
02:29:08>[:00000005] CLEAR
02:32:45>[:00000000]                  _ooOoo_  
02:32:45>[:00000000]                 o8888888o  
02:32:45>[:00000000]                 88" . "88    
02:32:45>[:00000000]                 (| -_- |)    
02:32:45>[:00000000]              ____/`---'\____   
02:32:45>[:00000000]            .'  \|     |//  `.    
02:32:45>[:00000000]            /  \|||  :  |||//  \    
02:32:45>[:00000000]           /  _||||| -:- |||||-  \    
02:32:45>[:00000000]           |   | \\  -  /// |   |    
02:32:45>[:00000000]          | \_|  ''\---/''  |   |   
02:32:45>[:00000000]           \  .-\__  `-`  ___/-. /    
02:32:45>[:00000000]          ___`. .'  /--.--\  `. . __    
02:32:45>[:00000000]       ."" '<  `.___\_<|>_/___.'  >'"".    
02:32:45>[:00000000]      | | :  `- \`.;`\ _ /`;.`/ - ` : | |    
02:32:45>[:00000000]    \  \ `-.   \_ __\ /__ _/   .-` /  /    
02:32:45>[:00000000]   =====`-.____`-.___\_____/___.-`____.-'======    
02:32:45>[:00000000]  `^^^^^^^^^^^^^^^^^^^^^^^^^^^^^^^^^^^^^^^^^^^^      
02:32:45>[:00000000]  `          佛祖保佑       永无Bug     
02:32:45>[:00000000]  `          快加工资       不改需求      
02:32:45>[:00000000] work path is E:\github\cobweb\build\Debug
02:32:45>[:00000003] ./examples/bootstrap.lua:4 boostrap
02:32:45>[:00000003] KILL self
02:32:45>[:00000003] CLEAR
02:32:46>[:00000004] ./examples/recv.lua:12 recv
02:32:46>[:00000005] ./examples/send.lua:4 send
02:32:46>[:00000004] ./examples/recv.lua:16 session=0 address=5 t=liwei
02:32:46>[:00000004] ./examples/recv.lua:16 session=2 address=5 t=add12
02:32:46>[:00000005] ./examples/send.lua:7 ret=3
02:32:46>[:00000005] KILL self
02:32:46>[:00000005] CLEAR
08:46:28>[:00000000]                  _ooOoo_  
08:46:28>[:00000000]                 o8888888o  
08:46:28>[:00000000]                 88" . "88    
08:46:28>[:00000000]                 (| -_- |)    
08:46:28>[:00000000]              ____/`---'\____   
08:46:28>[:00000000]            .'  \|     |//  `.    
08:46:28>[:00000000]            /  \|||  :  |||//  \    
08:46:28>[:00000000]           /  _||||| -:- |||||-  \    
08:46:28>[:00000000]           |   | \\  -  /// |   |    
08:46:28>[:00000000]          | \_|  ''\---/''  |   |   
08:46:28>[:00000000]           \  .-\__  `-`  ___/-. /    
08:46:28>[:00000000]          ___`. .'  /--.--\  `. . __    
08:46:28>[:00000000]       ."" '<  `.___\_<|>_/___.'  >'"".    
08:46:28>[:00000000]      | | :  `- \`.;`\ _ /`;.`/ - ` : | |    
08:46:28>[:00000000]    \  \ `-.   \_ __\ /__ _/   .-` /  /    
08:46:28>[:00000000]   =====`-.____`-.___\_____/___.-`____.-'======    
08:46:28>[:00000000]  `^^^^^^^^^^^^^^^^^^^^^^^^^^^^^^^^^^^^^^^^^^^^      
08:46:28>[:00000000]  `          佛祖保佑       永无Bug     
08:46:28>[:00000000]  `          快加工资       不改需求      
08:46:28>[:00000000] work path is E:\github\cobweb\build\Debug
08:46:28>[:00000003] ./examples/bootstrap.lua:4 boostrap
08:46:28>[:00000003] KILL self
08:46:28>[:00000003] CLEAR
08:46:28>[:00000004] ./examples/recv.lua:12 recv
08:46:28>[:00000005] ./examples/send.lua:4 send
08:46:28>[:00000004] ./examples/recv.lua:16 session=0 address=5 t=liwei
08:46:28>[:00000004] ./examples/recv.lua:16 session=2 address=5 t=add12
08:46:28>[:00000005] ./examples/send.lua:7 ret=3
08:46:28>[:00000005] KILL self
08:46:28>[:00000005] CLEAR
08:49:08>[:00000000]                  _ooOoo_  
08:49:08>[:00000000]                 o8888888o  
08:49:08>[:00000000]                 88" . "88    
08:49:08>[:00000000]                 (| -_- |)    
08:49:08>[:00000000]              ____/`---'\____   
08:49:08>[:00000000]            .'  \|     |//  `.    
08:49:08>[:00000000]            /  \|||  :  |||//  \    
08:49:08>[:00000000]           /  _||||| -:- |||||-  \    
08:49:08>[:00000000]           |   | \\  -  /// |   |    
08:49:08>[:00000000]          | \_|  ''\---/''  |   |   
08:49:08>[:00000000]           \  .-\__  `-`  ___/-. /    
08:49:08>[:00000000]          ___`. .'  /--.--\  `. . __    
08:49:08>[:00000000]       ."" '<  `.___\_<|>_/___.'  >'"".    
08:49:08>[:00000000]      | | :  `- \`.;`\ _ /`;.`/ - ` : | |    
08:49:08>[:00000000]    \  \ `-.   \_ __\ /__ _/   .-` /  /    
08:49:08>[:00000000]   =====`-.____`-.___\_____/___.-`____.-'======    
08:49:08>[:00000000]  `^^^^^^^^^^^^^^^^^^^^^^^^^^^^^^^^^^^^^^^^^^^^      
08:49:08>[:00000000]  `          佛祖保佑       永无Bug     
08:49:08>[:00000000]  `          快加工资       不改需求      
08:49:08>[:00000000] work path is E:\github\cobweb\build\Debug
08:49:09>[:00000003] ./examples/bootstrap.lua:4 boostrap
08:49:09>[:00000003] KILL self
08:49:09>[:00000003] CLEAR
08:49:09>[:00000004] ./examples/recv.lua:12 recv
08:49:09>[:00000005] ./examples/send.lua:4 send
08:49:09>[:00000004] ./examples/recv.lua:16 session=0 address=5 t=liwei
08:49:09>[:00000004] ./examples/recv.lua:16 session=2 address=5 t=add12
08:49:09>[:00000005] ./examples/send.lua:7 ret=3
08:49:09>[:00000005] KILL self
08:49:09>[:00000005] CLEAR
09:16:45>[:00000000]                  _ooOoo_  
09:16:45>[:00000000]                 o8888888o  
09:16:45>[:00000000]                 88" . "88    
09:16:45>[:00000000]                 (| -_- |)    
09:16:45>[:00000000]              ____/`---'\____   
09:16:45>[:00000000]            .'  \|     |//  `.    
09:16:45>[:00000000]            /  \|||  :  |||//  \    
09:16:45>[:00000000]           /  _||||| -:- |||||-  \    
09:16:45>[:00000000]           |   | \\  -  /// |   |    
09:16:45>[:00000000]          | \_|  ''\---/''  |   |   
09:16:45>[:00000000]           \  .-\__  `-`  ___/-. /    
09:16:45>[:00000000]          ___`. .'  /--.--\  `. . __    
09:16:45>[:00000000]       ."" '<  `.___\_<|>_/___.'  >'"".    
09:16:45>[:00000000]      | | :  `- \`.;`\ _ /`;.`/ - ` : | |    
09:16:45>[:00000000]    \  \ `-.   \_ __\ /__ _/   .-` /  /    
09:16:45>[:00000000]   =====`-.____`-.___\_____/___.-`____.-'======    
09:16:45>[:00000000]  `^^^^^^^^^^^^^^^^^^^^^^^^^^^^^^^^^^^^^^^^^^^^      
09:16:45>[:00000000]  `          佛祖保佑       永无Bug     
09:16:45>[:00000000]  `          快加工资       不改需求      
09:16:45>[:00000000] work path is E:\github\cobweb\build\Debug
09:16:45>[:00000003] ./examples/bootstrap.lua:4 boostrap
09:16:45>[:00000003] KILL self
09:16:45>[:00000003] CLEAR
09:16:46>[:00000004] ./examples/recv.lua:12 recv
09:16:46>[:00000005] ./examples/send.lua:4 send
09:16:46>[:00000004] ./examples/recv.lua:16 session=0 address=5 t=liwei
09:16:46>[:00000004] ./examples/recv.lua:16 session=2 address=5 t=add12
09:16:46>[:00000005] ./examples/send.lua:7 ret=3
09:16:46>[:00000005] KILL self
09:16:46>[:00000005] CLEAR
09:46:01>[:00000000]                  _ooOoo_  
09:46:01>[:00000000]                 o8888888o  
09:46:01>[:00000000]                 88" . "88    
09:46:01>[:00000000]                 (| -_- |)    
09:46:01>[:00000000]              ____/`---'\____   
09:46:01>[:00000000]            .'  \|     |//  `.    
09:46:01>[:00000000]            /  \|||  :  |||//  \    
09:46:01>[:00000000]           /  _||||| -:- |||||-  \    
09:46:01>[:00000000]           |   | \\  -  /// |   |    
09:46:01>[:00000000]          | \_|  ''\---/''  |   |   
09:46:01>[:00000000]           \  .-\__  `-`  ___/-. /    
09:46:01>[:00000000]          ___`. .'  /--.--\  `. . __    
09:46:01>[:00000000]       ."" '<  `.___\_<|>_/___.'  >'"".    
09:46:01>[:00000000]      | | :  `- \`.;`\ _ /`;.`/ - ` : | |    
09:46:01>[:00000000]    \  \ `-.   \_ __\ /__ _/   .-` /  /    
09:46:01>[:00000000]   =====`-.____`-.___\_____/___.-`____.-'======    
09:46:01>[:00000000]  `^^^^^^^^^^^^^^^^^^^^^^^^^^^^^^^^^^^^^^^^^^^^      
09:46:01>[:00000000]  `          佛祖保佑       永无Bug     
09:46:01>[:00000000]  `          快加工资       不改需求      
09:46:01>[:00000000] work path is E:\github\cobweb\build\Debug
09:46:01>[:00000003] ./examples/bootstrap.lua:4 boostrap
09:46:01>[:00000003] KILL self
09:46:01>[:00000003] CLEAR
09:46:02>[:00000004] ./examples/recv.lua:12 recv
09:46:02>[:00000005] ./examples/send.lua:4 send
09:46:02>[:00000004] ./examples/recv.lua:16 session=0 address=5 t=liwei
09:46:02>[:00000004] ./examples/recv.lua:16 session=2 address=5 t=add12
09:46:02>[:00000005] ./examples/send.lua:7 ret=3
09:46:02>[:00000005] KILL self
09:46:02>[:00000005] CLEAR
11:19:40>[:00000000]                  _ooOoo_  
11:19:40>[:00000000]                 o8888888o  
11:19:40>[:00000000]                 88" . "88    
11:19:40>[:00000000]                 (| -_- |)    
11:19:40>[:00000000]              ____/`---'\____   
11:19:40>[:00000000]            .'  \|     |//  `.    
11:19:40>[:00000000]            /  \|||  :  |||//  \    
11:19:40>[:00000000]           /  _||||| -:- |||||-  \    
11:19:40>[:00000000]           |   | \\  -  /// |   |    
11:19:40>[:00000000]          | \_|  ''\---/''  |   |   
11:19:40>[:00000000]           \  .-\__  `-`  ___/-. /    
11:19:40>[:00000000]          ___`. .'  /--.--\  `. . __    
11:19:40>[:00000000]       ."" '<  `.___\_<|>_/___.'  >'"".    
11:19:40>[:00000000]      | | :  `- \`.;`\ _ /`;.`/ - ` : | |    
11:19:40>[:00000000]    \  \ `-.   \_ __\ /__ _/   .-` /  /    
11:19:40>[:00000000]   =====`-.____`-.___\_____/___.-`____.-'======    
11:19:40>[:00000000]  `^^^^^^^^^^^^^^^^^^^^^^^^^^^^^^^^^^^^^^^^^^^^      
11:19:40>[:00000000]  `          佛祖保佑       永无Bug     
11:19:40>[:00000000]  `          快加工资       不改需求      
11:19:40>[:00000000] work path is E:\github\cobweb\build\Debug
11:19:40>[:00000003] ./examples/bootstrap.lua:4 boostrap
11:19:40>[:00000003] KILL self
11:19:40>[:00000003] CLEAR
11:19:41>[:00000004] ./examples/recv.lua:12 recv
11:19:41>[:00000005] ./examples/send.lua:4 send
11:19:41>[:00000004] ./examples/recv.lua:16 session=0 address=5 t=liwei
11:19:41>[:00000004] ./examples/recv.lua:16 session=2 address=5 t=add12
11:19:41>[:00000005] ./examples/send.lua:7 ret=3
11:19:41>[:00000005] KILL self
11:19:41>[:00000005] CLEAR
11:34:47>[:00000000]                  _ooOoo_  
11:34:47>[:00000000]                 o8888888o  
11:34:47>[:00000000]                 88" . "88    
11:34:47>[:00000000]                 (| -_- |)    
11:34:47>[:00000000]              ____/`---'\____   
11:34:47>[:00000000]            .'  \|     |//  `.    
11:34:47>[:00000000]            /  \|||  :  |||//  \    
11:34:47>[:00000000]           /  _||||| -:- |||||-  \    
11:34:47>[:00000000]           |   | \\  -  /// |   |    
11:34:47>[:00000000]          | \_|  ''\---/''  |   |   
11:34:47>[:00000000]           \  .-\__  `-`  ___/-. /    
11:34:47>[:00000000]          ___`. .'  /--.--\  `. . __    
11:34:47>[:00000000]       ."" '<  `.___\_<|>_/___.'  >'"".    
11:34:47>[:00000000]      | | :  `- \`.;`\ _ /`;.`/ - ` : | |    
11:34:47>[:00000000]    \  \ `-.   \_ __\ /__ _/   .-` /  /    
11:34:47>[:00000000]   =====`-.____`-.___\_____/___.-`____.-'======    
11:34:47>[:00000000]  `^^^^^^^^^^^^^^^^^^^^^^^^^^^^^^^^^^^^^^^^^^^^      
11:34:47>[:00000000]  `          佛祖保佑       永无Bug     
11:34:47>[:00000000]  `          快加工资       不改需求      
11:34:47>[:00000000] work path is E:\github\cobweb\build\Debug
11:34:47>[:00000003] ./examples/bootstrap.lua:4 boostrap
11:34:47>[:00000003] KILL self
11:34:47>[:00000003] CLEAR
11:34:47>[:00000004] ./examples/recv.lua:12 recv
11:34:47>[:00000005] ./examples/send.lua:4 send
11:34:47>[:00000004] ./examples/recv.lua:16 session=0 address=5 t=liwei
11:34:47>[:00000004] ./examples/recv.lua:16 session=2 address=5 t=add12
11:34:47>[:00000005] ./examples/send.lua:7 ret=3
11:34:47>[:00000005] KILL self
11:34:47>[:00000005] CLEAR
11:38:37>[:00000000]                  _ooOoo_  
11:38:37>[:00000000]                 o8888888o  
11:38:37>[:00000000]                 88" . "88    
11:38:37>[:00000000]                 (| -_- |)    
11:38:37>[:00000000]              ____/`---'\____   
11:38:37>[:00000000]            .'  \|     |//  `.    
11:38:37>[:00000000]            /  \|||  :  |||//  \    
11:38:37>[:00000000]           /  _||||| -:- |||||-  \    
11:38:37>[:00000000]           |   | \\  -  /// |   |    
11:38:37>[:00000000]          | \_|  ''\---/''  |   |   
11:38:37>[:00000000]           \  .-\__  `-`  ___/-. /    
11:38:37>[:00000000]          ___`. .'  /--.--\  `. . __    
11:38:37>[:00000000]       ."" '<  `.___\_<|>_/___.'  >'"".    
11:38:37>[:00000000]      | | :  `- \`.;`\ _ /`;.`/ - ` : | |    
11:38:37>[:00000000]    \  \ `-.   \_ __\ /__ _/   .-` /  /    
11:38:37>[:00000000]   =====`-.____`-.___\_____/___.-`____.-'======    
11:38:37>[:00000000]  `^^^^^^^^^^^^^^^^^^^^^^^^^^^^^^^^^^^^^^^^^^^^      
11:38:37>[:00000000]  `          佛祖保佑       永无Bug     
11:38:37>[:00000000]  `          快加工资       不改需求      
11:38:37>[:00000000] work path is E:\github\cobweb\build\Debug
11:38:37>[:00000003] ./examples/bootstrap.lua:4 boostrap
11:38:37>[:00000003] KILL self
11:38:37>[:00000003] CLEAR
11:38:37>[:00000004] ./examples/recv.lua:12 recv
11:38:37>[:00000005] ./examples/send.lua:4 send
11:38:37>[:00000004] ./examples/recv.lua:16 session=0 address=5 t=liwei
11:38:37>[:00000004] ./examples/recv.lua:16 session=2 address=5 t=add12
11:38:37>[:00000005] ./examples/send.lua:7 ret=3
11:38:37>[:00000005] KILL self
11:38:37>[:00000005] CLEAR
11:39:18>[:00000004] lua call [2 to :4 : 0 msgsz = 2060] error : ./lualib/cobweb.lua:522: ./lualib/cobweb.lua:496: attempt to call a nil value (field 'unpack')
stack traceback:
	[C]: in function 'assert'
	./lualib/cobweb.lua:522: in function 'cobweb.dispatch_message'
11:39:40>[:00000004] lua call [2 to :4 : 0 msgsz = 2060] error : ./lualib/cobweb.lua:522: ./lualib/cobweb.lua:496: attempt to call a nil value (field 'unpack')
stack traceback:
	[C]: in function 'assert'
	./lualib/cobweb.lua:522: in function 'cobweb.dispatch_message'
11:43:19>[:00000000]                  _ooOoo_  
11:43:19>[:00000000]                 o8888888o  
11:43:19>[:00000000]                 88" . "88    
11:43:19>[:00000000]                 (| -_- |)    
11:43:19>[:00000000]              ____/`---'\____   
11:43:19>[:00000000]            .'  \|     |//  `.    
11:43:19>[:00000000]            /  \|||  :  |||//  \    
11:43:19>[:00000000]           /  _||||| -:- |||||-  \    
11:43:19>[:00000000]           |   | \\  -  /// |   |    
11:43:19>[:00000000]          | \_|  ''\---/''  |   |   
11:43:19>[:00000000]           \  .-\__  `-`  ___/-. /    
11:43:19>[:00000000]          ___`. .'  /--.--\  `. . __    
11:43:19>[:00000000]       ."" '<  `.___\_<|>_/___.'  >'"".    
11:43:19>[:00000000]      | | :  `- \`.;`\ _ /`;.`/ - ` : | |    
11:43:19>[:00000000]    \  \ `-.   \_ __\ /__ _/   .-` /  /    
11:43:19>[:00000000]   =====`-.____`-.___\_____/___.-`____.-'======    
11:43:19>[:00000000]  `^^^^^^^^^^^^^^^^^^^^^^^^^^^^^^^^^^^^^^^^^^^^      
11:43:19>[:00000000]  `          佛祖保佑       永无Bug     
11:43:19>[:00000000]  `          快加工资       不改需求      
11:43:19>[:00000000] work path is E:\github\cobweb\build\Debug
11:43:19>[:00000003] ./examples/bootstrap.lua:4 boostrap
11:43:19>[:00000003] KILL self
11:43:19>[:00000003] CLEAR
11:43:19>[:00000004] ./examples/recv.lua:12 recv
11:43:19>[:00000005] ./examples/send.lua:4 send
11:43:19>[:00000004] ./examples/recv.lua:16 session=0 address=5 t=liwei
11:43:19>[:00000004] ./examples/recv.lua:16 session=2 address=5 t=add12
11:43:19>[:00000005] ./examples/send.lua:7 ret=3
11:43:19>[:00000005] KILL self
11:43:19>[:00000005] CLEAR
11:43:23>[:00000004] lua call [2 to :4 : 0 msgsz = 2060] error : ./lualib/cobweb.lua:522: ./lualib/cobweb.lua:496: attempt to call a nil value (field 'unpack')
stack traceback:
	[C]: in function 'assert'
	./lualib/cobweb.lua:522: in function 'cobweb.dispatch_message'
11:43:24>[:00000004] lua call [2 to :4 : 0 msgsz = 2060] error : ./lualib/cobweb.lua:522: ./lualib/cobweb.lua:496: attempt to call a nil value (field 'unpack')
stack traceback:
	[C]: in function 'assert'
	./lualib/cobweb.lua:522: in function 'cobweb.dispatch_message'
11:47:20>[:00000000]                  _ooOoo_  
11:47:20>[:00000000]                 o8888888o  
11:47:20>[:00000000]                 88" . "88    
11:47:20>[:00000000]                 (| -_- |)    
11:47:20>[:00000000]              ____/`---'\____   
11:47:20>[:00000000]            .'  \|     |//  `.    
11:47:20>[:00000000]            /  \|||  :  |||//  \    
11:47:20>[:00000000]           /  _||||| -:- |||||-  \    
11:47:20>[:00000000]           |   | \\  -  /// |   |    
11:47:20>[:00000000]          | \_|  ''\---/''  |   |   
11:47:20>[:00000000]           \  .-\__  `-`  ___/-. /    
11:47:20>[:00000000]          ___`. .'  /--.--\  `. . __    
11:47:20>[:00000000]       ."" '<  `.___\_<|>_/___.'  >'"".    
11:47:20>[:00000000]      | | :  `- \`.;`\ _ /`;.`/ - ` : | |    
11:47:20>[:00000000]    \  \ `-.   \_ __\ /__ _/   .-` /  /    
11:47:20>[:00000000]   =====`-.____`-.___\_____/___.-`____.-'======    
11:47:20>[:00000000]  `^^^^^^^^^^^^^^^^^^^^^^^^^^^^^^^^^^^^^^^^^^^^      
11:47:20>[:00000000]  `          佛祖保佑       永无Bug     
11:47:20>[:00000000]  `          快加工资       不改需求      
11:47:20>[:00000000] work path is E:\github\cobweb\build\Debug
11:47:20>[:00000003] ./examples/bootstrap.lua:4 boostrap
11:47:20>[:00000003] KILL self
11:47:20>[:00000003] CLEAR
11:47:20>[:00000004] ./examples/recv.lua:12 recv
11:47:20>[:00000005] ./examples/send.lua:4 send
11:47:20>[:00000004] ./examples/recv.lua:16 session=0 address=5 t=liwei
11:47:20>[:00000004] ./examples/recv.lua:16 session=2 address=5 t=add12
11:47:20>[:00000005] ./examples/send.lua:7 ret=3
11:47:20>[:00000005] KILL self
11:47:20>[:00000005] CLEAR
11:49:08>[:00000000]                  _ooOoo_  
11:49:08>[:00000000]                 o8888888o  
11:49:08>[:00000000]                 88" . "88    
11:49:08>[:00000000]                 (| -_- |)    
11:49:08>[:00000000]              ____/`---'\____   
11:49:08>[:00000000]            .'  \|     |//  `.    
11:49:08>[:00000000]            /  \|||  :  |||//  \    
11:49:08>[:00000000]           /  _||||| -:- |||||-  \    
11:49:08>[:00000000]           |   | \\  -  /// |   |    
11:49:08>[:00000000]          | \_|  ''\---/''  |   |   
11:49:08>[:00000000]           \  .-\__  `-`  ___/-. /    
11:49:08>[:00000000]          ___`. .'  /--.--\  `. . __    
11:49:08>[:00000000]       ."" '<  `.___\_<|>_/___.'  >'"".    
11:49:08>[:00000000]      | | :  `- \`.;`\ _ /`;.`/ - ` : | |    
11:49:08>[:00000000]    \  \ `-.   \_ __\ /__ _/   .-` /  /    
11:49:08>[:00000000]   =====`-.____`-.___\_____/___.-`____.-'======    
11:49:08>[:00000000]  `^^^^^^^^^^^^^^^^^^^^^^^^^^^^^^^^^^^^^^^^^^^^      
11:49:08>[:00000000]  `          佛祖保佑       永无Bug     
11:49:08>[:00000000]  `          快加工资       不改需求      
11:49:08>[:00000000] work path is E:\github\cobweb\build\Debug
11:49:08>[:00000003] lua loader error : ./examples/bootstrap.lua:2: module 'cjson' not found:
	no field package.preload['cjson']
	no file 'E:\github\cobweb\build\Debug\lua\cjson.lua'
	no file 'E:\github\cobweb\build\Debug\lua\cjson\init.lua'
	no file 'E:\github\cobweb\build\Debug\cjson.lua'
	no file 'E:\github\cobweb\build\Debug\cjson\init.lua'
	no file 'E:\github\cobweb\build\Debug\..\share\lua\5.3\cjson.lua'
	no file 'E:\github\cobweb\build\Debug\..\share\lua\5.3\cjson\init.lua'
	no file '.\cjson.lua'
	no file '.\cjson\init.lua'
	no file './lualib/cjson.lua'
	no file './lualib/cjson/init.lua'
	no file './examples/cjson.lua'
	no file 'E:\github\cobweb\build\Debug\cjson.dll'
	no file 'E:\github\cobweb\build\Debug\..\lib\lua\5.3\cjson.dll'
	no file 'E:\github\cobweb\build\Debug\loadall.dll'
	no file '.\cjson.dll'
	no file './luaclib/cjson.so'
	no file './luaclib/cjson.dll'
stack traceback:
	[C]: in function 'require'
	./examples/bootstrap.lua:2: in main chunk
	[C]: in function 'dofile'
	./lualib/loader.lua:9: in main chunk
11:49:08>[:00000003] KILL self
11:49:08>[:00000003] CLEAR
11:50:24>[:00000000]                  _ooOoo_  
11:50:24>[:00000000]                 o8888888o  
11:50:24>[:00000000]                 88" . "88    
11:50:24>[:00000000]                 (| -_- |)    
11:50:24>[:00000000]              ____/`---'\____   
11:50:24>[:00000000]            .'  \|     |//  `.    
11:50:24>[:00000000]            /  \|||  :  |||//  \    
11:50:24>[:00000000]           /  _||||| -:- |||||-  \    
11:50:24>[:00000000]           |   | \\  -  /// |   |    
11:50:24>[:00000000]          | \_|  ''\---/''  |   |   
11:50:24>[:00000000]           \  .-\__  `-`  ___/-. /    
11:50:24>[:00000000]          ___`. .'  /--.--\  `. . __    
11:50:24>[:00000000]       ."" '<  `.___\_<|>_/___.'  >'"".    
11:50:24>[:00000000]      | | :  `- \`.;`\ _ /`;.`/ - ` : | |    
11:50:24>[:00000000]    \  \ `-.   \_ __\ /__ _/   .-` /  /    
11:50:24>[:00000000]   =====`-.____`-.___\_____/___.-`____.-'======    
11:50:24>[:00000000]  `^^^^^^^^^^^^^^^^^^^^^^^^^^^^^^^^^^^^^^^^^^^^      
11:50:24>[:00000000]  `          佛祖保佑       永无Bug     
11:50:24>[:00000000]  `          快加工资       不改需求      
11:50:24>[:00000000] work path is E:\github\cobweb\build\Debug
11:50:24>[:00000003] lua loader error : error loading module 'cjson' from file './luaclib/cjson.dll':
	找不到指定的程序。

stack traceback:
	[C]: in ?
	[C]: in function 'require'
	./examples/bootstrap.lua:2: in main chunk
	[C]: in function 'dofile'
	./lualib/loader.lua:9: in main chunk
11:50:24>[:00000003] KILL self
11:50:24>[:00000003] CLEAR
13:36:06>[:00000000]                  _ooOoo_  
13:36:06>[:00000000]                 o8888888o  
13:36:06>[:00000000]                 88" . "88    
13:36:06>[:00000000]                 (| -_- |)    
13:36:06>[:00000000]              ____/`---'\____   
13:36:06>[:00000000]            .'  \|     |//  `.    
13:36:06>[:00000000]            /  \|||  :  |||//  \    
13:36:06>[:00000000]           /  _||||| -:- |||||-  \    
13:36:06>[:00000000]           |   | \\  -  /// |   |    
13:36:06>[:00000000]          | \_|  ''\---/''  |   |   
13:36:06>[:00000000]           \  .-\__  `-`  ___/-. /    
13:36:06>[:00000000]          ___`. .'  /--.--\  `. . __    
13:36:06>[:00000000]       ."" '<  `.___\_<|>_/___.'  >'"".    
13:36:06>[:00000000]      | | :  `- \`.;`\ _ /`;.`/ - ` : | |    
13:36:06>[:00000000]    \  \ `-.   \_ __\ /__ _/   .-` /  /    
13:36:06>[:00000000]   =====`-.____`-.___\_____/___.-`____.-'======    
13:36:06>[:00000000]  `^^^^^^^^^^^^^^^^^^^^^^^^^^^^^^^^^^^^^^^^^^^^      
13:36:06>[:00000000]  `          佛祖保佑       永无Bug     
13:36:06>[:00000000]  `          快加工资       不改需求      
13:36:06>[:00000000] work path is E:\github\cobweb\build\Debug
13:36:06>[:00000003] ./examples/bootstrap.lua:5 boostrap start
13:36:06>[:00000003] ./examples/bootstrap.lua:10 {"age":10,"name":"liwei"}
13:36:06>[:00000003] KILL self
13:36:06>[:00000003] CLEAR
13:36:07>[:00000004] ./examples/recv.lua:12 recv
13:36:07>[:00000005] ./examples/send.lua:4 send
13:36:07>[:00000004] ./examples/recv.lua:16 session=0 address=5 t=liwei
13:36:07>[:00000004] ./examples/recv.lua:16 session=2 address=5 t=add12
13:36:07>[:00000005] ./examples/send.lua:7 ret=3
13:36:07>[:00000005] KILL self
13:36:07>[:00000005] CLEAR
13:39:18>[:00000000]                  _ooOoo_  
13:39:18>[:00000000]                 o8888888o  
13:39:18>[:00000000]                 88" . "88    
13:39:18>[:00000000]                 (| -_- |)    
13:39:18>[:00000000]              ____/`---'\____   
13:39:18>[:00000000]            .'  \|     |//  `.    
13:39:18>[:00000000]            /  \|||  :  |||//  \    
13:39:18>[:00000000]           /  _||||| -:- |||||-  \    
13:39:18>[:00000000]           |   | \\  -  /// |   |    
13:39:18>[:00000000]          | \_|  ''\---/''  |   |   
13:39:18>[:00000000]           \  .-\__  `-`  ___/-. /    
13:39:18>[:00000000]          ___`. .'  /--.--\  `. . __    
13:39:18>[:00000000]       ."" '<  `.___\_<|>_/___.'  >'"".    
13:39:18>[:00000000]      | | :  `- \`.;`\ _ /`;.`/ - ` : | |    
13:39:18>[:00000000]    \  \ `-.   \_ __\ /__ _/   .-` /  /    
13:39:18>[:00000000]   =====`-.____`-.___\_____/___.-`____.-'======    
13:39:18>[:00000000]  `^^^^^^^^^^^^^^^^^^^^^^^^^^^^^^^^^^^^^^^^^^^^      
13:39:18>[:00000000]  `          佛祖保佑       永无Bug     
13:39:18>[:00000000]  `          快加工资       不改需求      
13:39:18>[:00000000] work path is E:\github\cobweb\build\Debug
13:39:19>[:00000003] ./examples/bootstrap.lua:5 boostrap start
13:39:19>[:00000003] ./examples/bootstrap.lua:10 {"age":10,"name":"liwei"}
13:39:19>[:00000003] KILL self
13:39:19>[:00000003] CLEAR
13:39:19>[:00000004] ./examples/recv.lua:12 recv
13:39:19>[:00000005] ./examples/send.lua:4 send
13:39:19>[:00000004] ./examples/recv.lua:16 session=0 address=5 t=liwei
13:39:19>[:00000004] ./examples/recv.lua:16 session=2 address=5 t=add12
13:39:19>[:00000005] ./examples/send.lua:7 ret=3
13:39:19>[:00000005] KILL self
13:39:19>[:00000005] CLEAR
13:41:34>[:00000000]                  _ooOoo_  
13:41:34>[:00000000]                 o8888888o  
13:41:34>[:00000000]                 88" . "88    
13:41:34>[:00000000]                 (| -_- |)    
13:41:34>[:00000000]              ____/`---'\____   
13:41:34>[:00000000]            .'  \|     |//  `.    
13:41:34>[:00000000]            /  \|||  :  |||//  \    
13:41:34>[:00000000]           /  _||||| -:- |||||-  \    
13:41:34>[:00000000]           |   | \\  -  /// |   |    
13:41:34>[:00000000]          | \_|  ''\---/''  |   |   
13:41:34>[:00000000]           \  .-\__  `-`  ___/-. /    
13:41:34>[:00000000]          ___`. .'  /--.--\  `. . __    
13:41:34>[:00000000]       ."" '<  `.___\_<|>_/___.'  >'"".    
13:41:34>[:00000000]      | | :  `- \`.;`\ _ /`;.`/ - ` : | |    
13:41:34>[:00000000]    \  \ `-.   \_ __\ /__ _/   .-` /  /    
13:41:34>[:00000000]   =====`-.____`-.___\_____/___.-`____.-'======    
13:41:34>[:00000000]  `^^^^^^^^^^^^^^^^^^^^^^^^^^^^^^^^^^^^^^^^^^^^      
13:41:34>[:00000000]  `          佛祖保佑       永无Bug     
13:41:34>[:00000000]  `          快加工资       不改需求      
13:41:34>[:00000000] work path is E:\github\cobweb\build\Debug
13:41:34>[:00000003] ./examples/bootstrap.lua:5 boostrap start
13:41:34>[:00000003] ./examples/bootstrap.lua:10 {"name":"liwei","age":10}
13:41:34>[:00000003] KILL self
13:41:34>[:00000003] CLEAR
13:41:34>[:00000004] ./examples/recv.lua:12 recv
13:41:34>[:00000005] ./examples/send.lua:4 send
13:41:34>[:00000004] ./examples/recv.lua:16 session=0 address=5 t=liwei
13:41:34>[:00000004] ./examples/recv.lua:16 session=2 address=5 t=add12
13:41:34>[:00000005] ./examples/send.lua:7 ret=3
13:41:34>[:00000005] KILL self
13:41:34>[:00000005] CLEAR
13:41:36>[:00000004] lua call [2 to :4 : 0 msgsz = 2060] error : ./lualib/cobweb.lua:522: ./lualib/cobweb.lua:496: attempt to call a nil value (field 'unpack')
stack traceback:
	[C]: in function 'assert'
	./lualib/cobweb.lua:522: in function 'cobweb.dispatch_message'
13:41:39>[:00000004] lua call [2 to :4 : 0 msgsz = 2060] error : ./lualib/cobweb.lua:522: ./lualib/cobweb.lua:496: attempt to call a nil value (field 'unpack')
stack traceback:
	[C]: in function 'assert'
	./lualib/cobweb.lua:522: in function 'cobweb.dispatch_message'
13:42:28>[:00000000]                  _ooOoo_  
13:42:28>[:00000000]                 o8888888o  
13:42:28>[:00000000]                 88" . "88    
13:42:28>[:00000000]                 (| -_- |)    
13:42:28>[:00000000]              ____/`---'\____   
13:42:28>[:00000000]            .'  \|     |//  `.    
13:42:28>[:00000000]            /  \|||  :  |||//  \    
13:42:28>[:00000000]           /  _||||| -:- |||||-  \    
13:42:28>[:00000000]           |   | \\  -  /// |   |    
13:42:28>[:00000000]          | \_|  ''\---/''  |   |   
13:42:28>[:00000000]           \  .-\__  `-`  ___/-. /    
13:42:28>[:00000000]          ___`. .'  /--.--\  `. . __    
13:42:28>[:00000000]       ."" '<  `.___\_<|>_/___.'  >'"".    
13:42:28>[:00000000]      | | :  `- \`.;`\ _ /`;.`/ - ` : | |    
13:42:28>[:00000000]    \  \ `-.   \_ __\ /__ _/   .-` /  /    
13:42:28>[:00000000]   =====`-.____`-.___\_____/___.-`____.-'======    
13:42:28>[:00000000]  `^^^^^^^^^^^^^^^^^^^^^^^^^^^^^^^^^^^^^^^^^^^^      
13:42:28>[:00000000]  `          佛祖保佑       永无Bug     
13:42:28>[:00000000]  `          快加工资       不改需求      
13:42:28>[:00000000] work path is E:\github\cobweb\build\Debug
13:42:29>[:00000003] ./examples/bootstrap.lua:5 boostrap start
13:42:29>[:00000003] ./examples/bootstrap.lua:10 {"name":"liwei","age":10}
13:42:29>[:00000003] KILL self
13:42:29>[:00000003] CLEAR
13:42:29>[:00000004] ./examples/recv.lua:12 recv
13:42:29>[:00000005] ./examples/send.lua:4 send
13:42:29>[:00000004] ./examples/recv.lua:16 session=0 address=5 t=liwei
13:42:29>[:00000004] ./examples/recv.lua:16 session=2 address=5 t=add12
13:42:29>[:00000005] ./examples/send.lua:7 ret=3
13:42:29>[:00000005] KILL self
13:42:29>[:00000005] CLEAR
13:42:32>[:00000004] ./examples/recv.lua:26 accept=220
13:42:34>[:00000004] ./examples/recv.lua:30 close=220
13:42:35>[:00000004] ./examples/recv.lua:26 accept=384
13:42:37>[:00000004] lua call [2 to :4 : 0 msgsz = 2060] error : ./lualib/cobweb.lua:522: ./lualib/cobweb.lua:144: ./examples/recv.lua:28: attempt to concatenate a nil value (global 'data')
stack traceback:
	./examples/recv.lua:28: in upvalue 'f'
	./lualib/cobweb.lua:100: in function <./lualib/cobweb.lua:92>
stack traceback:
	[C]: in function 'assert'
	./lualib/cobweb.lua:522: in function 'cobweb.dispatch_message'
