02:12:07>[:00000000]                  _ooOoo_  
02:12:07>[:00000000]                 o8888888o  
02:12:07>[:00000000]                 88" . "88    
02:12:07>[:00000000]                 (| -_- |)    
02:12:07>[:00000000]              ____/`---'\____   
02:12:07>[:00000000]            .'  \|     |//  `.    
02:12:07>[:00000000]            /  \|||  :  |||//  \    
02:12:07>[:00000000]           /  _||||| -:- |||||-  \    
02:12:07>[:00000000]           |   | \\  -  /// |   |    
02:12:07>[:00000000]          | \_|  ''\---/''  |   |   
02:12:07>[:00000000]           \  .-\__  `-`  ___/-. /    
02:12:07>[:00000000]          ___`. .'  /--.--\  `. . __    
02:12:07>[:00000000]       ."" '<  `.___\_<|>_/___.'  >'"".    
02:12:07>[:00000000]      | | :  `- \`.;`\ _ /`;.`/ - ` : | |    
02:12:07>[:00000000]    \  \ `-.   \_ __\ /__ _/   .-` /  /    
02:12:07>[:00000000]   =====`-.____`-.___\_____/___.-`____.-'======    
02:12:07>[:00000000]  `^^^^^^^^^^^^^^^^^^^^^^^^^^^^^^^^^^^^^^^^^^^^      
02:12:07>[:00000000]  `          佛祖保佑       永无Bug     
02:12:07>[:00000000]  `          快加工资       不改需求      
02:12:07>[:00000000] work path is E:\github\cobweb\build\Debug
02:12:07>[:00000003] ./examples/bootstrap.lua:4 boostrap
02:12:07>[:00000003] KILL self
02:12:07>[:00000003] CLEAR
02:12:07>[:00000004] ./examples/recv.lua:7 recv
02:12:07>[:00000005] ./examples/send.lua:4 send
02:12:07>[:00000005] KILL self
02:12:07>[:00000004] ./examples/recv.lua:10 session=0
02:12:07>[:00000005] CLEAR
10:34:22>[:00000000]                  _ooOoo_  
10:34:22>[:00000000]                 o8888888o  
10:34:22>[:00000000]                 88" . "88    
10:34:22>[:00000000]                 (| -_- |)    
10:34:22>[:00000000]              ____/`---'\____   
10:34:22>[:00000000]            .'  \|     |//  `.    
10:34:22>[:00000000]            /  \|||  :  |||//  \    
10:34:22>[:00000000]           /  _||||| -:- |||||-  \    
10:34:22>[:00000000]           |   | \\  -  /// |   |    
10:34:22>[:00000000]          | \_|  ''\---/''  |   |   
10:34:22>[:00000000]           \  .-\__  `-`  ___/-. /    
10:34:22>[:00000000]          ___`. .'  /--.--\  `. . __    
10:34:22>[:00000000]       ."" '<  `.___\_<|>_/___.'  >'"".    
10:34:22>[:00000000]      | | :  `- \`.;`\ _ /`;.`/ - ` : | |    
10:34:22>[:00000000]    \  \ `-.   \_ __\ /__ _/   .-` /  /    
10:34:22>[:00000000]   =====`-.____`-.___\_____/___.-`____.-'======    
10:34:22>[:00000000]  `^^^^^^^^^^^^^^^^^^^^^^^^^^^^^^^^^^^^^^^^^^^^      
10:34:22>[:00000000]  `          佛祖保佑       永无Bug     
10:34:22>[:00000000]  `          快加工资       不改需求      
10:34:22>[:00000000] work path is E:\github\cobweb\build\Debug
10:34:22>[:00000003] ./examples/bootstrap.lua:4 boostrap
10:34:22>[:00000003] KILL self
10:34:22>[:00000003] CLEAR
10:34:22>[:00000004] ./examples/recv.lua:7 recv
10:34:22>[:00000005] ./examples/send.lua:4 send
10:34:22>[:00000005] KILL self
10:34:22>[:00000004] ./examples/recv.lua:10 session=0
10:34:22>[:00000005] CLEAR
14:35:47>[:00000000]                  _ooOoo_  
14:35:47>[:00000000]                 o8888888o  
14:35:47>[:00000000]                 88" . "88    
14:35:47>[:00000000]                 (| -_- |)    
14:35:47>[:00000000]              ____/`---'\____   
14:35:47>[:00000000]            .'  \|     |//  `.    
14:35:47>[:00000000]            /  \|||  :  |||//  \    
14:35:47>[:00000000]           /  _||||| -:- |||||-  \    
14:35:47>[:00000000]           |   | \\  -  /// |   |    
14:35:47>[:00000000]          | \_|  ''\---/''  |   |   
14:35:47>[:00000000]           \  .-\__  `-`  ___/-. /    
14:35:47>[:00000000]          ___`. .'  /--.--\  `. . __    
14:35:47>[:00000000]       ."" '<  `.___\_<|>_/___.'  >'"".    
14:35:47>[:00000000]      | | :  `- \`.;`\ _ /`;.`/ - ` : | |    
14:35:47>[:00000000]    \  \ `-.   \_ __\ /__ _/   .-` /  /    
14:35:47>[:00000000]   =====`-.____`-.___\_____/___.-`____.-'======    
14:35:47>[:00000000]  `^^^^^^^^^^^^^^^^^^^^^^^^^^^^^^^^^^^^^^^^^^^^      
14:35:47>[:00000000]  `          佛祖保佑       永无Bug     
14:35:47>[:00000000]  `          快加工资       不改需求      
14:35:47>[:00000000] work path is E:\github\cobweb\build\Debug
14:35:47>[:00000003] lua loader error : ./lualib/engine.lua:1: module 'engine.core' not found:
	no field package.preload['engine.core']
	no file 'E:\github\cobweb\build\Debug\lua\engine\core.lua'
	no file 'E:\github\cobweb\build\Debug\lua\engine\core\init.lua'
	no file 'E:\github\cobweb\build\Debug\engine\core.lua'
	no file 'E:\github\cobweb\build\Debug\engine\core\init.lua'
	no file 'E:\github\cobweb\build\Debug\..\share\lua\5.3\engine\core.lua'
	no file 'E:\github\cobweb\build\Debug\..\share\lua\5.3\engine\core\init.lua'
	no file '.\engine\core.lua'
	no file '.\engine\core\init.lua'
	no file './lualib/engine\core.lua'
	no file './lualib/engine\core/init.lua'
	no file './examples/engine\core.lua'
	no file 'E:\github\cobweb\build\Debug\engine\core.dll'
	no file 'E:\github\cobweb\build\Debug\..\lib\lua\5.3\engine\core.dll'
	no file 'E:\github\cobweb\build\Debug\loadall.dll'
	no file '.\engine\core.dll'
	no file './luaclib/engine\core.so'
	no file './luaclib/engine\core.dll'
	no file 'E:\github\cobweb\build\Debug\engine.dll'
	no file 'E:\github\cobweb\build\Debug\..\lib\lua\5.3\engine.dll'
	no file 'E:\github\cobweb\build\Debug\loadall.dll'
	no file '.\engine.dll'
	no file './luaclib/engine.so'
	no file './luaclib/engine.dll'
stack traceback:
	[C]: in function 'require'
	./lualib/engine.lua:1: in main chunk
	[C]: in function 'require'
	./examples/bootstrap.lua:1: in main chunk
	[C]: in function 'dofile'
	./lualib/loader.lua:9: in main chunk
14:35:47>[:00000003] KILL self
14:35:47>[:00000003] CLEAR
14:38:22>[:00000000]                  _ooOoo_  
14:38:22>[:00000000]                 o8888888o  
14:38:22>[:00000000]                 88" . "88    
14:38:22>[:00000000]                 (| -_- |)    
14:38:22>[:00000000]              ____/`---'\____   
14:38:22>[:00000000]            .'  \|     |//  `.    
14:38:22>[:00000000]            /  \|||  :  |||//  \    
14:38:22>[:00000000]           /  _||||| -:- |||||-  \    
14:38:22>[:00000000]           |   | \\  -  /// |   |    
14:38:22>[:00000000]          | \_|  ''\---/''  |   |   
14:38:22>[:00000000]           \  .-\__  `-`  ___/-. /    
14:38:22>[:00000000]          ___`. .'  /--.--\  `. . __    
14:38:22>[:00000000]       ."" '<  `.___\_<|>_/___.'  >'"".    
14:38:22>[:00000000]      | | :  `- \`.;`\ _ /`;.`/ - ` : | |    
14:38:22>[:00000000]    \  \ `-.   \_ __\ /__ _/   .-` /  /    
14:38:22>[:00000000]   =====`-.____`-.___\_____/___.-`____.-'======    
14:38:22>[:00000000]  `^^^^^^^^^^^^^^^^^^^^^^^^^^^^^^^^^^^^^^^^^^^^      
14:38:22>[:00000000]  `          佛祖保佑       永无Bug     
14:38:22>[:00000000]  `          快加工资       不改需求      
14:38:22>[:00000000] work path is E:\github\cobweb\build\Debug
14:38:22>[:00000003] lua loader error : ./lualib/cobweb.lua:1: module 'cobweb.core' not found:
	no field package.preload['cobweb.core']
	no file 'E:\github\cobweb\build\Debug\lua\cobweb\core.lua'
	no file 'E:\github\cobweb\build\Debug\lua\cobweb\core\init.lua'
	no file 'E:\github\cobweb\build\Debug\cobweb\core.lua'
	no file 'E:\github\cobweb\build\Debug\cobweb\core\init.lua'
	no file 'E:\github\cobweb\build\Debug\..\share\lua\5.3\cobweb\core.lua'
	no file 'E:\github\cobweb\build\Debug\..\share\lua\5.3\cobweb\core\init.lua'
	no file '.\cobweb\core.lua'
	no file '.\cobweb\core\init.lua'
	no file './lualib/cobweb\core.lua'
	no file './lualib/cobweb\core/init.lua'
	no file './examples/cobweb\core.lua'
	no file 'E:\github\cobweb\build\Debug\cobweb\core.dll'
	no file 'E:\github\cobweb\build\Debug\..\lib\lua\5.3\cobweb\core.dll'
	no file 'E:\github\cobweb\build\Debug\loadall.dll'
	no file '.\cobweb\core.dll'
	no file './luaclib/cobweb\core.so'
	no file './luaclib/cobweb\core.dll'
	no file 'E:\github\cobweb\build\Debug\cobweb.dll'
	no file 'E:\github\cobweb\build\Debug\..\lib\lua\5.3\cobweb.dll'
	no file 'E:\github\cobweb\build\Debug\loadall.dll'
	no file '.\cobweb.dll'
	no file './luaclib/cobweb.so'
	no file './luaclib/cobweb.dll'
stack traceback:
	[C]: in function 'require'
	./lualib/cobweb.lua:1: in main chunk
	[C]: in function 'require'
	./examples/bootstrap.lua:1: in main chunk
	[C]: in function 'dofile'
	./lualib/loader.lua:9: in main chunk
14:38:22>[:00000003] KILL self
14:38:22>[:00000003] CLEAR
14:38:57>[:00000000]                  _ooOoo_  
14:38:57>[:00000000]                 o8888888o  
14:38:57>[:00000000]                 88" . "88    
14:38:57>[:00000000]                 (| -_- |)    
14:38:57>[:00000000]              ____/`---'\____   
14:38:57>[:00000000]            .'  \|     |//  `.    
14:38:57>[:00000000]            /  \|||  :  |||//  \    
14:38:57>[:00000000]           /  _||||| -:- |||||-  \    
14:38:57>[:00000000]           |   | \\  -  /// |   |    
14:38:57>[:00000000]          | \_|  ''\---/''  |   |   
14:38:57>[:00000000]           \  .-\__  `-`  ___/-. /    
14:38:57>[:00000000]          ___`. .'  /--.--\  `. . __    
14:38:57>[:00000000]       ."" '<  `.___\_<|>_/___.'  >'"".    
14:38:57>[:00000000]      | | :  `- \`.;`\ _ /`;.`/ - ` : | |    
14:38:57>[:00000000]    \  \ `-.   \_ __\ /__ _/   .-` /  /    
14:38:57>[:00000000]   =====`-.____`-.___\_____/___.-`____.-'======    
14:38:57>[:00000000]  `^^^^^^^^^^^^^^^^^^^^^^^^^^^^^^^^^^^^^^^^^^^^      
14:38:57>[:00000000]  `          佛祖保佑       永无Bug     
14:38:57>[:00000000]  `          快加工资       不改需求      
14:38:57>[:00000000] work path is E:\github\cobweb\build\Debug
14:38:57>[:00000003] lua loader error : ./lualib/cobweb.lua:1: module 'cobweb.core' not found:
	no field package.preload['cobweb.core']
	no file 'E:\github\cobweb\build\Debug\lua\cobweb\core.lua'
	no file 'E:\github\cobweb\build\Debug\lua\cobweb\core\init.lua'
	no file 'E:\github\cobweb\build\Debug\cobweb\core.lua'
	no file 'E:\github\cobweb\build\Debug\cobweb\core\init.lua'
	no file 'E:\github\cobweb\build\Debug\..\share\lua\5.3\cobweb\core.lua'
	no file 'E:\github\cobweb\build\Debug\..\share\lua\5.3\cobweb\core\init.lua'
	no file '.\cobweb\core.lua'
	no file '.\cobweb\core\init.lua'
	no file './lualib/cobweb\core.lua'
	no file './lualib/cobweb\core/init.lua'
	no file './examples/cobweb\core.lua'
	no file 'E:\github\cobweb\build\Debug\cobweb\core.dll'
	no file 'E:\github\cobweb\build\Debug\..\lib\lua\5.3\cobweb\core.dll'
	no file 'E:\github\cobweb\build\Debug\loadall.dll'
	no file '.\cobweb\core.dll'
	no file './luaclib/cobweb\core.so'
	no file './luaclib/cobweb\core.dll'
	no file 'E:\github\cobweb\build\Debug\cobweb.dll'
	no file 'E:\github\cobweb\build\Debug\..\lib\lua\5.3\cobweb.dll'
	no file 'E:\github\cobweb\build\Debug\loadall.dll'
	no file '.\cobweb.dll'
	no file './luaclib/cobweb.so'
	no file './luaclib/cobweb.dll'
stack traceback:
	[C]: in function 'require'
	./lualib/cobweb.lua:1: in main chunk
	[C]: in function 'require'
	./examples/bootstrap.lua:1: in main chunk
	[C]: in function 'dofile'
	./lualib/loader.lua:9: in main chunk
14:38:57>[:00000003] KILL self
14:38:57>[:00000003] CLEAR
14:48:59>[:00000000]                  _ooOoo_  
14:48:59>[:00000000]                 o8888888o  
14:48:59>[:00000000]                 88" . "88    
14:48:59>[:00000000]                 (| -_- |)    
14:48:59>[:00000000]              ____/`---'\____   
14:48:59>[:00000000]            .'  \|     |//  `.    
14:48:59>[:00000000]            /  \|||  :  |||//  \    
14:48:59>[:00000000]           /  _||||| -:- |||||-  \    
14:48:59>[:00000000]           |   | \\  -  /// |   |    
14:48:59>[:00000000]          | \_|  ''\---/''  |   |   
14:48:59>[:00000000]           \  .-\__  `-`  ___/-. /    
14:48:59>[:00000000]          ___`. .'  /--.--\  `. . __    
14:48:59>[:00000000]       ."" '<  `.___\_<|>_/___.'  >'"".    
14:48:59>[:00000000]      | | :  `- \`.;`\ _ /`;.`/ - ` : | |    
14:48:59>[:00000000]    \  \ `-.   \_ __\ /__ _/   .-` /  /    
14:48:59>[:00000000]   =====`-.____`-.___\_____/___.-`____.-'======    
14:48:59>[:00000000]  `^^^^^^^^^^^^^^^^^^^^^^^^^^^^^^^^^^^^^^^^^^^^      
14:48:59>[:00000000]  `          佛祖保佑       永无Bug     
14:48:59>[:00000000]  `          快加工资       不改需求      
14:48:59>[:00000000] work path is E:\github\cobweb\build\Debug
14:48:59>[:00000003] lua loader error : ./lualib/cobweb.lua:1: module 'cobweb.core' not found:
	no field package.preload['cobweb.core']
	no file 'E:\github\cobweb\build\Debug\lua\cobweb\core.lua'
	no file 'E:\github\cobweb\build\Debug\lua\cobweb\core\init.lua'
	no file 'E:\github\cobweb\build\Debug\cobweb\core.lua'
	no file 'E:\github\cobweb\build\Debug\cobweb\core\init.lua'
	no file 'E:\github\cobweb\build\Debug\..\share\lua\5.3\cobweb\core.lua'
	no file 'E:\github\cobweb\build\Debug\..\share\lua\5.3\cobweb\core\init.lua'
	no file '.\cobweb\core.lua'
	no file '.\cobweb\core\init.lua'
	no file './lualib/cobweb\core.lua'
	no file './lualib/cobweb\core/init.lua'
	no file './examples/cobweb\core.lua'
	no file 'E:\github\cobweb\build\Debug\cobweb\core.dll'
	no file 'E:\github\cobweb\build\Debug\..\lib\lua\5.3\cobweb\core.dll'
	no file 'E:\github\cobweb\build\Debug\loadall.dll'
	no file '.\cobweb\core.dll'
	no file './luaclib/cobweb\core.so'
	no file './luaclib/cobweb\core.dll'
	no file 'E:\github\cobweb\build\Debug\cobweb.dll'
	no file 'E:\github\cobweb\build\Debug\..\lib\lua\5.3\cobweb.dll'
	no file 'E:\github\cobweb\build\Debug\loadall.dll'
	no file '.\cobweb.dll'
	no file './luaclib/cobweb.so'
	no file './luaclib/cobweb.dll'
stack traceback:
	[C]: in function 'require'
	./lualib/cobweb.lua:1: in main chunk
	[C]: in function 'require'
	./examples/bootstrap.lua:1: in main chunk
	[C]: in function 'dofile'
	./lualib/loader.lua:9: in main chunk
14:48:59>[:00000003] KILL self
14:48:59>[:00000003] CLEAR
14:49:34>[:00000000]                  _ooOoo_  
14:49:34>[:00000000]                 o8888888o  
14:49:34>[:00000000]                 88" . "88    
14:49:34>[:00000000]                 (| -_- |)    
14:49:34>[:00000000]              ____/`---'\____   
14:49:34>[:00000000]            .'  \|     |//  `.    
14:49:34>[:00000000]            /  \|||  :  |||//  \    
14:49:34>[:00000000]           /  _||||| -:- |||||-  \    
14:49:34>[:00000000]           |   | \\  -  /// |   |    
14:49:34>[:00000000]          | \_|  ''\---/''  |   |   
14:49:34>[:00000000]           \  .-\__  `-`  ___/-. /    
14:49:34>[:00000000]          ___`. .'  /--.--\  `. . __    
14:49:34>[:00000000]       ."" '<  `.___\_<|>_/___.'  >'"".    
14:49:34>[:00000000]      | | :  `- \`.;`\ _ /`;.`/ - ` : | |    
14:49:34>[:00000000]    \  \ `-.   \_ __\ /__ _/   .-` /  /    
14:49:34>[:00000000]   =====`-.____`-.___\_____/___.-`____.-'======    
14:49:34>[:00000000]  `^^^^^^^^^^^^^^^^^^^^^^^^^^^^^^^^^^^^^^^^^^^^      
14:49:34>[:00000000]  `          佛祖保佑       永无Bug     
14:49:34>[:00000000]  `          快加工资       不改需求      
14:49:34>[:00000000] work path is E:\github\cobweb\build\Debug
14:49:34>[:00000003] lua loader error : ./lualib/cobweb.lua:1: module 'cobweb.core' not found:
	no field package.preload['cobweb.core']
	no file 'E:\github\cobweb\build\Debug\lua\cobweb\core.lua'
	no file 'E:\github\cobweb\build\Debug\lua\cobweb\core\init.lua'
	no file 'E:\github\cobweb\build\Debug\cobweb\core.lua'
	no file 'E:\github\cobweb\build\Debug\cobweb\core\init.lua'
	no file 'E:\github\cobweb\build\Debug\..\share\lua\5.3\cobweb\core.lua'
	no file 'E:\github\cobweb\build\Debug\..\share\lua\5.3\cobweb\core\init.lua'
	no file '.\cobweb\core.lua'
	no file '.\cobweb\core\init.lua'
	no file './lualib/cobweb\core.lua'
	no file './lualib/cobweb\core/init.lua'
	no file './examples/cobweb\core.lua'
	no file 'E:\github\cobweb\build\Debug\cobweb\core.dll'
	no file 'E:\github\cobweb\build\Debug\..\lib\lua\5.3\cobweb\core.dll'
	no file 'E:\github\cobweb\build\Debug\loadall.dll'
	no file '.\cobweb\core.dll'
	no file './luaclib/cobweb\core.so'
	no file './luaclib/cobweb\core.dll'
	no file 'E:\github\cobweb\build\Debug\cobweb.dll'
	no file 'E:\github\cobweb\build\Debug\..\lib\lua\5.3\cobweb.dll'
	no file 'E:\github\cobweb\build\Debug\loadall.dll'
	no file '.\cobweb.dll'
	no file './luaclib/cobweb.so'
	no file './luaclib/cobweb.dll'
stack traceback:
	[C]: in function 'require'
	./lualib/cobweb.lua:1: in main chunk
	[C]: in function 'require'
	./examples/bootstrap.lua:1: in main chunk
	[C]: in function 'dofile'
	./lualib/loader.lua:9: in main chunk
14:49:34>[:00000003] KILL self
14:49:34>[:00000003] CLEAR
18:47:52>[:00000000]                  _ooOoo_  
18:47:52>[:00000000]                 o8888888o  
18:47:52>[:00000000]                 88" . "88    
18:47:52>[:00000000]                 (| -_- |)    
18:47:52>[:00000000]              ____/`---'\____   
18:47:52>[:00000000]            .'  \|     |//  `.    
18:47:52>[:00000000]            /  \|||  :  |||//  \    
18:47:52>[:00000000]           /  _||||| -:- |||||-  \    
18:47:52>[:00000000]           |   | \\  -  /// |   |    
18:47:52>[:00000000]          | \_|  ''\---/''  |   |   
18:47:52>[:00000000]           \  .-\__  `-`  ___/-. /    
18:47:52>[:00000000]          ___`. .'  /--.--\  `. . __    
18:47:52>[:00000000]       ."" '<  `.___\_<|>_/___.'  >'"".    
18:47:52>[:00000000]      | | :  `- \`.;`\ _ /`;.`/ - ` : | |    
18:47:52>[:00000000]    \  \ `-.   \_ __\ /__ _/   .-` /  /    
18:47:52>[:00000000]   =====`-.____`-.___\_____/___.-`____.-'======    
18:47:52>[:00000000]  `^^^^^^^^^^^^^^^^^^^^^^^^^^^^^^^^^^^^^^^^^^^^      
18:47:52>[:00000000]  `          佛祖保佑       永无Bug     
18:47:52>[:00000000]  `          快加工资       不改需求      
18:47:52>[:00000000] work path is E:\github\cobweb\build\Debug
18:47:52>[:00000003] lua loader error : ./lualib/cobweb.lua:1: module 'cobweb.core' not found:
	no field package.preload['cobweb.core']
	no file 'E:\github\cobweb\build\Debug\lua\cobweb\core.lua'
	no file 'E:\github\cobweb\build\Debug\lua\cobweb\core\init.lua'
	no file 'E:\github\cobweb\build\Debug\cobweb\core.lua'
	no file 'E:\github\cobweb\build\Debug\cobweb\core\init.lua'
	no file 'E:\github\cobweb\build\Debug\..\share\lua\5.3\cobweb\core.lua'
	no file 'E:\github\cobweb\build\Debug\..\share\lua\5.3\cobweb\core\init.lua'
	no file '.\cobweb\core.lua'
	no file '.\cobweb\core\init.lua'
	no file './lualib/cobweb\core.lua'
	no file './lualib/cobweb\core/init.lua'
	no file './examples/cobweb\core.lua'
	no file 'E:\github\cobweb\build\Debug\cobweb\core.dll'
	no file 'E:\github\cobweb\build\Debug\..\lib\lua\5.3\cobweb\core.dll'
	no file 'E:\github\cobweb\build\Debug\loadall.dll'
	no file '.\cobweb\core.dll'
	no file './luaclib/cobweb\core.so'
	no file './luaclib/cobweb\core.dll'
	no file 'E:\github\cobweb\build\Debug\cobweb.dll'
	no file 'E:\github\cobweb\build\Debug\..\lib\lua\5.3\cobweb.dll'
	no file 'E:\github\cobweb\build\Debug\loadall.dll'
	no file '.\cobweb.dll'
	no file './luaclib/cobweb.so'
	no file './luaclib/cobweb.dll'
stack traceback:
	[C]: in function 'require'
	./lualib/cobweb.lua:1: in main chunk
	[C]: in function 'require'
	./examples/bootstrap.lua:1: in main chunk
	[C]: in function 'dofile'
	./lualib/loader.lua:9: in main chunk
18:47:52>[:00000003] KILL self
18:47:52>[:00000003] CLEAR
18:54:38>[:00000000]                  _ooOoo_  
18:54:38>[:00000000]                 o8888888o  
18:54:38>[:00000000]                 88" . "88    
18:54:38>[:00000000]                 (| -_- |)    
18:54:38>[:00000000]              ____/`---'\____   
18:54:38>[:00000000]            .'  \|     |//  `.    
18:54:38>[:00000000]            /  \|||  :  |||//  \    
18:54:38>[:00000000]           /  _||||| -:- |||||-  \    
18:54:38>[:00000000]           |   | \\  -  /// |   |    
18:54:38>[:00000000]          | \_|  ''\---/''  |   |   
18:54:38>[:00000000]           \  .-\__  `-`  ___/-. /    
18:54:38>[:00000000]          ___`. .'  /--.--\  `. . __    
18:54:38>[:00000000]       ."" '<  `.___\_<|>_/___.'  >'"".    
18:54:38>[:00000000]      | | :  `- \`.;`\ _ /`;.`/ - ` : | |    
18:54:38>[:00000000]    \  \ `-.   \_ __\ /__ _/   .-` /  /    
18:54:38>[:00000000]   =====`-.____`-.___\_____/___.-`____.-'======    
18:54:38>[:00000000]  `^^^^^^^^^^^^^^^^^^^^^^^^^^^^^^^^^^^^^^^^^^^^      
18:54:38>[:00000000]  `          佛祖保佑       永无Bug     
18:54:38>[:00000000]  `          快加工资       不改需求      
18:54:38>[:00000000] work path is E:\github\cobweb\build\Debug
18:54:38>[:00000003] lua loader error : ./lualib/cobweb.lua:1: module 'cobweb.core' not found:
	no field package.preload['cobweb.core']
	no file 'E:\github\cobweb\build\Debug\lua\cobweb\core.lua'
	no file 'E:\github\cobweb\build\Debug\lua\cobweb\core\init.lua'
	no file 'E:\github\cobweb\build\Debug\cobweb\core.lua'
	no file 'E:\github\cobweb\build\Debug\cobweb\core\init.lua'
	no file 'E:\github\cobweb\build\Debug\..\share\lua\5.3\cobweb\core.lua'
	no file 'E:\github\cobweb\build\Debug\..\share\lua\5.3\cobweb\core\init.lua'
	no file '.\cobweb\core.lua'
	no file '.\cobweb\core\init.lua'
	no file './lualib/cobweb\core.lua'
	no file './lualib/cobweb\core/init.lua'
	no file './examples/cobweb\core.lua'
	no file 'E:\github\cobweb\build\Debug\cobweb\core.dll'
	no file 'E:\github\cobweb\build\Debug\..\lib\lua\5.3\cobweb\core.dll'
	no file 'E:\github\cobweb\build\Debug\loadall.dll'
	no file '.\cobweb\core.dll'
	no file './luaclib/cobweb\core.so'
	no file './luaclib/cobweb\core.dll'
	no file 'E:\github\cobweb\build\Debug\cobweb.dll'
	no file 'E:\github\cobweb\build\Debug\..\lib\lua\5.3\cobweb.dll'
	no file 'E:\github\cobweb\build\Debug\loadall.dll'
	no file '.\cobweb.dll'
	no file './luaclib/cobweb.so'
	no file './luaclib/cobweb.dll'
stack traceback:
	[C]: in function 'require'
	./lualib/cobweb.lua:1: in main chunk
	[C]: in function 'require'
	./examples/bootstrap.lua:1: in main chunk
	[C]: in function 'dofile'
	./lualib/loader.lua:9: in main chunk
18:54:38>[:00000003] KILL self
18:54:38>[:00000003] CLEAR
18:55:36>[:00000000]                  _ooOoo_  
18:55:36>[:00000000]                 o8888888o  
18:55:36>[:00000000]                 88" . "88    
18:55:36>[:00000000]                 (| -_- |)    
18:55:36>[:00000000]              ____/`---'\____   
18:55:36>[:00000000]            .'  \|     |//  `.    
18:55:36>[:00000000]            /  \|||  :  |||//  \    
18:55:36>[:00000000]           /  _||||| -:- |||||-  \    
18:55:36>[:00000000]           |   | \\  -  /// |   |    
18:55:36>[:00000000]          | \_|  ''\---/''  |   |   
18:55:36>[:00000000]           \  .-\__  `-`  ___/-. /    
18:55:36>[:00000000]          ___`. .'  /--.--\  `. . __    
18:55:36>[:00000000]       ."" '<  `.___\_<|>_/___.'  >'"".    
18:55:36>[:00000000]      | | :  `- \`.;`\ _ /`;.`/ - ` : | |    
18:55:36>[:00000000]    \  \ `-.   \_ __\ /__ _/   .-` /  /    
18:55:36>[:00000000]   =====`-.____`-.___\_____/___.-`____.-'======    
18:55:36>[:00000000]  `^^^^^^^^^^^^^^^^^^^^^^^^^^^^^^^^^^^^^^^^^^^^      
18:55:36>[:00000000]  `          佛祖保佑       永无Bug     
18:55:36>[:00000000]  `          快加工资       不改需求      
18:55:36>[:00000000] work path is E:\github\cobweb\build\Debug
18:55:36>[:00000003] lua loader error : error loading module 'cobweb.core' from file './luaclib/cobweb\core.dll':
	找不到指定的程序。

stack traceback:
	[C]: in ?
	[C]: in function 'require'
	./lualib/cobweb.lua:1: in main chunk
	[C]: in function 'require'
	./examples/bootstrap.lua:1: in main chunk
	[C]: in function 'dofile'
	./lualib/loader.lua:9: in main chunk
18:55:36>[:00000003] KILL self
18:55:36>[:00000003] CLEAR
18:56:09>[:00000000]                  _ooOoo_  
18:56:09>[:00000000]                 o8888888o  
18:56:09>[:00000000]                 88" . "88    
18:56:09>[:00000000]                 (| -_- |)    
18:56:09>[:00000000]              ____/`---'\____   
18:56:09>[:00000000]            .'  \|     |//  `.    
18:56:09>[:00000000]            /  \|||  :  |||//  \    
18:56:09>[:00000000]           /  _||||| -:- |||||-  \    
18:56:09>[:00000000]           |   | \\  -  /// |   |    
18:56:09>[:00000000]          | \_|  ''\---/''  |   |   
18:56:09>[:00000000]           \  .-\__  `-`  ___/-. /    
18:56:09>[:00000000]          ___`. .'  /--.--\  `. . __    
18:56:09>[:00000000]       ."" '<  `.___\_<|>_/___.'  >'"".    
18:56:09>[:00000000]      | | :  `- \`.;`\ _ /`;.`/ - ` : | |    
18:56:09>[:00000000]    \  \ `-.   \_ __\ /__ _/   .-` /  /    
18:56:09>[:00000000]   =====`-.____`-.___\_____/___.-`____.-'======    
18:56:09>[:00000000]  `^^^^^^^^^^^^^^^^^^^^^^^^^^^^^^^^^^^^^^^^^^^^      
18:56:09>[:00000000]  `          佛祖保佑       永无Bug     
18:56:09>[:00000000]  `          快加工资       不改需求      
18:56:09>[:00000000] work path is E:\github\cobweb\build\Debug
18:56:09>[:00000003] lua loader error : ./lualib/cobweb.lua:1: module 'cobweb.core' not found:
	no field package.preload['cobweb.core']
	no file 'E:\github\cobweb\build\Debug\lua\cobweb\core.lua'
	no file 'E:\github\cobweb\build\Debug\lua\cobweb\core\init.lua'
	no file 'E:\github\cobweb\build\Debug\cobweb\core.lua'
	no file 'E:\github\cobweb\build\Debug\cobweb\core\init.lua'
	no file 'E:\github\cobweb\build\Debug\..\share\lua\5.3\cobweb\core.lua'
	no file 'E:\github\cobweb\build\Debug\..\share\lua\5.3\cobweb\core\init.lua'
	no file '.\cobweb\core.lua'
	no file '.\cobweb\core\init.lua'
	no file './lualib/cobweb\core.lua'
	no file './lualib/cobweb\core/init.lua'
	no file './examples/cobweb\core.lua'
	no file 'E:\github\cobweb\build\Debug\cobweb\core.dll'
	no file 'E:\github\cobweb\build\Debug\..\lib\lua\5.3\cobweb\core.dll'
	no file 'E:\github\cobweb\build\Debug\loadall.dll'
	no file '.\cobweb\core.dll'
	no file './luaclib/cobweb\core.so'
	no file './luaclib/cobweb\core.dll'
	no file 'E:\github\cobweb\build\Debug\cobweb.dll'
	no file 'E:\github\cobweb\build\Debug\..\lib\lua\5.3\cobweb.dll'
	no file 'E:\github\cobweb\build\Debug\loadall.dll'
	no file '.\cobweb.dll'
	no file './luaclib/cobweb.so'
	no file './luaclib/cobweb.dll'
stack traceback:
	[C]: in function 'require'
	./lualib/cobweb.lua:1: in main chunk
	[C]: in function 'require'
	./examples/bootstrap.lua:1: in main chunk
	[C]: in function 'dofile'
	./lualib/loader.lua:9: in main chunk
18:56:09>[:00000003] KILL self
18:56:09>[:00000003] CLEAR
18:57:34>[:00000000]                  _ooOoo_  
18:57:34>[:00000000]                 o8888888o  
18:57:34>[:00000000]                 88" . "88    
18:57:34>[:00000000]                 (| -_- |)    
18:57:34>[:00000000]              ____/`---'\____   
18:57:34>[:00000000]            .'  \|     |//  `.    
18:57:34>[:00000000]            /  \|||  :  |||//  \    
18:57:34>[:00000000]           /  _||||| -:- |||||-  \    
18:57:34>[:00000000]           |   | \\  -  /// |   |    
18:57:34>[:00000000]          | \_|  ''\---/''  |   |   
18:57:34>[:00000000]           \  .-\__  `-`  ___/-. /    
18:57:34>[:00000000]          ___`. .'  /--.--\  `. . __    
18:57:34>[:00000000]       ."" '<  `.___\_<|>_/___.'  >'"".    
18:57:34>[:00000000]      | | :  `- \`.;`\ _ /`;.`/ - ` : | |    
18:57:34>[:00000000]    \  \ `-.   \_ __\ /__ _/   .-` /  /    
18:57:34>[:00000000]   =====`-.____`-.___\_____/___.-`____.-'======    
18:57:34>[:00000000]  `^^^^^^^^^^^^^^^^^^^^^^^^^^^^^^^^^^^^^^^^^^^^      
18:57:34>[:00000000]  `          佛祖保佑       永无Bug     
18:57:34>[:00000000]  `          快加工资       不改需求      
18:57:34>[:00000000] work path is E:\github\cobweb\build\Debug
18:57:34>[:00000003] lua loader error : ./lualib/cobweb.lua:1: module 'lcobweb' not found:
	no field package.preload['lcobweb']
	no file 'E:\github\cobweb\build\Debug\lua\lcobweb.lua'
	no file 'E:\github\cobweb\build\Debug\lua\lcobweb\init.lua'
	no file 'E:\github\cobweb\build\Debug\lcobweb.lua'
	no file 'E:\github\cobweb\build\Debug\lcobweb\init.lua'
	no file 'E:\github\cobweb\build\Debug\..\share\lua\5.3\lcobweb.lua'
	no file 'E:\github\cobweb\build\Debug\..\share\lua\5.3\lcobweb\init.lua'
	no file '.\lcobweb.lua'
	no file '.\lcobweb\init.lua'
	no file './lualib/lcobweb.lua'
	no file './lualib/lcobweb/init.lua'
	no file './examples/lcobweb.lua'
	no file 'E:\github\cobweb\build\Debug\lcobweb.dll'
	no file 'E:\github\cobweb\build\Debug\..\lib\lua\5.3\lcobweb.dll'
	no file 'E:\github\cobweb\build\Debug\loadall.dll'
	no file '.\lcobweb.dll'
	no file './luaclib/lcobweb.so'
	no file './luaclib/lcobweb.dll'
stack traceback:
	[C]: in function 'require'
	./lualib/cobweb.lua:1: in main chunk
	[C]: in function 'require'
	./examples/bootstrap.lua:1: in main chunk
	[C]: in function 'dofile'
	./lualib/loader.lua:9: in main chunk
18:57:34>[:00000003] KILL self
18:57:34>[:00000003] CLEAR
18:58:59>[:00000000]                  _ooOoo_  
18:58:59>[:00000000]                 o8888888o  
18:58:59>[:00000000]                 88" . "88    
18:58:59>[:00000000]                 (| -_- |)    
18:58:59>[:00000000]              ____/`---'\____   
18:58:59>[:00000000]            .'  \|     |//  `.    
18:58:59>[:00000000]            /  \|||  :  |||//  \    
18:58:59>[:00000000]           /  _||||| -:- |||||-  \    
18:58:59>[:00000000]           |   | \\  -  /// |   |    
18:58:59>[:00000000]          | \_|  ''\---/''  |   |   
18:58:59>[:00000000]           \  .-\__  `-`  ___/-. /    
18:58:59>[:00000000]          ___`. .'  /--.--\  `. . __    
18:58:59>[:00000000]       ."" '<  `.___\_<|>_/___.'  >'"".    
18:58:59>[:00000000]      | | :  `- \`.;`\ _ /`;.`/ - ` : | |    
18:58:59>[:00000000]    \  \ `-.   \_ __\ /__ _/   .-` /  /    
18:58:59>[:00000000]   =====`-.____`-.___\_____/___.-`____.-'======    
18:58:59>[:00000000]  `^^^^^^^^^^^^^^^^^^^^^^^^^^^^^^^^^^^^^^^^^^^^      
18:58:59>[:00000000]  `          佛祖保佑       永无Bug     
18:58:59>[:00000000]  `          快加工资       不改需求      
18:58:59>[:00000000] work path is E:\github\cobweb\build\Debug
18:58:59>[:00000003] lua loader error : error loading module 'lcobweb' from file './luaclib/lcobweb.dll':
	找不到指定的程序。

stack traceback:
	[C]: in ?
	[C]: in function 'require'
	./lualib/cobweb.lua:1: in main chunk
	[C]: in function 'require'
	./examples/bootstrap.lua:1: in main chunk
	[C]: in function 'dofile'
	./lualib/loader.lua:9: in main chunk
18:58:59>[:00000003] KILL self
18:58:59>[:00000003] CLEAR
19:05:23>[:00000000]                  _ooOoo_  
19:05:23>[:00000000]                 o8888888o  
19:05:23>[:00000000]                 88" . "88    
19:05:23>[:00000000]                 (| -_- |)    
19:05:23>[:00000000]              ____/`---'\____   
19:05:23>[:00000000]            .'  \|     |//  `.    
19:05:23>[:00000000]            /  \|||  :  |||//  \    
19:05:23>[:00000000]           /  _||||| -:- |||||-  \    
19:05:23>[:00000000]           |   | \\  -  /// |   |    
19:05:23>[:00000000]          | \_|  ''\---/''  |   |   
19:05:23>[:00000000]           \  .-\__  `-`  ___/-. /    
19:05:23>[:00000000]          ___`. .'  /--.--\  `. . __    
19:05:23>[:00000000]       ."" '<  `.___\_<|>_/___.'  >'"".    
19:05:23>[:00000000]      | | :  `- \`.;`\ _ /`;.`/ - ` : | |    
19:05:23>[:00000000]    \  \ `-.   \_ __\ /__ _/   .-` /  /    
19:05:23>[:00000000]   =====`-.____`-.___\_____/___.-`____.-'======    
19:05:23>[:00000000]  `^^^^^^^^^^^^^^^^^^^^^^^^^^^^^^^^^^^^^^^^^^^^      
19:05:23>[:00000000]  `          佛祖保佑       永无Bug     
19:05:23>[:00000000]  `          快加工资       不改需求      
19:05:23>[:00000000] work path is E:\github\cobweb\build\Debug
19:05:23>[:00000003] lua loader error : error loading module 'lcobweb' from file './luaclib/lcobweb.dll':
	找不到指定的程序。

stack traceback:
	[C]: in ?
	[C]: in function 'require'
	./lualib/cobweb.lua:1: in main chunk
	[C]: in function 'require'
	./examples/bootstrap.lua:1: in main chunk
	[C]: in function 'dofile'
	./lualib/loader.lua:9: in main chunk
19:05:23>[:00000003] KILL self
19:05:23>[:00000003] CLEAR
19:06:37>[:00000000]                  _ooOoo_  
19:06:37>[:00000000]                 o8888888o  
19:06:37>[:00000000]                 88" . "88    
19:06:37>[:00000000]                 (| -_- |)    
19:06:37>[:00000000]              ____/`---'\____   
19:06:37>[:00000000]            .'  \|     |//  `.    
19:06:37>[:00000000]            /  \|||  :  |||//  \    
19:06:37>[:00000000]           /  _||||| -:- |||||-  \    
19:06:37>[:00000000]           |   | \\  -  /// |   |    
19:06:37>[:00000000]          | \_|  ''\---/''  |   |   
19:06:37>[:00000000]           \  .-\__  `-`  ___/-. /    
19:06:37>[:00000000]          ___`. .'  /--.--\  `. . __    
19:06:37>[:00000000]       ."" '<  `.___\_<|>_/___.'  >'"".    
19:06:37>[:00000000]      | | :  `- \`.;`\ _ /`;.`/ - ` : | |    
19:06:37>[:00000000]    \  \ `-.   \_ __\ /__ _/   .-` /  /    
19:06:37>[:00000000]   =====`-.____`-.___\_____/___.-`____.-'======    
19:06:37>[:00000000]  `^^^^^^^^^^^^^^^^^^^^^^^^^^^^^^^^^^^^^^^^^^^^      
19:06:37>[:00000000]  `          佛祖保佑       永无Bug     
19:06:37>[:00000000]  `          快加工资       不改需求      
19:06:37>[:00000000] work path is E:\github\cobweb\build\Debug
19:06:37>[:00000003] lua loader error : multiple Lua VMs detected
stack traceback:
	[C]: in ?
	[C]: in function 'require'
	./lualib/cobweb.lua:1: in main chunk
	[C]: in function 'require'
	./examples/bootstrap.lua:1: in main chunk
	[C]: in function 'dofile'
	./lualib/loader.lua:9: in main chunk
19:06:37>[:00000003] KILL self
19:06:37>[:00000003] CLEAR
19:55:26>[:00000000]                  _ooOoo_  
19:55:26>[:00000000]                 o8888888o  
19:55:26>[:00000000]                 88" . "88    
19:55:26>[:00000000]                 (| -_- |)    
19:55:26>[:00000000]              ____/`---'\____   
19:55:26>[:00000000]            .'  \|     |//  `.    
19:55:26>[:00000000]            /  \|||  :  |||//  \    
19:55:26>[:00000000]           /  _||||| -:- |||||-  \    
19:55:26>[:00000000]           |   | \\  -  /// |   |    
19:55:26>[:00000000]          | \_|  ''\---/''  |   |   
19:55:26>[:00000000]           \  .-\__  `-`  ___/-. /    
19:55:26>[:00000000]          ___`. .'  /--.--\  `. . __    
19:55:26>[:00000000]       ."" '<  `.___\_<|>_/___.'  >'"".    
19:55:26>[:00000000]      | | :  `- \`.;`\ _ /`;.`/ - ` : | |    
19:55:26>[:00000000]    \  \ `-.   \_ __\ /__ _/   .-` /  /    
19:55:26>[:00000000]   =====`-.____`-.___\_____/___.-`____.-'======    
19:55:26>[:00000000]  `^^^^^^^^^^^^^^^^^^^^^^^^^^^^^^^^^^^^^^^^^^^^      
19:55:26>[:00000000]  `          佛祖保佑       永无Bug     
19:55:26>[:00000000]  `          快加工资       不改需求      
19:55:26>[:00000000] work path is E:\github\cobweb\build\Debug
19:55:26>[:00000003] lua loader error : multiple Lua VMs detected
stack traceback:
	[C]: in ?
	[C]: in function 'require'
	./lualib/cobweb.lua:1: in main chunk
	[C]: in function 'require'
	./examples/bootstrap.lua:1: in main chunk
	[C]: in function 'dofile'
	./lualib/loader.lua:9: in main chunk
19:55:26>[:00000003] KILL self
19:55:26>[:00000003] CLEAR
19:58:21>[:00000000]                  _ooOoo_  
19:58:21>[:00000000]                 o8888888o  
19:58:21>[:00000000]                 88" . "88    
19:58:21>[:00000000]                 (| -_- |)    
19:58:21>[:00000000]              ____/`---'\____   
19:58:21>[:00000000]            .'  \|     |//  `.    
19:58:21>[:00000000]            /  \|||  :  |||//  \    
19:58:21>[:00000000]           /  _||||| -:- |||||-  \    
19:58:21>[:00000000]           |   | \\  -  /// |   |    
19:58:21>[:00000000]          | \_|  ''\---/''  |   |   
19:58:21>[:00000000]           \  .-\__  `-`  ___/-. /    
19:58:21>[:00000000]          ___`. .'  /--.--\  `. . __    
19:58:21>[:00000000]       ."" '<  `.___\_<|>_/___.'  >'"".    
19:58:21>[:00000000]      | | :  `- \`.;`\ _ /`;.`/ - ` : | |    
19:58:21>[:00000000]    \  \ `-.   \_ __\ /__ _/   .-` /  /    
19:58:21>[:00000000]   =====`-.____`-.___\_____/___.-`____.-'======    
19:58:21>[:00000000]  `^^^^^^^^^^^^^^^^^^^^^^^^^^^^^^^^^^^^^^^^^^^^      
19:58:21>[:00000000]  `          佛祖保佑       永无Bug     
19:58:21>[:00000000]  `          快加工资       不改需求      
19:58:21>[:00000000] work path is E:\github\cobweb\build\Debug
19:58:21>[:00000003] lua loader error : multiple Lua VMs detected
stack traceback:
	[C]: in ?
	[C]: in function 'require'
	./lualib/cobweb.lua:1: in main chunk
	[C]: in function 'require'
	./examples/bootstrap.lua:1: in main chunk
	[C]: in function 'dofile'
	./lualib/loader.lua:9: in main chunk
19:58:21>[:00000003] KILL self
19:58:21>[:00000003] CLEAR
20:11:54>[:00000000]                  _ooOoo_  
20:11:54>[:00000000]                 o8888888o  
20:11:54>[:00000000]                 88" . "88    
20:11:54>[:00000000]                 (| -_- |)    
20:11:54>[:00000000]              ____/`---'\____   
20:11:54>[:00000000]            .'  \|     |//  `.    
20:11:54>[:00000000]            /  \|||  :  |||//  \    
20:11:54>[:00000000]           /  _||||| -:- |||||-  \    
20:11:54>[:00000000]           |   | \\  -  /// |   |    
20:11:54>[:00000000]          | \_|  ''\---/''  |   |   
20:11:54>[:00000000]           \  .-\__  `-`  ___/-. /    
20:11:54>[:00000000]          ___`. .'  /--.--\  `. . __    
20:11:54>[:00000000]       ."" '<  `.___\_<|>_/___.'  >'"".    
20:11:54>[:00000000]      | | :  `- \`.;`\ _ /`;.`/ - ` : | |    
20:11:54>[:00000000]    \  \ `-.   \_ __\ /__ _/   .-` /  /    
20:11:54>[:00000000]   =====`-.____`-.___\_____/___.-`____.-'======    
20:11:54>[:00000000]  `^^^^^^^^^^^^^^^^^^^^^^^^^^^^^^^^^^^^^^^^^^^^      
20:11:54>[:00000000]  `          佛祖保佑       永无Bug     
20:11:54>[:00000000]  `          快加工资       不改需求      
20:11:54>[:00000000] work path is E:\github\cobweb\build\Debug
20:11:54>[:00000003] lua loader error : ./lualib/cobweb.lua:1: module 'lcobweb' not found:
	no field package.preload['lcobweb']
	no file 'E:\github\cobweb\build\Debug\lua\lcobweb.lua'
	no file 'E:\github\cobweb\build\Debug\lua\lcobweb\init.lua'
	no file 'E:\github\cobweb\build\Debug\lcobweb.lua'
	no file 'E:\github\cobweb\build\Debug\lcobweb\init.lua'
	no file 'E:\github\cobweb\build\Debug\..\share\lua\5.3\lcobweb.lua'
	no file 'E:\github\cobweb\build\Debug\..\share\lua\5.3\lcobweb\init.lua'
	no file '.\lcobweb.lua'
	no file '.\lcobweb\init.lua'
	no file './lualib/lcobweb.lua'
	no file './lualib/lcobweb/init.lua'
	no file './examples/lcobweb.lua'
	no file 'E:\github\cobweb\build\Debug\lcobweb.dll'
	no file 'E:\github\cobweb\build\Debug\..\lib\lua\5.3\lcobweb.dll'
	no file 'E:\github\cobweb\build\Debug\loadall.dll'
	no file '.\lcobweb.dll'
	no file './luaclib/lcobweb.so'
	no file './luaclib/lcobweb.dll'
stack traceback:
	[C]: in function 'require'
	./lualib/cobweb.lua:1: in main chunk
	[C]: in function 'require'
	./examples/bootstrap.lua:1: in main chunk
	[C]: in function 'dofile'
	./lualib/loader.lua:9: in main chunk
20:11:54>[:00000003] KILL self
20:11:54>[:00000003] CLEAR
20:12:34>[:00000000]                  _ooOoo_  
20:12:34>[:00000000]                 o8888888o  
20:12:34>[:00000000]                 88" . "88    
20:12:34>[:00000000]                 (| -_- |)    
20:12:34>[:00000000]              ____/`---'\____   
20:12:34>[:00000000]            .'  \|     |//  `.    
20:12:34>[:00000000]            /  \|||  :  |||//  \    
20:12:34>[:00000000]           /  _||||| -:- |||||-  \    
20:12:34>[:00000000]           |   | \\  -  /// |   |    
20:12:34>[:00000000]          | \_|  ''\---/''  |   |   
20:12:34>[:00000000]           \  .-\__  `-`  ___/-. /    
20:12:34>[:00000000]          ___`. .'  /--.--\  `. . __    
20:12:34>[:00000000]       ."" '<  `.___\_<|>_/___.'  >'"".    
20:12:34>[:00000000]      | | :  `- \`.;`\ _ /`;.`/ - ` : | |    
20:12:34>[:00000000]    \  \ `-.   \_ __\ /__ _/   .-` /  /    
20:12:34>[:00000000]   =====`-.____`-.___\_____/___.-`____.-'======    
20:12:34>[:00000000]  `^^^^^^^^^^^^^^^^^^^^^^^^^^^^^^^^^^^^^^^^^^^^      
20:12:34>[:00000000]  `          佛祖保佑       永无Bug     
20:12:34>[:00000000]  `          快加工资       不改需求      
20:12:34>[:00000000] work path is E:\github\cobweb\build\Debug
20:12:34>[:00000003] ./examples/bootstrap.lua:4 boostrap
20:12:34>[:00000003] KILL self
20:12:34>[:00000004] lua loader error : ./lualib/gate.lua:1: module 'engine.core' not found:
	no field package.preload['engine.core']
	no file 'E:\github\cobweb\build\Debug\lua\engine\core.lua'
	no file 'E:\github\cobweb\build\Debug\lua\engine\core\init.lua'
	no file 'E:\github\cobweb\build\Debug\engine\core.lua'
	no file 'E:\github\cobweb\build\Debug\engine\core\init.lua'
	no file 'E:\github\cobweb\build\Debug\..\share\lua\5.3\engine\core.lua'
	no file 'E:\github\cobweb\build\Debug\..\share\lua\5.3\engine\core\init.lua'
	no file '.\engine\core.lua'
	no file '.\engine\core\init.lua'
	no file './lualib/engine\core.lua'
	no file './lualib/engine\core/init.lua'
	no file './examples/engine\core.lua'
	no file 'E:\github\cobweb\build\Debug\engine\core.dll'
	no file 'E:\github\cobweb\build\Debug\..\lib\lua\5.3\engine\core.dll'
	no file 'E:\github\cobweb\build\Debug\loadall.dll'
	no file '.\engine\core.dll'
	no file './luaclib/engine\core.so'
	no file './luaclib/engine\core.dll'
	no file 'E:\github\cobweb\build\Debug\engine.dll'
	no file 'E:\github\cobweb\build\Debug\..\lib\lua\5.3\engine.dll'
	no file 'E:\github\cobweb\build\Debug\loadall.dll'
	no file '.\engine.dll'
	no file './luaclib/engine.so'
	no file './luaclib/engine.dll'
stack traceback:
	[C]: in function 'require'
	./lualib/gate.lua:1: in main chunk
	[C]: in function 'require'
	./examples/recv.lua:2: in main chunk
	[C]: in function 'dofile'
	./lualib/loader.lua:9: in main chunk
20:12:34>[:00000004] KILL self
20:12:34>[:00000003] CLEAR
20:12:34>[:00000004] CLEAR
20:12:34>[:00000005] ./examples/send.lua:4 send
20:12:34>[:00000005] KILL self
20:12:34>[:00000005] CLEAR
20:38:12>[:00000000]                  _ooOoo_  
20:38:12>[:00000000]                 o8888888o  
20:38:12>[:00000000]                 88" . "88    
20:38:12>[:00000000]                 (| -_- |)    
20:38:12>[:00000000]              ____/`---'\____   
20:38:12>[:00000000]            .'  \|     |//  `.    
20:38:12>[:00000000]            /  \|||  :  |||//  \    
20:38:12>[:00000000]           /  _||||| -:- |||||-  \    
20:38:12>[:00000000]           |   | \\  -  /// |   |    
20:38:12>[:00000000]          | \_|  ''\---/''  |   |   
20:38:12>[:00000000]           \  .-\__  `-`  ___/-. /    
20:38:12>[:00000000]          ___`. .'  /--.--\  `. . __    
20:38:12>[:00000000]       ."" '<  `.___\_<|>_/___.'  >'"".    
20:38:12>[:00000000]      | | :  `- \`.;`\ _ /`;.`/ - ` : | |    
20:38:12>[:00000000]    \  \ `-.   \_ __\ /__ _/   .-` /  /    
20:38:12>[:00000000]   =====`-.____`-.___\_____/___.-`____.-'======    
20:38:12>[:00000000]  `^^^^^^^^^^^^^^^^^^^^^^^^^^^^^^^^^^^^^^^^^^^^      
20:38:12>[:00000000]  `          佛祖保佑       永无Bug     
20:38:12>[:00000000]  `          快加工资       不改需求      
20:38:12>[:00000000] work path is E:\github\cobweb\build\Debug
20:38:12>[:00000003] ./examples/bootstrap.lua:4 boostrap
20:38:12>[:00000003] KILL self
20:38:12>[:00000004] lua loader error : ./lualib/gate.lua:3: module 'cobweb.socket' not found:
	no field package.preload['cobweb.socket']
	no file 'E:\github\cobweb\build\Debug\lua\cobweb\socket.lua'
	no file 'E:\github\cobweb\build\Debug\lua\cobweb\socket\init.lua'
	no file 'E:\github\cobweb\build\Debug\cobweb\socket.lua'
	no file 'E:\github\cobweb\build\Debug\cobweb\socket\init.lua'
	no file 'E:\github\cobweb\build\Debug\..\share\lua\5.3\cobweb\socket.lua'
	no file 'E:\github\cobweb\build\Debug\..\share\lua\5.3\cobweb\socket\init.lua'
	no file '.\cobweb\socket.lua'
	no file '.\cobweb\socket\init.lua'
	no file './lualib/cobweb\socket.lua'
	no file './lualib/cobweb\socket/init.lua'
	no file './examples/cobweb\socket.lua'
	no file 'E:\github\cobweb\build\Debug\cobweb\socket.dll'
	no file 'E:\github\cobweb\build\Debug\..\lib\lua\5.3\cobweb\socket.dll'
	no file 'E:\github\cobweb\build\Debug\loadall.dll'
	no file '.\cobweb\socket.dll'
	no file './luaclib/cobweb\socket.so'
	no file './luaclib/cobweb\socket.dll'
	no file 'E:\github\cobweb\build\Debug\cobweb.dll'
	no file 'E:\github\cobweb\build\Debug\..\lib\lua\5.3\cobweb.dll'
	no file 'E:\github\cobweb\build\Debug\loadall.dll'
	no file '.\cobweb.dll'
	no file './luaclib/cobweb.so'
	no file './luaclib/cobweb.dll'
stack traceback:
	[C]: in function 'require'
	./lualib/gate.lua:3: in main chunk
	[C]: in function 'require'
	./examples/recv.lua:2: in main chunk
	[C]: in function 'dofile'
	./lualib/loader.lua:9: in main chunk
20:38:12>[:00000004] KILL self
20:38:12>[:00000003] CLEAR
20:38:12>[:00000004] CLEAR
20:38:12>[:00000005] ./examples/send.lua:4 send
20:38:12>[:00000005] KILL self
20:38:12>[:00000005] CLEAR
20:39:54>[:00000000]                  _ooOoo_  
20:39:54>[:00000000]                 o8888888o  
20:39:54>[:00000000]                 88" . "88    
20:39:54>[:00000000]                 (| -_- |)    
20:39:54>[:00000000]              ____/`---'\____   
20:39:54>[:00000000]            .'  \|     |//  `.    
20:39:54>[:00000000]            /  \|||  :  |||//  \    
20:39:54>[:00000000]           /  _||||| -:- |||||-  \    
20:39:54>[:00000000]           |   | \\  -  /// |   |    
20:39:54>[:00000000]          | \_|  ''\---/''  |   |   
20:39:54>[:00000000]           \  .-\__  `-`  ___/-. /    
20:39:54>[:00000000]          ___`. .'  /--.--\  `. . __    
20:39:54>[:00000000]       ."" '<  `.___\_<|>_/___.'  >'"".    
20:39:54>[:00000000]      | | :  `- \`.;`\ _ /`;.`/ - ` : | |    
20:39:54>[:00000000]    \  \ `-.   \_ __\ /__ _/   .-` /  /    
20:39:54>[:00000000]   =====`-.____`-.___\_____/___.-`____.-'======    
20:39:54>[:00000000]  `^^^^^^^^^^^^^^^^^^^^^^^^^^^^^^^^^^^^^^^^^^^^      
20:39:54>[:00000000]  `          佛祖保佑       永无Bug     
20:39:54>[:00000000]  `          快加工资       不改需求      
20:39:54>[:00000000] work path is E:\github\cobweb\build\Debug
20:39:54>[:00000003] ./examples/bootstrap.lua:4 boostrap
20:39:54>[:00000003] KILL self
20:39:54>[:00000004] lua loader error : ./lualib/gate.lua:3: module 'cobweb.socket' not found:
	no field package.preload['cobweb.socket']
	no file 'E:\github\cobweb\build\Debug\lua\cobweb\socket.lua'
	no file 'E:\github\cobweb\build\Debug\lua\cobweb\socket\init.lua'
	no file 'E:\github\cobweb\build\Debug\cobweb\socket.lua'
	no file 'E:\github\cobweb\build\Debug\cobweb\socket\init.lua'
	no file 'E:\github\cobweb\build\Debug\..\share\lua\5.3\cobweb\socket.lua'
	no file 'E:\github\cobweb\build\Debug\..\share\lua\5.3\cobweb\socket\init.lua'
	no file '.\cobweb\socket.lua'
	no file '.\cobweb\socket\init.lua'
	no file './lualib/cobweb\socket.lua'
	no file './lualib/cobweb\socket/init.lua'
	no file './examples/cobweb\socket.lua'
	no file 'E:\github\cobweb\build\Debug\cobweb\socket.dll'
	no file 'E:\github\cobweb\build\Debug\..\lib\lua\5.3\cobweb\socket.dll'
	no file 'E:\github\cobweb\build\Debug\loadall.dll'
	no file '.\cobweb\socket.dll'
	no file './luaclib/cobweb\socket.so'
	no file './luaclib/cobweb\socket.dll'
	no file 'E:\github\cobweb\build\Debug\cobweb.dll'
	no file 'E:\github\cobweb\build\Debug\..\lib\lua\5.3\cobweb.dll'
	no file 'E:\github\cobweb\build\Debug\loadall.dll'
	no file '.\cobweb.dll'
	no file './luaclib/cobweb.so'
	no file './luaclib/cobweb.dll'
stack traceback:
	[C]: in function 'require'
	./lualib/gate.lua:3: in main chunk
	[C]: in function 'require'
	./examples/recv.lua:2: in main chunk
	[C]: in function 'dofile'
	./lualib/loader.lua:9: in main chunk
20:39:54>[:00000004] KILL self
20:39:54>[:00000003] CLEAR
20:39:54>[:00000004] CLEAR
20:39:54>[:00000005] ./examples/send.lua:4 send
20:39:54>[:00000005] KILL self
20:39:54>[:00000005] CLEAR
20:43:36>[:00000000]                  _ooOoo_  
20:43:36>[:00000000]                 o8888888o  
20:43:36>[:00000000]                 88" . "88    
20:43:36>[:00000000]                 (| -_- |)    
20:43:36>[:00000000]              ____/`---'\____   
20:43:36>[:00000000]            .'  \|     |//  `.    
20:43:36>[:00000000]            /  \|||  :  |||//  \    
20:43:36>[:00000000]           /  _||||| -:- |||||-  \    
20:43:36>[:00000000]           |   | \\  -  /// |   |    
20:43:36>[:00000000]          | \_|  ''\---/''  |   |   
20:43:36>[:00000000]           \  .-\__  `-`  ___/-. /    
20:43:36>[:00000000]          ___`. .'  /--.--\  `. . __    
20:43:36>[:00000000]       ."" '<  `.___\_<|>_/___.'  >'"".    
20:43:36>[:00000000]      | | :  `- \`.;`\ _ /`;.`/ - ` : | |    
20:43:36>[:00000000]    \  \ `-.   \_ __\ /__ _/   .-` /  /    
20:43:36>[:00000000]   =====`-.____`-.___\_____/___.-`____.-'======    
20:43:36>[:00000000]  `^^^^^^^^^^^^^^^^^^^^^^^^^^^^^^^^^^^^^^^^^^^^      
20:43:36>[:00000000]  `          佛祖保佑       永无Bug     
20:43:36>[:00000000]  `          快加工资       不改需求      
20:43:36>[:00000000] work path is E:\github\cobweb\build\Debug
20:43:37>[:00000003] ./examples/bootstrap.lua:4 boostrap
20:43:37>[:00000003] KILL self
20:43:37>[:00000004] lua loader error : ./lualib/gate.lua:12: attempt to index a nil value (global 'socket')
stack traceback:
	./lualib/gate.lua:12: in main chunk
	[C]: in function 'require'
	./examples/recv.lua:2: in main chunk
	[C]: in function 'dofile'
	./lualib/loader.lua:9: in main chunk
20:43:37>[:00000004] KILL self
20:43:37>[:00000003] CLEAR
20:43:37>[:00000004] CLEAR
20:43:37>[:00000005] ./examples/send.lua:4 send
20:43:37>[:00000005] KILL self
20:43:37>[:00000005] CLEAR
20:44:11>[:00000000]                  _ooOoo_  
20:44:11>[:00000000]                 o8888888o  
20:44:11>[:00000000]                 88" . "88    
20:44:11>[:00000000]                 (| -_- |)    
20:44:11>[:00000000]              ____/`---'\____   
20:44:11>[:00000000]            .'  \|     |//  `.    
20:44:11>[:00000000]            /  \|||  :  |||//  \    
20:44:11>[:00000000]           /  _||||| -:- |||||-  \    
20:44:11>[:00000000]           |   | \\  -  /// |   |    
20:44:11>[:00000000]          | \_|  ''\---/''  |   |   
20:44:11>[:00000000]           \  .-\__  `-`  ___/-. /    
20:44:11>[:00000000]          ___`. .'  /--.--\  `. . __    
20:44:11>[:00000000]       ."" '<  `.___\_<|>_/___.'  >'"".    
20:44:11>[:00000000]      | | :  `- \`.;`\ _ /`;.`/ - ` : | |    
20:44:11>[:00000000]    \  \ `-.   \_ __\ /__ _/   .-` /  /    
20:44:11>[:00000000]   =====`-.____`-.___\_____/___.-`____.-'======    
20:44:11>[:00000000]  `^^^^^^^^^^^^^^^^^^^^^^^^^^^^^^^^^^^^^^^^^^^^      
20:44:11>[:00000000]  `          佛祖保佑       永无Bug     
20:44:11>[:00000000]  `          快加工资       不改需求      
20:44:11>[:00000000] work path is E:\github\cobweb\build\Debug
20:44:11>[:00000003] ./examples/bootstrap.lua:4 boostrap
20:44:11>[:00000003] KILL self
20:44:11>[:00000003] CLEAR
20:44:11>[:00000004] ./examples/recv.lua:7 recv
20:44:11>[:00000005] ./examples/send.lua:4 send
20:44:11>[:00000005] KILL self
20:44:11>[:00000004] ./examples/recv.lua:10 session=0
20:44:11>[:00000005] CLEAR
21:08:01>[:00000000]                  _ooOoo_  
21:08:01>[:00000000]                 o8888888o  
21:08:01>[:00000000]                 88" . "88    
21:08:01>[:00000000]                 (| -_- |)    
21:08:01>[:00000000]              ____/`---'\____   
21:08:01>[:00000000]            .'  \|     |//  `.    
21:08:01>[:00000000]            /  \|||  :  |||//  \    
21:08:01>[:00000000]           /  _||||| -:- |||||-  \    
21:08:01>[:00000000]           |   | \\  -  /// |   |    
21:08:01>[:00000000]          | \_|  ''\---/''  |   |   
21:08:01>[:00000000]           \  .-\__  `-`  ___/-. /    
21:08:01>[:00000000]          ___`. .'  /--.--\  `. . __    
21:08:01>[:00000000]       ."" '<  `.___\_<|>_/___.'  >'"".    
21:08:01>[:00000000]      | | :  `- \`.;`\ _ /`;.`/ - ` : | |    
21:08:01>[:00000000]    \  \ `-.   \_ __\ /__ _/   .-` /  /    
21:08:01>[:00000000]   =====`-.____`-.___\_____/___.-`____.-'======    
21:08:01>[:00000000]  `^^^^^^^^^^^^^^^^^^^^^^^^^^^^^^^^^^^^^^^^^^^^      
21:08:01>[:00000000]  `          佛祖保佑       永无Bug     
21:08:01>[:00000000]  `          快加工资       不改需求      
21:08:01>[:00000000] work path is E:\github\cobweb\build\Debug
21:08:01>[:00000003] ./examples/bootstrap.lua:4 boostrap
21:08:01>[:00000003] KILL self
21:08:01>[:00000003] CLEAR
21:08:01>[:00000004] ./examples/recv.lua:7 recv
21:08:01>[:00000005] ./examples/send.lua:4 send
21:08:01>[:00000005] KILL self
21:08:01>[:00000004] ./examples/recv.lua:10 session=0
21:08:01>[:00000005] CLEAR
21:29:08>[:00000000]                  _ooOoo_  
21:29:08>[:00000000]                 o8888888o  
21:29:08>[:00000000]                 88" . "88    
21:29:08>[:00000000]                 (| -_- |)    
21:29:08>[:00000000]              ____/`---'\____   
21:29:08>[:00000000]            .'  \|     |//  `.    
21:29:08>[:00000000]            /  \|||  :  |||//  \    
21:29:08>[:00000000]           /  _||||| -:- |||||-  \    
21:29:08>[:00000000]           |   | \\  -  /// |   |    
21:29:08>[:00000000]          | \_|  ''\---/''  |   |   
21:29:08>[:00000000]           \  .-\__  `-`  ___/-. /    
21:29:08>[:00000000]          ___`. .'  /--.--\  `. . __    
21:29:08>[:00000000]       ."" '<  `.___\_<|>_/___.'  >'"".    
21:29:08>[:00000000]      | | :  `- \`.;`\ _ /`;.`/ - ` : | |    
21:29:08>[:00000000]    \  \ `-.   \_ __\ /__ _/   .-` /  /    
21:29:08>[:00000000]   =====`-.____`-.___\_____/___.-`____.-'======    
21:29:08>[:00000000]  `^^^^^^^^^^^^^^^^^^^^^^^^^^^^^^^^^^^^^^^^^^^^      
21:29:08>[:00000000]  `          佛祖保佑       永无Bug     
21:29:08>[:00000000]  `          快加工资       不改需求      
21:29:08>[:00000000] work path is E:\github\cobweb\build\Debug
21:29:08>[:00000003] ./examples/bootstrap.lua:4 boostrap
21:29:08>[:00000003] KILL self
21:29:08>[:00000003] CLEAR
21:29:08>[:00000004] ./examples/recv.lua:7 recv
21:29:08>[:00000005] ./examples/send.lua:4 send
21:29:08>[:00000005] KILL self
21:29:08>[:00000004] ./examples/recv.lua:10 session=0
21:29:08>[:00000005] CLEAR
21:29:54>[:00000000]                  _ooOoo_  
21:29:54>[:00000000]                 o8888888o  
21:29:54>[:00000000]                 88" . "88    
21:29:54>[:00000000]                 (| -_- |)    
21:29:54>[:00000000]              ____/`---'\____   
21:29:54>[:00000000]            .'  \|     |//  `.    
21:29:54>[:00000000]            /  \|||  :  |||//  \    
21:29:54>[:00000000]           /  _||||| -:- |||||-  \    
21:29:54>[:00000000]           |   | \\  -  /// |   |    
21:29:54>[:00000000]          | \_|  ''\---/''  |   |   
21:29:54>[:00000000]           \  .-\__  `-`  ___/-. /    
21:29:54>[:00000000]          ___`. .'  /--.--\  `. . __    
21:29:54>[:00000000]       ."" '<  `.___\_<|>_/___.'  >'"".    
21:29:54>[:00000000]      | | :  `- \`.;`\ _ /`;.`/ - ` : | |    
21:29:54>[:00000000]    \  \ `-.   \_ __\ /__ _/   .-` /  /    
21:29:54>[:00000000]   =====`-.____`-.___\_____/___.-`____.-'======    
21:29:54>[:00000000]  `^^^^^^^^^^^^^^^^^^^^^^^^^^^^^^^^^^^^^^^^^^^^      
21:29:54>[:00000000]  `          佛祖保佑       永无Bug     
21:29:54>[:00000000]  `          快加工资       不改需求      
21:29:54>[:00000000] work path is E:\github\cobweb\build\Debug
21:29:54>[:00000003] ./examples/bootstrap.lua:4 boostrap
21:29:54>[:00000003] KILL self
21:29:54>[:00000003] CLEAR
21:29:54>[:00000004] ./examples/recv.lua:7 recv
21:29:54>[:00000005] ./examples/send.lua:4 send
21:29:54>[:00000005] KILL self
21:29:54>[:00000004] ./examples/recv.lua:10 session=0
21:29:54>[:00000005] CLEAR
21:31:07>[:00000000]                  _ooOoo_  
21:31:07>[:00000000]                 o8888888o  
21:31:07>[:00000000]                 88" . "88    
21:31:07>[:00000000]                 (| -_- |)    
21:31:07>[:00000000]              ____/`---'\____   
21:31:07>[:00000000]            .'  \|     |//  `.    
21:31:07>[:00000000]            /  \|||  :  |||//  \    
21:31:07>[:00000000]           /  _||||| -:- |||||-  \    
21:31:07>[:00000000]           |   | \\  -  /// |   |    
21:31:07>[:00000000]          | \_|  ''\---/''  |   |   
21:31:07>[:00000000]           \  .-\__  `-`  ___/-. /    
21:31:07>[:00000000]          ___`. .'  /--.--\  `. . __    
21:31:07>[:00000000]       ."" '<  `.___\_<|>_/___.'  >'"".    
21:31:07>[:00000000]      | | :  `- \`.;`\ _ /`;.`/ - ` : | |    
21:31:07>[:00000000]    \  \ `-.   \_ __\ /__ _/   .-` /  /    
21:31:07>[:00000000]   =====`-.____`-.___\_____/___.-`____.-'======    
21:31:07>[:00000000]  `^^^^^^^^^^^^^^^^^^^^^^^^^^^^^^^^^^^^^^^^^^^^      
21:31:07>[:00000000]  `          佛祖保佑       永无Bug     
21:31:07>[:00000000]  `          快加工资       不改需求      
21:31:07>[:00000000] work path is E:\github\cobweb\build\Debug
21:31:07>[:00000003] ./examples/bootstrap.lua:4 boostrap
21:31:07>[:00000003] KILL self
21:31:07>[:00000003] CLEAR
21:31:07>[:00000004] ./examples/recv.lua:7 recv
21:31:07>[:00000005] ./examples/send.lua:4 send
21:31:07>[:00000005] KILL self
21:31:07>[:00000004] ./examples/recv.lua:10 session=0
21:31:07>[:00000005] CLEAR
23:22:03>[:00000000]                  _ooOoo_  
23:22:03>[:00000000]                 o8888888o  
23:22:03>[:00000000]                 88" . "88    
23:22:03>[:00000000]                 (| -_- |)    
23:22:03>[:00000000]              ____/`---'\____   
23:22:03>[:00000000]            .'  \|     |//  `.    
23:22:03>[:00000000]            /  \|||  :  |||//  \    
23:22:03>[:00000000]           /  _||||| -:- |||||-  \    
23:22:03>[:00000000]           |   | \\  -  /// |   |    
23:22:03>[:00000000]          | \_|  ''\---/''  |   |   
23:22:03>[:00000000]           \  .-\__  `-`  ___/-. /    
23:22:03>[:00000000]          ___`. .'  /--.--\  `. . __    
23:22:03>[:00000000]       ."" '<  `.___\_<|>_/___.'  >'"".    
23:22:03>[:00000000]      | | :  `- \`.;`\ _ /`;.`/ - ` : | |    
23:22:03>[:00000000]    \  \ `-.   \_ __\ /__ _/   .-` /  /    
23:22:03>[:00000000]   =====`-.____`-.___\_____/___.-`____.-'======    
23:22:03>[:00000000]  `^^^^^^^^^^^^^^^^^^^^^^^^^^^^^^^^^^^^^^^^^^^^      
23:22:03>[:00000000]  `          佛祖保佑       永无Bug     
23:22:03>[:00000000]  `          快加工资       不改需求      
23:22:03>[:00000000] work path is E:\github\cobweb\build\Debug
23:22:03>[:00000003] ./examples/bootstrap.lua:4 boostrap
23:22:03>[:00000003] KILL self
23:22:03>[:00000003] CLEAR
23:22:03>[:00000004] ./examples/recv.lua:7 recv
23:22:03>[:00000005] ./examples/send.lua:4 send
23:22:03>[:00000005] KILL self
23:22:03>[:00000004] ./examples/recv.lua:10 session=0
23:22:03>[:00000005] CLEAR
