00:01:41>[:00000000]                  _ooOoo_  
00:01:41>[:00000000]                 o8888888o  
00:01:41>[:00000000]                 88" . "88    
00:01:41>[:00000000]                 (| -_- |)    
00:01:41>[:00000000]              ____/`---'\____   
00:01:41>[:00000000]            .'  \|     |//  `.    
00:01:41>[:00000000]            /  \|||  :  |||//  \    
00:01:41>[:00000000]           /  _||||| -:- |||||-  \    
00:01:41>[:00000000]           |   | \\  -  /// |   |    
00:01:41>[:00000000]          | \_|  ''\---/''  |   |   
00:01:41>[:00000000]           \  .-\__  `-`  ___/-. /    
00:01:41>[:00000000]          ___`. .'  /--.--\  `. . __    
00:01:41>[:00000000]       ."" '<  `.___\_<|>_/___.'  >'"".    
00:01:41>[:00000000]      | | :  `- \`.;`\ _ /`;.`/ - ` : | |    
00:01:41>[:00000000]    \  \ `-.   \_ __\ /__ _/   .-` /  /    
00:01:41>[:00000000]   =====`-.____`-.___\_____/___.-`____.-'======    
00:01:41>[:00000000]  `^^^^^^^^^^^^^^^^^^^^^^^^^^^^^^^^^^^^^^^^^^^^      
00:01:41>[:00000000]  `          佛祖保佑       永无Bug     
00:01:41>[:00000000]  `          快加工资       不改需求      
00:01:41>[:00000000] work path is E:\github\cobweb\build
00:01:41>[:00000002] ./examples/bootstrap.lua:5 boostrap start
00:01:41>[:00000002] ./examples/bootstrap.lua:10 {"name":"liwei","age":10}
00:01:41>[:00000002] KILL self
00:01:42>[:00000003] ./examples/recv.lua:9 recv
00:01:42>[:00000004] ./examples/send.lua:5 send
00:01:42>[:00000003] ./examples/recv.lua:13 session=0 address=4 t=liwei
00:01:42>[:00000003] ./examples/recv.lua:13 session=2 address=4 t=add12
00:01:42>[:00000004] ./examples/send.lua:8 ret=3
00:01:42>[:00000004] KILL self
00:02:37>[:00000000]                  _ooOoo_  
00:02:37>[:00000000]                 o8888888o  
00:02:37>[:00000000]                 88" . "88    
00:02:37>[:00000000]                 (| -_- |)    
00:02:37>[:00000000]              ____/`---'\____   
00:02:37>[:00000000]            .'  \|     |//  `.    
00:02:37>[:00000000]            /  \|||  :  |||//  \    
00:02:37>[:00000000]           /  _||||| -:- |||||-  \    
00:02:37>[:00000000]           |   | \\  -  /// |   |    
00:02:37>[:00000000]          | \_|  ''\---/''  |   |   
00:02:37>[:00000000]           \  .-\__  `-`  ___/-. /    
00:02:37>[:00000000]          ___`. .'  /--.--\  `. . __    
00:02:37>[:00000000]       ."" '<  `.___\_<|>_/___.'  >'"".    
00:02:37>[:00000000]      | | :  `- \`.;`\ _ /`;.`/ - ` : | |    
00:02:37>[:00000000]    \  \ `-.   \_ __\ /__ _/   .-` /  /    
00:02:37>[:00000000]   =====`-.____`-.___\_____/___.-`____.-'======    
00:02:37>[:00000000]  `^^^^^^^^^^^^^^^^^^^^^^^^^^^^^^^^^^^^^^^^^^^^      
00:02:37>[:00000000]  `          佛祖保佑       永无Bug     
00:02:37>[:00000000]  `          快加工资       不改需求      
00:02:37>[:00000000] work path is E:\github\cobweb\build
00:02:37>[:00000002] ./examples/bootstrap.lua:5 boostrap start
00:02:37>[:00000002] ./examples/bootstrap.lua:10 {"name":"liwei","age":10}
00:02:37>[:00000002] KILL self
00:02:37>[:00000003] ./examples/recv.lua:9 recv
00:02:38>[:00000004] ./examples/send.lua:5 send
00:02:38>[:00000003] ./examples/recv.lua:13 session=0 address=4 t=liwei
00:02:38>[:00000003] ./examples/recv.lua:13 session=2 address=4 t=add12
00:02:38>[:00000004] ./examples/send.lua:8 ret=3
00:02:38>[:00000004] KILL self
00:03:17>[:00000000]                  _ooOoo_  
00:03:17>[:00000000]                 o8888888o  
00:03:17>[:00000000]                 88" . "88    
00:03:17>[:00000000]                 (| -_- |)    
00:03:17>[:00000000]              ____/`---'\____   
00:03:17>[:00000000]            .'  \|     |//  `.    
00:03:17>[:00000000]            /  \|||  :  |||//  \    
00:03:17>[:00000000]           /  _||||| -:- |||||-  \    
00:03:17>[:00000000]           |   | \\  -  /// |   |    
00:03:17>[:00000000]          | \_|  ''\---/''  |   |   
00:03:17>[:00000000]           \  .-\__  `-`  ___/-. /    
00:03:17>[:00000000]          ___`. .'  /--.--\  `. . __    
00:03:17>[:00000000]       ."" '<  `.___\_<|>_/___.'  >'"".    
00:03:17>[:00000000]      | | :  `- \`.;`\ _ /`;.`/ - ` : | |    
00:03:17>[:00000000]    \  \ `-.   \_ __\ /__ _/   .-` /  /    
00:03:17>[:00000000]   =====`-.____`-.___\_____/___.-`____.-'======    
00:03:17>[:00000000]  `^^^^^^^^^^^^^^^^^^^^^^^^^^^^^^^^^^^^^^^^^^^^      
00:03:17>[:00000000]  `          佛祖保佑       永无Bug     
00:03:17>[:00000000]  `          快加工资       不改需求      
00:03:17>[:00000000] work path is E:\github\cobweb\build
00:03:17>[:00000002] ./examples/bootstrap.lua:5 boostrap start
00:03:17>[:00000002] ./examples/bootstrap.lua:10 {"age":10,"name":"liwei"}
00:03:17>[:00000002] KILL self
00:03:17>[:00000003] ./examples/recv.lua:9 recv
00:03:18>[:00000004] ./examples/send.lua:5 send
00:03:18>[:00000003] ./examples/recv.lua:13 session=0 address=4 t=liwei
00:03:18>[:00000003] ./examples/recv.lua:13 session=2 address=4 t=add12
00:03:18>[:00000004] ./examples/send.lua:8 ret=3
00:03:18>[:00000004] KILL self
