10:25:07>[:00000000]                  _ooOoo_  
10:25:07>[:00000000]                 o8888888o  
10:25:07>[:00000000]                 88" . "88    
10:25:07>[:00000000]                 (| -_- |)    
10:25:07>[:00000000]              ____/`---'\____   
10:25:07>[:00000000]            .'  \|     |//  `.    
10:25:07>[:00000000]            /  \|||  :  |||//  \    
10:25:07>[:00000000]           /  _||||| -:- |||||-  \    
10:25:07>[:00000000]           |   | \\  -  /// |   |    
10:25:07>[:00000000]          | \_|  ''\---/''  |   |   
10:25:07>[:00000000]           \  .-\__  `-`  ___/-. /    
10:25:07>[:00000000]          ___`. .'  /--.--\  `. . __    
10:25:07>[:00000000]       ."" '<  `.___\_<|>_/___.'  >'"".    
10:25:07>[:00000000]      | | :  `- \`.;`\ _ /`;.`/ - ` : | |    
10:25:07>[:00000000]    \  \ `-.   \_ __\ /__ _/   .-` /  /    
10:25:07>[:00000000]   =====`-.____`-.___\_____/___.-`____.-'======    
10:25:07>[:00000000]  `^^^^^^^^^^^^^^^^^^^^^^^^^^^^^^^^^^^^^^^^^^^^      
10:25:07>[:00000000]  `          佛祖保佑       永无Bug     
10:25:07>[:00000000]  `          快加工资       不改需求      
10:25:07>[:00000000] work path is E:\github\cobweb\build\Debug
10:25:08>[:00000003] ./examples/bootstrap.lua:5 boostrap start
10:25:08>[:00000003] ./examples/bootstrap.lua:10 {"name":"liwei","age":10}
10:25:08>[:00000003] KILL self
10:25:08>[:00000003] CLEAR
10:25:08>[:00000004] ./examples/recv.lua:12 recv
10:25:08>[:00000005] ./examples/send.lua:4 send
10:25:08>[:00000004] ./examples/recv.lua:16 session=0 address=5 t=liwei
10:25:08>[:00000004] ./examples/recv.lua:16 session=2 address=5 t=add12
10:25:08>[:00000005] ./examples/send.lua:7 ret=3
10:25:08>[:00000005] KILL self
10:25:08>[:00000005] CLEAR
14:23:55>[:00000000]                  _ooOoo_  
14:23:55>[:00000000]                 o8888888o  
14:23:55>[:00000000]                 88" . "88    
14:23:55>[:00000000]                 (| -_- |)    
14:23:55>[:00000000]              ____/`---'\____   
14:23:55>[:00000000]            .'  \|     |//  `.    
14:23:55>[:00000000]            /  \|||  :  |||//  \    
14:23:55>[:00000000]           /  _||||| -:- |||||-  \    
14:23:55>[:00000000]           |   | \\  -  /// |   |    
14:23:55>[:00000000]          | \_|  ''\---/''  |   |   
14:23:55>[:00000000]           \  .-\__  `-`  ___/-. /    
14:23:55>[:00000000]          ___`. .'  /--.--\  `. . __    
14:23:55>[:00000000]       ."" '<  `.___\_<|>_/___.'  >'"".    
14:23:55>[:00000000]      | | :  `- \`.;`\ _ /`;.`/ - ` : | |    
14:23:55>[:00000000]    \  \ `-.   \_ __\ /__ _/   .-` /  /    
14:23:55>[:00000000]   =====`-.____`-.___\_____/___.-`____.-'======    
14:23:55>[:00000000]  `^^^^^^^^^^^^^^^^^^^^^^^^^^^^^^^^^^^^^^^^^^^^      
14:23:55>[:00000000]  `          佛祖保佑       永无Bug     
14:23:55>[:00000000]  `          快加工资       不改需求      
14:23:55>[:00000000] work path is E:\github\cobweb\build\Debug
14:23:55>[:00000003] ./examples/bootstrap.lua:5 boostrap start
14:23:55>[:00000003] ./examples/bootstrap.lua:10 {"age":10,"name":"liwei"}
14:23:55>[:00000003] KILL self
14:23:55>[:00000003] CLEAR
14:23:55>[:00000004] ./examples/recv.lua:12 recv
14:23:55>[:00000005] ./examples/send.lua:4 send
14:23:55>[:00000004] ./examples/recv.lua:16 session=0 address=5 t=liwei
14:23:55>[:00000004] ./examples/recv.lua:16 session=2 address=5 t=add12
14:23:55>[:00000005] ./examples/send.lua:7 ret=3
14:23:55>[:00000005] KILL self
14:23:55>[:00000005] CLEAR
14:24:58>[:00000000]                  _ooOoo_  
14:24:58>[:00000000]                 o8888888o  
14:24:58>[:00000000]                 88" . "88    
14:24:58>[:00000000]                 (| -_- |)    
14:24:58>[:00000000]              ____/`---'\____   
14:24:58>[:00000000]            .'  \|     |//  `.    
14:24:58>[:00000000]            /  \|||  :  |||//  \    
14:24:58>[:00000000]           /  _||||| -:- |||||-  \    
14:24:58>[:00000000]           |   | \\  -  /// |   |    
14:24:58>[:00000000]          | \_|  ''\---/''  |   |   
14:24:58>[:00000000]           \  .-\__  `-`  ___/-. /    
14:24:58>[:00000000]          ___`. .'  /--.--\  `. . __    
14:24:58>[:00000000]       ."" '<  `.___\_<|>_/___.'  >'"".    
14:24:58>[:00000000]      | | :  `- \`.;`\ _ /`;.`/ - ` : | |    
14:24:58>[:00000000]    \  \ `-.   \_ __\ /__ _/   .-` /  /    
14:24:58>[:00000000]   =====`-.____`-.___\_____/___.-`____.-'======    
14:24:58>[:00000000]  `^^^^^^^^^^^^^^^^^^^^^^^^^^^^^^^^^^^^^^^^^^^^      
14:24:58>[:00000000]  `          佛祖保佑       永无Bug     
14:24:58>[:00000000]  `          快加工资       不改需求      
14:24:58>[:00000000] work path is E:\github\cobweb\build\Debug
14:24:58>[:00000003] ./examples/bootstrap.lua:5 boostrap start
14:24:58>[:00000003] ./examples/bootstrap.lua:10 {"name":"liwei","age":10}
14:24:58>[:00000003] KILL self
14:24:58>[:00000003] KILL self
14:24:58>[:00000004] ./examples/recv.lua:12 recv
14:24:58>[:00000005] ./examples/send.lua:4 send
14:24:58>[:00000004] ./examples/recv.lua:16 session=0 address=5 t=liwei
14:24:58>[:00000004] ./examples/recv.lua:16 session=2 address=5 t=add12
14:24:58>[:00000005] ./examples/send.lua:7 ret=3
14:24:58>[:00000005] KILL self
14:24:58>[:00000005] KILL self
14:25:58>[:00000000]                  _ooOoo_  
14:25:58>[:00000000]                 o8888888o  
14:25:58>[:00000000]                 88" . "88    
14:25:58>[:00000000]                 (| -_- |)    
14:25:58>[:00000000]              ____/`---'\____   
14:25:58>[:00000000]            .'  \|     |//  `.    
14:25:58>[:00000000]            /  \|||  :  |||//  \    
14:25:58>[:00000000]           /  _||||| -:- |||||-  \    
14:25:58>[:00000000]           |   | \\  -  /// |   |    
14:25:58>[:00000000]          | \_|  ''\---/''  |   |   
14:25:58>[:00000000]           \  .-\__  `-`  ___/-. /    
14:25:58>[:00000000]          ___`. .'  /--.--\  `. . __    
14:25:58>[:00000000]       ."" '<  `.___\_<|>_/___.'  >'"".    
14:25:58>[:00000000]      | | :  `- \`.;`\ _ /`;.`/ - ` : | |    
14:25:58>[:00000000]    \  \ `-.   \_ __\ /__ _/   .-` /  /    
14:25:58>[:00000000]   =====`-.____`-.___\_____/___.-`____.-'======    
14:25:58>[:00000000]  `^^^^^^^^^^^^^^^^^^^^^^^^^^^^^^^^^^^^^^^^^^^^      
14:25:58>[:00000000]  `          佛祖保佑       永无Bug     
14:25:58>[:00000000]  `          快加工资       不改需求      
14:25:58>[:00000000] work path is E:\github\cobweb\build\Debug
14:25:58>[:00000003] ./examples/bootstrap.lua:5 boostrap start
14:25:58>[:00000003] ./examples/bootstrap.lua:10 {"age":10,"name":"liwei"}
14:25:58>[:00000003] KILL self
14:25:58>[:00000003] KILL self
14:25:59>[:00000004] ./examples/recv.lua:12 recv
14:25:59>[:00000005] ./examples/send.lua:4 send
14:25:59>[:00000004] ./examples/recv.lua:16 session=0 address=5 t=liwei
14:25:59>[:00000004] ./examples/recv.lua:16 session=2 address=5 t=add12
14:25:59>[:00000005] ./examples/send.lua:7 ret=3
14:25:59>[:00000005] KILL self
14:25:59>[:00000005] KILL self
14:26:34>[:00000000]                  _ooOoo_  
14:26:34>[:00000000]                 o8888888o  
14:26:34>[:00000000]                 88" . "88    
14:26:34>[:00000000]                 (| -_- |)    
14:26:34>[:00000000]              ____/`---'\____   
14:26:34>[:00000000]            .'  \|     |//  `.    
14:26:34>[:00000000]            /  \|||  :  |||//  \    
14:26:34>[:00000000]           /  _||||| -:- |||||-  \    
14:26:34>[:00000000]           |   | \\  -  /// |   |    
14:26:34>[:00000000]          | \_|  ''\---/''  |   |   
14:26:34>[:00000000]           \  .-\__  `-`  ___/-. /    
14:26:34>[:00000000]          ___`. .'  /--.--\  `. . __    
14:26:34>[:00000000]       ."" '<  `.___\_<|>_/___.'  >'"".    
14:26:34>[:00000000]      | | :  `- \`.;`\ _ /`;.`/ - ` : | |    
14:26:34>[:00000000]    \  \ `-.   \_ __\ /__ _/   .-` /  /    
14:26:34>[:00000000]   =====`-.____`-.___\_____/___.-`____.-'======    
14:26:34>[:00000000]  `^^^^^^^^^^^^^^^^^^^^^^^^^^^^^^^^^^^^^^^^^^^^      
14:26:34>[:00000000]  `          佛祖保佑       永无Bug     
14:26:34>[:00000000]  `          快加工资       不改需求      
14:26:34>[:00000000] work path is E:\github\cobweb\build\Debug
14:26:34>[:00000002] ./examples/bootstrap.lua:5 boostrap start
14:26:34>[:00000002] ./examples/bootstrap.lua:10 {"age":10,"name":"liwei"}
14:26:34>[:00000002] KILL self
14:26:34>[:00000002] KILL self
14:26:34>[:00000003] ./examples/recv.lua:12 recv
14:26:34>[:00000004] ./examples/send.lua:4 send
14:26:34>[:00000003] ./examples/recv.lua:16 session=0 address=4 t=liwei
14:26:34>[:00000003] ./examples/recv.lua:16 session=2 address=4 t=add12
14:26:34>[:00000004] ./examples/send.lua:7 ret=3
14:26:34>[:00000004] KILL self
14:26:34>[:00000004] KILL self
14:28:11>[:00000000]                  _ooOoo_  
14:28:11>[:00000000]                 o8888888o  
14:28:11>[:00000000]                 88" . "88    
14:28:11>[:00000000]                 (| -_- |)    
14:28:11>[:00000000]              ____/`---'\____   
14:28:11>[:00000000]            .'  \|     |//  `.    
14:28:11>[:00000000]            /  \|||  :  |||//  \    
14:28:11>[:00000000]           /  _||||| -:- |||||-  \    
14:28:11>[:00000000]           |   | \\  -  /// |   |    
14:28:11>[:00000000]          | \_|  ''\---/''  |   |   
14:28:11>[:00000000]           \  .-\__  `-`  ___/-. /    
14:28:11>[:00000000]          ___`. .'  /--.--\  `. . __    
14:28:11>[:00000000]       ."" '<  `.___\_<|>_/___.'  >'"".    
14:28:11>[:00000000]      | | :  `- \`.;`\ _ /`;.`/ - ` : | |    
14:28:11>[:00000000]    \  \ `-.   \_ __\ /__ _/   .-` /  /    
14:28:11>[:00000000]   =====`-.____`-.___\_____/___.-`____.-'======    
14:28:11>[:00000000]  `^^^^^^^^^^^^^^^^^^^^^^^^^^^^^^^^^^^^^^^^^^^^      
14:28:11>[:00000000]  `          佛祖保佑       永无Bug     
14:28:11>[:00000000]  `          快加工资       不改需求      
14:28:11>[:00000000] work path is E:\github\cobweb\build\Debug
14:28:11>[:00000002] ./examples/bootstrap.lua:5 boostrap start
14:28:11>[:00000002] ./examples/bootstrap.lua:10 {"age":10,"name":"liwei"}
14:28:11>[:00000002] KILL self
14:28:11>[:00000002] KILL self
14:28:11>[:00000003] ./examples/recv.lua:12 recv
14:28:11>[:00000004] ./examples/send.lua:4 send
14:28:11>[:00000003] ./examples/recv.lua:16 session=0 address=4 t=liwei
14:28:11>[:00000003] ./examples/recv.lua:16 session=2 address=4 t=add12
14:28:11>[:00000004] ./examples/send.lua:7 ret=3
14:28:11>[:00000004] KILL self
14:28:11>[:00000004] KILL self
14:29:46>[:00000000]                  _ooOoo_  
14:29:46>[:00000000]                 o8888888o  
14:29:46>[:00000000]                 88" . "88    
14:29:46>[:00000000]                 (| -_- |)    
14:29:46>[:00000000]              ____/`---'\____   
14:29:46>[:00000000]            .'  \|     |//  `.    
14:29:46>[:00000000]            /  \|||  :  |||//  \    
14:29:46>[:00000000]           /  _||||| -:- |||||-  \    
14:29:46>[:00000000]           |   | \\  -  /// |   |    
14:29:46>[:00000000]          | \_|  ''\---/''  |   |   
14:29:46>[:00000000]           \  .-\__  `-`  ___/-. /    
14:29:46>[:00000000]          ___`. .'  /--.--\  `. . __    
14:29:46>[:00000000]       ."" '<  `.___\_<|>_/___.'  >'"".    
14:29:46>[:00000000]      | | :  `- \`.;`\ _ /`;.`/ - ` : | |    
14:29:46>[:00000000]    \  \ `-.   \_ __\ /__ _/   .-` /  /    
14:29:46>[:00000000]   =====`-.____`-.___\_____/___.-`____.-'======    
14:29:46>[:00000000]  `^^^^^^^^^^^^^^^^^^^^^^^^^^^^^^^^^^^^^^^^^^^^      
14:29:46>[:00000000]  `          佛祖保佑       永无Bug     
14:29:46>[:00000000]  `          快加工资       不改需求      
14:29:46>[:00000000] work path is E:\github\cobweb\build\Debug
14:29:46>[:00000002] ./examples/bootstrap.lua:5 boostrap start
14:29:46>[:00000002] ./examples/bootstrap.lua:10 {"age":10,"name":"liwei"}
14:29:46>[:00000002] KILL self
14:29:46>[:00000002] KILL self
14:29:46>[:00000003] ./examples/recv.lua:12 recv
14:29:46>[:00000004] ./examples/send.lua:4 send
14:29:46>[:00000003] ./examples/recv.lua:16 session=0 address=4 t=liwei
14:29:46>[:00000003] ./examples/recv.lua:16 session=2 address=4 t=add12
14:29:46>[:00000004] ./examples/send.lua:7 ret=3
14:29:46>[:00000004] KILL self
14:29:46>[:00000004] KILL self
14:31:52>[:00000000]                  _ooOoo_  
14:31:52>[:00000000]                 o8888888o  
14:31:52>[:00000000]                 88" . "88    
14:31:52>[:00000000]                 (| -_- |)    
14:31:52>[:00000000]              ____/`---'\____   
14:31:52>[:00000000]            .'  \|     |//  `.    
14:31:52>[:00000000]            /  \|||  :  |||//  \    
14:31:52>[:00000000]           /  _||||| -:- |||||-  \    
14:31:52>[:00000000]           |   | \\  -  /// |   |    
14:31:52>[:00000000]          | \_|  ''\---/''  |   |   
14:31:52>[:00000000]           \  .-\__  `-`  ___/-. /    
14:31:52>[:00000000]          ___`. .'  /--.--\  `. . __    
14:31:52>[:00000000]       ."" '<  `.___\_<|>_/___.'  >'"".    
14:31:52>[:00000000]      | | :  `- \`.;`\ _ /`;.`/ - ` : | |    
14:31:52>[:00000000]    \  \ `-.   \_ __\ /__ _/   .-` /  /    
14:31:52>[:00000000]   =====`-.____`-.___\_____/___.-`____.-'======    
14:31:52>[:00000000]  `^^^^^^^^^^^^^^^^^^^^^^^^^^^^^^^^^^^^^^^^^^^^      
14:31:52>[:00000000]  `          佛祖保佑       永无Bug     
14:31:52>[:00000000]  `          快加工资       不改需求      
14:31:52>[:00000000] work path is E:\github\cobweb\build\Debug
14:31:52>[:00000002] ./examples/bootstrap.lua:5 boostrap start
14:31:52>[:00000002] ./examples/bootstrap.lua:10 {"name":"liwei","age":10}
14:31:52>[:00000002] KILL self
14:31:52>[:00000002] KILL self
14:31:52>[:00000003] ./examples/recv.lua:12 recv
14:31:52>[:00000004] ./examples/send.lua:4 send
14:31:52>[:00000003] ./examples/recv.lua:16 session=0 address=4 t=liwei
14:31:52>[:00000003] ./examples/recv.lua:16 session=2 address=4 t=add12
14:31:52>[:00000004] ./examples/send.lua:7 ret=3
14:31:52>[:00000004] KILL self
14:31:52>[:00000004] KILL self
14:33:07>[:00000000]                  _ooOoo_  
14:33:07>[:00000000]                 o8888888o  
14:33:07>[:00000000]                 88" . "88    
14:33:07>[:00000000]                 (| -_- |)    
14:33:07>[:00000000]              ____/`---'\____   
14:33:07>[:00000000]            .'  \|     |//  `.    
14:33:07>[:00000000]            /  \|||  :  |||//  \    
14:33:07>[:00000000]           /  _||||| -:- |||||-  \    
14:33:07>[:00000000]           |   | \\  -  /// |   |    
14:33:07>[:00000000]          | \_|  ''\---/''  |   |   
14:33:07>[:00000000]           \  .-\__  `-`  ___/-. /    
14:33:07>[:00000000]          ___`. .'  /--.--\  `. . __    
14:33:07>[:00000000]       ."" '<  `.___\_<|>_/___.'  >'"".    
14:33:07>[:00000000]      | | :  `- \`.;`\ _ /`;.`/ - ` : | |    
14:33:07>[:00000000]    \  \ `-.   \_ __\ /__ _/   .-` /  /    
14:33:07>[:00000000]   =====`-.____`-.___\_____/___.-`____.-'======    
14:33:07>[:00000000]  `^^^^^^^^^^^^^^^^^^^^^^^^^^^^^^^^^^^^^^^^^^^^      
14:33:07>[:00000000]  `          佛祖保佑       永无Bug     
14:33:07>[:00000000]  `          快加工资       不改需求      
14:33:07>[:00000000] work path is E:\github\cobweb\build\Debug
14:33:08>[:00000002] ./examples/bootstrap.lua:5 boostrap start
14:33:08>[:00000002] ./examples/bootstrap.lua:10 {"age":10,"name":"liwei"}
14:33:08>[:00000002] KILL self
14:33:08>[:00000003] ./examples/recv.lua:12 recv
14:33:08>[:00000004] ./examples/send.lua:4 send
14:33:08>[:00000003] ./examples/recv.lua:16 session=0 address=4 t=liwei
14:33:08>[:00000003] ./examples/recv.lua:16 session=2 address=4 t=add12
14:33:08>[:00000004] ./examples/send.lua:7 ret=3
14:33:08>[:00000004] KILL self
14:34:05>[:00000000]                  _ooOoo_  
14:34:05>[:00000000]                 o8888888o  
14:34:05>[:00000000]                 88" . "88    
14:34:05>[:00000000]                 (| -_- |)    
14:34:05>[:00000000]              ____/`---'\____   
14:34:05>[:00000000]            .'  \|     |//  `.    
14:34:05>[:00000000]            /  \|||  :  |||//  \    
14:34:05>[:00000000]           /  _||||| -:- |||||-  \    
14:34:05>[:00000000]           |   | \\  -  /// |   |    
14:34:05>[:00000000]          | \_|  ''\---/''  |   |   
14:34:05>[:00000000]           \  .-\__  `-`  ___/-. /    
14:34:05>[:00000000]          ___`. .'  /--.--\  `. . __    
14:34:05>[:00000000]       ."" '<  `.___\_<|>_/___.'  >'"".    
14:34:05>[:00000000]      | | :  `- \`.;`\ _ /`;.`/ - ` : | |    
14:34:05>[:00000000]    \  \ `-.   \_ __\ /__ _/   .-` /  /    
14:34:05>[:00000000]   =====`-.____`-.___\_____/___.-`____.-'======    
14:34:05>[:00000000]  `^^^^^^^^^^^^^^^^^^^^^^^^^^^^^^^^^^^^^^^^^^^^      
14:34:05>[:00000000]  `          佛祖保佑       永无Bug     
14:34:05>[:00000000]  `          快加工资       不改需求      
14:34:05>[:00000000] work path is E:\github\cobweb\build\Debug
14:34:05>[:00000002] ./examples/bootstrap.lua:5 boostrap start
14:34:05>[:00000002] ./examples/bootstrap.lua:10 {"age":10,"name":"liwei"}
14:34:05>[:00000002] KILL self
14:34:05>[:00000003] ./lualib/cobweb.lua:569 init service failed: ./examples/recv.lua:10: attempt to index a nil value (global 'gate')
stack traceback:
	./examples/recv.lua:10: in local 'start'
	./lualib/cobweb.lua:559: in function <./lualib/cobweb.lua:556>
	[C]: in function 'xpcall'
	./lualib/cobweb.lua:563: in function 'cobweb.pcall'
	./lualib/cobweb.lua:567: in function 'cobweb.init_service'
	./lualib/cobweb.lua:580: in upvalue 'f'
	./lualib/cobweb.lua:94: in function <./lualib/cobweb.lua:92>
14:34:05>[:00000003] KILL self
14:34:05>[:00000004] ./examples/send.lua:4 send
14:34:32>[:00000000]                  _ooOoo_  
14:34:32>[:00000000]                 o8888888o  
14:34:32>[:00000000]                 88" . "88    
14:34:32>[:00000000]                 (| -_- |)    
14:34:32>[:00000000]              ____/`---'\____   
14:34:32>[:00000000]            .'  \|     |//  `.    
14:34:32>[:00000000]            /  \|||  :  |||//  \    
14:34:32>[:00000000]           /  _||||| -:- |||||-  \    
14:34:32>[:00000000]           |   | \\  -  /// |   |    
14:34:32>[:00000000]          | \_|  ''\---/''  |   |   
14:34:32>[:00000000]           \  .-\__  `-`  ___/-. /    
14:34:32>[:00000000]          ___`. .'  /--.--\  `. . __    
14:34:32>[:00000000]       ."" '<  `.___\_<|>_/___.'  >'"".    
14:34:32>[:00000000]      | | :  `- \`.;`\ _ /`;.`/ - ` : | |    
14:34:32>[:00000000]    \  \ `-.   \_ __\ /__ _/   .-` /  /    
14:34:32>[:00000000]   =====`-.____`-.___\_____/___.-`____.-'======    
14:34:32>[:00000000]  `^^^^^^^^^^^^^^^^^^^^^^^^^^^^^^^^^^^^^^^^^^^^      
14:34:32>[:00000000]  `          佛祖保佑       永无Bug     
14:34:32>[:00000000]  `          快加工资       不改需求      
14:34:32>[:00000000] work path is E:\github\cobweb\build\Debug
14:34:32>[:00000002] ./examples/bootstrap.lua:5 boostrap start
14:34:32>[:00000002] ./examples/bootstrap.lua:10 {"age":10,"name":"liwei"}
14:34:32>[:00000002] KILL self
14:34:33>[:00000003] ./examples/recv.lua:10 recv
14:34:33>[:00000004] ./examples/send.lua:4 send
14:34:33>[:00000003] ./examples/recv.lua:14 session=0 address=4 t=liwei
14:34:33>[:00000003] ./examples/recv.lua:14 session=2 address=4 t=add12
14:34:33>[:00000004] ./examples/send.lua:7 ret=3
14:34:33>[:00000004] KILL self
14:36:06>[:00000000]                  _ooOoo_  
14:36:06>[:00000000]                 o8888888o  
14:36:06>[:00000000]                 88" . "88    
14:36:06>[:00000000]                 (| -_- |)    
14:36:06>[:00000000]              ____/`---'\____   
14:36:06>[:00000000]            .'  \|     |//  `.    
14:36:06>[:00000000]            /  \|||  :  |||//  \    
14:36:06>[:00000000]           /  _||||| -:- |||||-  \    
14:36:06>[:00000000]           |   | \\  -  /// |   |    
14:36:06>[:00000000]          | \_|  ''\---/''  |   |   
14:36:06>[:00000000]           \  .-\__  `-`  ___/-. /    
14:36:06>[:00000000]          ___`. .'  /--.--\  `. . __    
14:36:06>[:00000000]       ."" '<  `.___\_<|>_/___.'  >'"".    
14:36:06>[:00000000]      | | :  `- \`.;`\ _ /`;.`/ - ` : | |    
14:36:06>[:00000000]    \  \ `-.   \_ __\ /__ _/   .-` /  /    
14:36:06>[:00000000]   =====`-.____`-.___\_____/___.-`____.-'======    
14:36:06>[:00000000]  `^^^^^^^^^^^^^^^^^^^^^^^^^^^^^^^^^^^^^^^^^^^^      
14:36:06>[:00000000]  `          佛祖保佑       永无Bug     
14:36:06>[:00000000]  `          快加工资       不改需求      
14:36:06>[:00000000] work path is E:\github\cobweb\build\Debug
14:36:06>[:00000002] ./examples/bootstrap.lua:5 boostrap start
14:36:06>[:00000002] ./examples/bootstrap.lua:10 {"age":10,"name":"liwei"}
14:36:06>[:00000002] KILL self
14:36:06>[:00000003] ./examples/recv.lua:10 recv
14:36:06>[:00000004] ./examples/send.lua:4 send
14:36:06>[:00000003] ./examples/recv.lua:14 session=0 address=4 t=liwei
14:36:06>[:00000003] ./examples/recv.lua:14 session=2 address=4 t=add12
14:36:06>[:00000004] ./examples/send.lua:7 ret=3
14:36:06>[:00000004] KILL self
14:37:31>[:00000000]                  _ooOoo_  
14:37:31>[:00000000]                 o8888888o  
14:37:31>[:00000000]                 88" . "88    
14:37:31>[:00000000]                 (| -_- |)    
14:37:31>[:00000000]              ____/`---'\____   
14:37:31>[:00000000]            .'  \|     |//  `.    
14:37:31>[:00000000]            /  \|||  :  |||//  \    
14:37:31>[:00000000]           /  _||||| -:- |||||-  \    
14:37:31>[:00000000]           |   | \\  -  /// |   |    
14:37:31>[:00000000]          | \_|  ''\---/''  |   |   
14:37:31>[:00000000]           \  .-\__  `-`  ___/-. /    
14:37:31>[:00000000]          ___`. .'  /--.--\  `. . __    
14:37:31>[:00000000]       ."" '<  `.___\_<|>_/___.'  >'"".    
14:37:31>[:00000000]      | | :  `- \`.;`\ _ /`;.`/ - ` : | |    
14:37:31>[:00000000]    \  \ `-.   \_ __\ /__ _/   .-` /  /    
14:37:31>[:00000000]   =====`-.____`-.___\_____/___.-`____.-'======    
14:37:31>[:00000000]  `^^^^^^^^^^^^^^^^^^^^^^^^^^^^^^^^^^^^^^^^^^^^      
14:37:31>[:00000000]  `          佛祖保佑       永无Bug     
14:37:31>[:00000000]  `          快加工资       不改需求      
14:37:31>[:00000000] work path is E:\github\cobweb\build\Debug
14:37:31>[:00000002] ./examples/bootstrap.lua:5 boostrap start
14:37:31>[:00000002] ./examples/bootstrap.lua:10 {"name":"liwei","age":10}
14:37:31>[:00000002] KILL self
14:37:31>[:00000003] ./examples/recv.lua:10 recv
14:37:31>[:00000004] ./examples/send.lua:4 send
14:37:31>[:00000003] ./examples/recv.lua:14 session=0 address=4 t=liwei
14:37:31>[:00000003] ./examples/recv.lua:14 session=2 address=4 t=add12
14:37:31>[:00000004] ./examples/send.lua:7 ret=3
14:37:31>[:00000004] KILL self
14:38:26>[:00000000]                  _ooOoo_  
14:38:26>[:00000000]                 o8888888o  
14:38:26>[:00000000]                 88" . "88    
14:38:26>[:00000000]                 (| -_- |)    
14:38:26>[:00000000]              ____/`---'\____   
14:38:26>[:00000000]            .'  \|     |//  `.    
14:38:26>[:00000000]            /  \|||  :  |||//  \    
14:38:26>[:00000000]           /  _||||| -:- |||||-  \    
14:38:26>[:00000000]           |   | \\  -  /// |   |    
14:38:26>[:00000000]          | \_|  ''\---/''  |   |   
14:38:26>[:00000000]           \  .-\__  `-`  ___/-. /    
14:38:26>[:00000000]          ___`. .'  /--.--\  `. . __    
14:38:26>[:00000000]       ."" '<  `.___\_<|>_/___.'  >'"".    
14:38:26>[:00000000]      | | :  `- \`.;`\ _ /`;.`/ - ` : | |    
14:38:26>[:00000000]    \  \ `-.   \_ __\ /__ _/   .-` /  /    
14:38:26>[:00000000]   =====`-.____`-.___\_____/___.-`____.-'======    
14:38:26>[:00000000]  `^^^^^^^^^^^^^^^^^^^^^^^^^^^^^^^^^^^^^^^^^^^^      
14:38:26>[:00000000]  `          佛祖保佑       永无Bug     
14:38:26>[:00000000]  `          快加工资       不改需求      
14:38:26>[:00000000] work path is E:\github\cobweb\build\Debug
14:38:26>[:00000002] ./examples/bootstrap.lua:5 boostrap start
14:38:26>[:00000002] ./examples/bootstrap.lua:10 {"name":"liwei","age":10}
14:38:26>[:00000002] KILL self
14:38:26>[:00000003] ./examples/recv.lua:10 recv
14:38:26>[:00000004] ./examples/send.lua:4 send
14:38:26>[:00000003] ./examples/recv.lua:14 session=0 address=4 t=liwei
14:38:26>[:00000003] ./examples/recv.lua:14 session=2 address=4 t=add12
14:38:26>[:00000004] ./examples/send.lua:7 ret=3
14:38:26>[:00000004] KILL self
14:56:34>[:00000000]                  _ooOoo_  
14:59:29>[:00000000]                  _ooOoo_  
15:01:21>[:00000000]                  _ooOoo_  
15:02:14>[:00000000]                  _ooOoo_  
15:02:55>[:00000000]                  _ooOoo_  
15:03:27>[:00000000]                  _ooOoo_  
15:03:46>[:00000000]                  _ooOoo_  
15:03:49>[:00000000]                 o8888888o  
15:06:18>[:00000000]                  _ooOoo_  
15:06:18>[:00000000]                 o8888888o  
15:08:50>[:00000000]                  _ooOoo_  
15:08:50>[:00000000]                 o8888888o  
15:08:50>[:00000000]                 88" . "88    
15:08:50>[:00000000]                 (| -_- |)    
15:08:50>[:00000000]              ____/`---'\____   
15:08:50>[:00000000]            .'  \|     |//  `.    
15:08:50>[:00000000]            /  \|||  :  |||//  \    
15:08:50>[:00000000]           /  _||||| -:- |||||-  \    
15:08:50>[:00000000]           |   | \\  -  /// |   |    
15:08:50>[:00000000]          | \_|  ''\---/''  |   |   
15:08:50>[:00000000]           \  .-\__  `-`  ___/-. /    
15:08:50>[:00000000]          ___`. .'  /--.--\  `. . __    
15:08:50>[:00000000]       ."" '<  `.___\_<|>_/___.'  >'"".    
15:08:50>[:00000000]      | | :  `- \`.;`\ _ /`;.`/ - ` : | |    
15:08:50>[:00000000]    \  \ `-.   \_ __\ /__ _/   .-` /  /    
15:08:50>[:00000000]   =====`-.____`-.___\_____/___.-`____.-'======    
15:08:50>[:00000000]  `^^^^^^^^^^^^^^^^^^^^^^^^^^^^^^^^^^^^^^^^^^^^      
15:08:50>[:00000000]  `          佛祖保佑       永无Bug     
15:08:50>[:00000000]  `          快加工资       不改需求      
15:08:50>[:00000000] work path is E:\github\cobweb\build
15:08:50>[:00000002] ./examples/bootstrap.lua:5 boostrap start
15:08:50>[:00000002] ./examples/bootstrap.lua:10 {"name":"liwei","age":10}
15:08:50>[:00000002] KILL self
15:08:50>[:00000003] ./examples/recv.lua:10 recv
15:08:50>[:00000004] ./examples/send.lua:4 send
15:08:50>[:00000003] ./examples/recv.lua:14 session=0 address=4 t=liwei
15:08:50>[:00000003] ./examples/recv.lua:14 session=2 address=4 t=add12
15:08:50>[:00000004] ./examples/send.lua:7 ret=3
15:08:50>[:00000004] KILL self
15:08:55>[:00000000]                  _ooOoo_  
15:08:55>[:00000000]                 o8888888o  
15:08:55>[:00000000]                 88" . "88    
15:08:55>[:00000000]                 (| -_- |)    
15:08:55>[:00000000]              ____/`---'\____   
15:08:55>[:00000000]            .'  \|     |//  `.    
15:08:55>[:00000000]            /  \|||  :  |||//  \    
15:08:55>[:00000000]           /  _||||| -:- |||||-  \    
15:08:55>[:00000000]           |   | \\  -  /// |   |    
15:08:55>[:00000000]          | \_|  ''\---/''  |   |   
15:08:55>[:00000000]           \  .-\__  `-`  ___/-. /    
15:08:55>[:00000000]          ___`. .'  /--.--\  `. . __    
15:08:55>[:00000000]       ."" '<  `.___\_<|>_/___.'  >'"".    
15:08:55>[:00000000]      | | :  `- \`.;`\ _ /`;.`/ - ` : | |    
15:08:55>[:00000000]    \  \ `-.   \_ __\ /__ _/   .-` /  /    
15:08:55>[:00000000]   =====`-.____`-.___\_____/___.-`____.-'======    
15:08:55>[:00000000]  `^^^^^^^^^^^^^^^^^^^^^^^^^^^^^^^^^^^^^^^^^^^^      
15:08:55>[:00000000]  `          佛祖保佑       永无Bug     
15:08:55>[:00000000]  `          快加工资       不改需求      
15:08:55>[:00000000] work path is E:\github\cobweb\build
15:08:55>[:00000002] ./examples/bootstrap.lua:5 boostrap start
15:08:55>[:00000002] ./examples/bootstrap.lua:10 {"age":10,"name":"liwei"}
15:08:55>[:00000002] KILL self
15:08:56>[:00000003] ./examples/recv.lua:10 recv
15:08:56>[:00000004] ./examples/send.lua:4 send
15:08:56>[:00000003] ./examples/recv.lua:14 session=0 address=4 t=liwei
15:08:56>[:00000003] ./examples/recv.lua:14 session=2 address=4 t=add12
15:08:56>[:00000004] ./examples/send.lua:7 ret=3
15:08:56>[:00000004] KILL self
17:49:09>[:00000000]                  _ooOoo_  
17:49:09>[:00000000]                 o8888888o  
17:49:09>[:00000000]                 88" . "88    
17:49:09>[:00000000]                 (| -_- |)    
17:49:09>[:00000000]              ____/`---'\____   
17:49:09>[:00000000]            .'  \|     |//  `.    
17:49:09>[:00000000]            /  \|||  :  |||//  \    
17:49:09>[:00000000]           /  _||||| -:- |||||-  \    
17:49:09>[:00000000]           |   | \\  -  /// |   |    
17:49:09>[:00000000]          | \_|  ''\---/''  |   |   
17:49:09>[:00000000]           \  .-\__  `-`  ___/-. /    
17:49:09>[:00000000]          ___`. .'  /--.--\  `. . __    
17:49:09>[:00000000]       ."" '<  `.___\_<|>_/___.'  >'"".    
17:49:09>[:00000000]      | | :  `- \`.;`\ _ /`;.`/ - ` : | |    
17:49:09>[:00000000]    \  \ `-.   \_ __\ /__ _/   .-` /  /    
17:49:09>[:00000000]   =====`-.____`-.___\_____/___.-`____.-'======    
17:49:09>[:00000000]  `^^^^^^^^^^^^^^^^^^^^^^^^^^^^^^^^^^^^^^^^^^^^      
17:49:09>[:00000000]  `          佛祖保佑       永无Bug     
17:49:09>[:00000000]  `          快加工资       不改需求      
17:49:09>[:00000000] work path is E:\github\cobweb\build
17:49:09>[:00000002] ./examples/bootstrap.lua:5 boostrap start
17:49:09>[:00000002] ./examples/bootstrap.lua:10 {"name":"liwei","age":10}
17:49:09>[:00000002] KILL self
17:49:09>[:00000003] ./examples/recv.lua:10 recv
17:49:09>[:00000004] ./examples/send.lua:4 send
17:49:09>[:00000003] ./examples/recv.lua:14 session=0 address=4 t=liwei
17:49:09>[:00000003] ./examples/recv.lua:14 session=2 address=4 t=add12
17:49:09>[:00000004] ./examples/send.lua:7 ret=3
17:49:09>[:00000004] KILL self
17:49:46>[:00000000]                  _ooOoo_  
17:49:46>[:00000000]                 o8888888o  
17:49:46>[:00000000]                 88" . "88    
17:49:46>[:00000000]                 (| -_- |)    
17:49:46>[:00000000]              ____/`---'\____   
17:49:46>[:00000000]            .'  \|     |//  `.    
17:49:46>[:00000000]            /  \|||  :  |||//  \    
17:49:46>[:00000000]           /  _||||| -:- |||||-  \    
17:49:46>[:00000000]           |   | \\  -  /// |   |    
17:49:46>[:00000000]          | \_|  ''\---/''  |   |   
17:49:46>[:00000000]           \  .-\__  `-`  ___/-. /    
17:49:46>[:00000000]          ___`. .'  /--.--\  `. . __    
17:49:46>[:00000000]       ."" '<  `.___\_<|>_/___.'  >'"".    
17:49:46>[:00000000]      | | :  `- \`.;`\ _ /`;.`/ - ` : | |    
17:49:46>[:00000000]    \  \ `-.   \_ __\ /__ _/   .-` /  /    
17:49:46>[:00000000]   =====`-.____`-.___\_____/___.-`____.-'======    
17:49:46>[:00000000]  `^^^^^^^^^^^^^^^^^^^^^^^^^^^^^^^^^^^^^^^^^^^^      
17:49:46>[:00000000]  `          佛祖保佑       永无Bug     
17:49:46>[:00000000]  `          快加工资       不改需求      
17:49:46>[:00000000] work path is E:\github\cobweb\build
17:49:47>[:00000002] ./examples/bootstrap.lua:5 boostrap start
17:49:47>[:00000002] ./examples/bootstrap.lua:10 {"name":"liwei","age":10}
17:49:47>[:00000002] KILL self
17:49:47>[:00000003] ./examples/recv.lua:10 recv
17:49:47>[:00000004] ./examples/send.lua:4 send
17:49:47>[:00000003] ./examples/recv.lua:14 session=0 address=4 t=liwei
17:49:47>[:00000003] ./examples/recv.lua:14 session=2 address=4 t=add12
17:49:47>[:00000004] ./examples/send.lua:7 ret=3
17:49:47>[:00000004] KILL self
18:08:20>[:00000000]                  _ooOoo_  
18:08:20>[:00000000]                 o8888888o  
18:08:20>[:00000000]                 88" . "88    
18:08:20>[:00000000]                 (| -_- |)    
18:08:20>[:00000000]              ____/`---'\____   
18:08:20>[:00000000]            .'  \|     |//  `.    
18:08:20>[:00000000]            /  \|||  :  |||//  \    
18:08:20>[:00000000]           /  _||||| -:- |||||-  \    
18:08:20>[:00000000]           |   | \\  -  /// |   |    
18:08:20>[:00000000]          | \_|  ''\---/''  |   |   
18:08:20>[:00000000]           \  .-\__  `-`  ___/-. /    
18:08:20>[:00000000]          ___`. .'  /--.--\  `. . __    
18:08:20>[:00000000]       ."" '<  `.___\_<|>_/___.'  >'"".    
18:08:20>[:00000000]      | | :  `- \`.;`\ _ /`;.`/ - ` : | |    
18:08:20>[:00000000]    \  \ `-.   \_ __\ /__ _/   .-` /  /    
18:08:20>[:00000000]   =====`-.____`-.___\_____/___.-`____.-'======    
18:08:20>[:00000000]  `^^^^^^^^^^^^^^^^^^^^^^^^^^^^^^^^^^^^^^^^^^^^      
18:08:20>[:00000000]  `          佛祖保佑       永无Bug     
18:08:20>[:00000000]  `          快加工资       不改需求      
18:08:20>[:00000000] work path is E:\github\cobweb\build
18:08:20>[:00000002] ./examples/bootstrap.lua:5 boostrap start
18:08:20>[:00000002] ./examples/bootstrap.lua:10 {"name":"liwei","age":10}
18:08:20>[:00000002] KILL self
18:08:21>[:00000003] ./examples/recv.lua:10 recv
18:08:21>[:00000004] ./examples/send.lua:4 send
18:08:21>[:00000003] ./examples/recv.lua:14 session=0 address=4 t=liwei
18:08:21>[:00000003] ./examples/recv.lua:14 session=2 address=4 t=add12
18:08:21>[:00000004] ./examples/send.lua:7 ret=3
18:08:21>[:00000004] KILL self
18:08:53>[:00000000]                  _ooOoo_  
18:08:53>[:00000000]                 o8888888o  
18:08:53>[:00000000]                 88" . "88    
18:08:53>[:00000000]                 (| -_- |)    
18:08:53>[:00000000]              ____/`---'\____   
18:08:53>[:00000000]            .'  \|     |//  `.    
18:08:53>[:00000000]            /  \|||  :  |||//  \    
18:08:53>[:00000000]           /  _||||| -:- |||||-  \    
18:08:53>[:00000000]           |   | \\  -  /// |   |    
18:08:53>[:00000000]          | \_|  ''\---/''  |   |   
18:08:53>[:00000000]           \  .-\__  `-`  ___/-. /    
18:08:53>[:00000000]          ___`. .'  /--.--\  `. . __    
18:08:53>[:00000000]       ."" '<  `.___\_<|>_/___.'  >'"".    
18:08:53>[:00000000]      | | :  `- \`.;`\ _ /`;.`/ - ` : | |    
18:08:53>[:00000000]    \  \ `-.   \_ __\ /__ _/   .-` /  /    
18:08:53>[:00000000]   =====`-.____`-.___\_____/___.-`____.-'======    
18:08:53>[:00000000]  `^^^^^^^^^^^^^^^^^^^^^^^^^^^^^^^^^^^^^^^^^^^^      
18:08:53>[:00000000]  `          佛祖保佑       永无Bug     
18:08:53>[:00000000]  `          快加工资       不改需求      
18:08:53>[:00000000] work path is E:\github\cobweb\build
18:08:53>[:00000002] ./examples/bootstrap.lua:5 boostrap start
18:08:53>[:00000002] ./examples/bootstrap.lua:10 {"age":10,"name":"liwei"}
18:08:53>[:00000002] KILL self
18:08:53>[:00000003] ./examples/recv.lua:10 recv
18:08:53>[:00000004] ./examples/send.lua:4 send
18:08:53>[:00000003] ./examples/recv.lua:14 session=0 address=4 t=liwei
18:08:53>[:00000003] ./examples/recv.lua:14 session=2 address=4 t=add12
18:08:53>[:00000004] ./examples/send.lua:7 ret=3
18:08:53>[:00000004] KILL self
18:58:45>[:00000000]                  _ooOoo_  
18:58:45>[:00000000]                 o8888888o  
18:58:45>[:00000000]                 88" . "88    
18:58:45>[:00000000]                 (| -_- |)    
18:58:45>[:00000000]              ____/`---'\____   
18:58:45>[:00000000]            .'  \|     |//  `.    
18:58:45>[:00000000]            /  \|||  :  |||//  \    
18:58:45>[:00000000]           /  _||||| -:- |||||-  \    
18:58:45>[:00000000]           |   | \\  -  /// |   |    
18:58:45>[:00000000]          | \_|  ''\---/''  |   |   
18:58:45>[:00000000]           \  .-\__  `-`  ___/-. /    
18:58:45>[:00000000]          ___`. .'  /--.--\  `. . __    
18:58:45>[:00000000]       ."" '<  `.___\_<|>_/___.'  >'"".    
18:58:45>[:00000000]      | | :  `- \`.;`\ _ /`;.`/ - ` : | |    
18:58:45>[:00000000]    \  \ `-.   \_ __\ /__ _/   .-` /  /    
18:58:45>[:00000000]   =====`-.____`-.___\_____/___.-`____.-'======    
18:58:45>[:00000000]  `^^^^^^^^^^^^^^^^^^^^^^^^^^^^^^^^^^^^^^^^^^^^      
18:58:45>[:00000000]  `          佛祖保佑       永无Bug     
18:58:45>[:00000000]  `          快加工资       不改需求      
18:58:45>[:00000000] work path is E:\github\cobweb\build
18:58:45>[:00000002] ./examples/bootstrap.lua:5 boostrap start
18:58:45>[:00000002] ./examples/bootstrap.lua:10 {"age":10,"name":"liwei"}
18:58:45>[:00000002] KILL self
18:58:45>[:00000003] ./examples/recv.lua:10 recv
18:58:45>[:00000004] ./examples/send.lua:4 send
18:58:45>[:00000003] ./examples/recv.lua:14 session=0 address=4 t=liwei
18:58:45>[:00000003] ./examples/recv.lua:14 session=2 address=4 t=add12
18:58:45>[:00000004] ./examples/send.lua:7 ret=3
18:58:45>[:00000004] KILL self
18:58:51>[:00000000]                  _ooOoo_  
18:58:51>[:00000000]                 o8888888o  
18:58:51>[:00000000]                 88" . "88    
18:58:51>[:00000000]                 (| -_- |)    
18:58:51>[:00000000]              ____/`---'\____   
18:58:51>[:00000000]            .'  \|     |//  `.    
18:58:51>[:00000000]            /  \|||  :  |||//  \    
18:58:51>[:00000000]           /  _||||| -:- |||||-  \    
18:58:51>[:00000000]           |   | \\  -  /// |   |    
18:58:51>[:00000000]          | \_|  ''\---/''  |   |   
18:58:51>[:00000000]           \  .-\__  `-`  ___/-. /    
18:58:51>[:00000000]          ___`. .'  /--.--\  `. . __    
18:58:51>[:00000000]       ."" '<  `.___\_<|>_/___.'  >'"".    
18:58:51>[:00000000]      | | :  `- \`.;`\ _ /`;.`/ - ` : | |    
18:58:51>[:00000000]    \  \ `-.   \_ __\ /__ _/   .-` /  /    
18:58:51>[:00000000]   =====`-.____`-.___\_____/___.-`____.-'======    
18:58:51>[:00000000]  `^^^^^^^^^^^^^^^^^^^^^^^^^^^^^^^^^^^^^^^^^^^^      
18:58:51>[:00000000]  `          佛祖保佑       永无Bug     
18:58:51>[:00000000]  `          快加工资       不改需求      
18:58:51>[:00000000] work path is E:\github\cobweb\build
18:58:51>[:00000002] ./examples/bootstrap.lua:5 boostrap start
18:58:51>[:00000002] ./examples/bootstrap.lua:10 {"name":"liwei","age":10}
18:58:51>[:00000002] KILL self
18:58:51>[:00000003] ./examples/recv.lua:10 recv
18:58:51>[:00000004] ./examples/send.lua:4 send
18:58:51>[:00000003] ./examples/recv.lua:14 session=0 address=4 t=liwei
18:58:51>[:00000003] ./examples/recv.lua:14 session=2 address=4 t=add12
18:58:51>[:00000004] ./examples/send.lua:7 ret=3
18:58:51>[:00000004] KILL self
19:01:00>[:00000000]                  _ooOoo_  
19:01:00>[:00000000]                 o8888888o  
19:01:00>[:00000000]                 88" . "88    
19:01:00>[:00000000]                 (| -_- |)    
19:01:00>[:00000000]              ____/`---'\____   
19:01:00>[:00000000]            .'  \|     |//  `.    
19:01:00>[:00000000]            /  \|||  :  |||//  \    
19:01:00>[:00000000]           /  _||||| -:- |||||-  \    
19:01:00>[:00000000]           |   | \\  -  /// |   |    
19:01:00>[:00000000]          | \_|  ''\---/''  |   |   
19:01:00>[:00000000]           \  .-\__  `-`  ___/-. /    
19:01:00>[:00000000]          ___`. .'  /--.--\  `. . __    
19:01:00>[:00000000]       ."" '<  `.___\_<|>_/___.'  >'"".    
19:01:00>[:00000000]      | | :  `- \`.;`\ _ /`;.`/ - ` : | |    
19:01:00>[:00000000]    \  \ `-.   \_ __\ /__ _/   .-` /  /    
19:01:00>[:00000000]   =====`-.____`-.___\_____/___.-`____.-'======    
19:01:00>[:00000000]  `^^^^^^^^^^^^^^^^^^^^^^^^^^^^^^^^^^^^^^^^^^^^      
19:01:00>[:00000000]  `          佛祖保佑       永无Bug     
19:01:00>[:00000000]  `          快加工资       不改需求      
19:01:00>[:00000000] work path is E:\github\cobweb\build
19:01:00>[:00000002] ./examples/bootstrap.lua:5 boostrap start
19:01:00>[:00000002] ./examples/bootstrap.lua:10 {"age":10,"name":"liwei"}
19:01:00>[:00000002] KILL self
19:01:00>[:00000004] ./examples/send.lua:4 send
19:01:35>[:00000000]                  _ooOoo_  
19:01:35>[:00000000]                 o8888888o  
19:01:35>[:00000000]                 88" . "88    
19:01:35>[:00000000]                 (| -_- |)    
19:01:35>[:00000000]              ____/`---'\____   
19:01:35>[:00000000]            .'  \|     |//  `.    
19:01:35>[:00000000]            /  \|||  :  |||//  \    
19:01:35>[:00000000]           /  _||||| -:- |||||-  \    
19:01:35>[:00000000]           |   | \\  -  /// |   |    
19:01:35>[:00000000]          | \_|  ''\---/''  |   |   
19:01:35>[:00000000]           \  .-\__  `-`  ___/-. /    
19:01:35>[:00000000]          ___`. .'  /--.--\  `. . __    
19:01:35>[:00000000]       ."" '<  `.___\_<|>_/___.'  >'"".    
19:01:35>[:00000000]      | | :  `- \`.;`\ _ /`;.`/ - ` : | |    
19:01:35>[:00000000]    \  \ `-.   \_ __\ /__ _/   .-` /  /    
19:01:35>[:00000000]   =====`-.____`-.___\_____/___.-`____.-'======    
19:01:35>[:00000000]  `^^^^^^^^^^^^^^^^^^^^^^^^^^^^^^^^^^^^^^^^^^^^      
19:01:35>[:00000000]  `          佛祖保佑       永无Bug     
19:01:35>[:00000000]  `          快加工资       不改需求      
19:01:35>[:00000000] work path is E:\github\cobweb\build
19:01:35>[:00000002] ./examples/bootstrap.lua:5 boostrap start
19:01:35>[:00000002] ./examples/bootstrap.lua:10 {"age":10,"name":"liwei"}
19:01:35>[:00000002] KILL self
19:01:35>[:00000003] ./examples/recv.lua:10 recv
19:01:35>[:00000004] ./examples/send.lua:4 send
19:01:35>[:00000003] ./examples/recv.lua:14 session=0 address=4 t=liwei
19:01:35>[:00000003] ./examples/recv.lua:14 session=2 address=4 t=add12
19:01:35>[:00000004] ./examples/send.lua:7 ret=3
19:01:35>[:00000004] KILL self
19:05:45>[:00000000]                  _ooOoo_  
19:05:45>[:00000000]                 o8888888o  
19:05:45>[:00000000]                 88" . "88    
19:05:45>[:00000000]                 (| -_- |)    
19:05:45>[:00000000]              ____/`---'\____   
19:05:45>[:00000000]            .'  \|     |//  `.    
19:05:45>[:00000000]            /  \|||  :  |||//  \    
19:05:45>[:00000000]           /  _||||| -:- |||||-  \    
19:05:45>[:00000000]           |   | \\  -  /// |   |    
19:05:45>[:00000000]          | \_|  ''\---/''  |   |   
19:05:45>[:00000000]           \  .-\__  `-`  ___/-. /    
19:05:45>[:00000000]          ___`. .'  /--.--\  `. . __    
19:05:45>[:00000000]       ."" '<  `.___\_<|>_/___.'  >'"".    
19:05:45>[:00000000]      | | :  `- \`.;`\ _ /`;.`/ - ` : | |    
19:05:45>[:00000000]    \  \ `-.   \_ __\ /__ _/   .-` /  /    
19:05:45>[:00000000]   =====`-.____`-.___\_____/___.-`____.-'======    
19:05:45>[:00000000]  `^^^^^^^^^^^^^^^^^^^^^^^^^^^^^^^^^^^^^^^^^^^^      
19:05:45>[:00000000]  `          佛祖保佑       永无Bug     
19:05:45>[:00000000]  `          快加工资       不改需求      
19:05:45>[:00000000] work path is E:\github\cobweb\build
19:05:45>[:00000002] ./examples/bootstrap.lua:5 boostrap start
19:05:45>[:00000002] ./examples/bootstrap.lua:10 {"age":10,"name":"liwei"}
19:05:45>[:00000002] KILL self
19:05:45>[:00000003] ./examples/recv.lua:10 recv
19:05:45>[:00000004] ./examples/send.lua:4 send
19:05:45>[:00000003] ./examples/recv.lua:14 session=0 address=4 t=liwei
19:05:45>[:00000003] ./examples/recv.lua:14 session=2 address=4 t=add12
19:05:45>[:00000004] ./examples/send.lua:7 ret=3
19:05:45>[:00000004] KILL self
20:00:53>[:00000000]                  _ooOoo_  
20:00:53>[:00000000]                 o8888888o  
20:00:53>[:00000000]                 88" . "88    
20:00:53>[:00000000]                 (| -_- |)    
20:00:53>[:00000000]              ____/`---'\____   
20:00:53>[:00000000]            .'  \|     |//  `.    
20:00:53>[:00000000]            /  \|||  :  |||//  \    
20:00:53>[:00000000]           /  _||||| -:- |||||-  \    
20:00:53>[:00000000]           |   | \\  -  /// |   |    
20:00:53>[:00000000]          | \_|  ''\---/''  |   |   
20:00:53>[:00000000]           \  .-\__  `-`  ___/-. /    
20:00:53>[:00000000]          ___`. .'  /--.--\  `. . __    
20:00:53>[:00000000]       ."" '<  `.___\_<|>_/___.'  >'"".    
20:00:53>[:00000000]      | | :  `- \`.;`\ _ /`;.`/ - ` : | |    
20:00:53>[:00000000]    \  \ `-.   \_ __\ /__ _/   .-` /  /    
20:00:53>[:00000000]   =====`-.____`-.___\_____/___.-`____.-'======    
20:00:53>[:00000000]  `^^^^^^^^^^^^^^^^^^^^^^^^^^^^^^^^^^^^^^^^^^^^      
20:00:53>[:00000000]  `          佛祖保佑       永无Bug     
20:00:53>[:00000000]  `          快加工资       不改需求      
20:00:53>[:00000000] work path is E:\github\cobweb\build
20:00:53>[:00000002] ./examples/bootstrap.lua:5 boostrap start
20:00:53>[:00000002] ./examples/bootstrap.lua:10 {"name":"liwei","age":10}
20:00:53>[:00000002] KILL self
20:00:53>[:00000003] ./examples/recv.lua:10 recv
20:00:53>[:00000004] ./examples/send.lua:4 send
20:00:53>[:00000003] ./examples/recv.lua:14 session=0 address=4 t=liwei
20:00:53>[:00000003] ./examples/recv.lua:14 session=2 address=4 t=add12
20:00:53>[:00000004] ./examples/send.lua:7 ret=3
20:00:53>[:00000004] KILL self
22:14:22>[:00000000]                  _ooOoo_  
22:14:22>[:00000000]                 o8888888o  
22:14:22>[:00000000]                 88" . "88    
22:14:22>[:00000000]                 (| -_- |)    
22:14:22>[:00000000]              ____/`---'\____   
22:14:22>[:00000000]            .'  \|     |//  `.    
22:14:22>[:00000000]            /  \|||  :  |||//  \    
22:14:22>[:00000000]           /  _||||| -:- |||||-  \    
22:14:22>[:00000000]           |   | \\  -  /// |   |    
22:14:22>[:00000000]          | \_|  ''\---/''  |   |   
22:14:22>[:00000000]           \  .-\__  `-`  ___/-. /    
22:14:22>[:00000000]          ___`. .'  /--.--\  `. . __    
22:14:22>[:00000000]       ."" '<  `.___\_<|>_/___.'  >'"".    
22:14:22>[:00000000]      | | :  `- \`.;`\ _ /`;.`/ - ` : | |    
22:14:22>[:00000000]    \  \ `-.   \_ __\ /__ _/   .-` /  /    
22:14:22>[:00000000]   =====`-.____`-.___\_____/___.-`____.-'======    
22:14:22>[:00000000]  `^^^^^^^^^^^^^^^^^^^^^^^^^^^^^^^^^^^^^^^^^^^^      
22:14:22>[:00000000]  `          佛祖保佑       永无Bug     
22:14:22>[:00000000]  `          快加工资       不改需求      
22:14:22>[:00000000] work path is E:\github\cobweb\build
22:14:22>[:00000002] ./examples/bootstrap.lua:5 boostrap start
22:14:22>[:00000002] ./examples/bootstrap.lua:10 {"name":"liwei","age":10}
22:14:22>[:00000002] KILL self
22:14:23>[:00000003] ./examples/recv.lua:10 recv
22:14:23>[:00000004] ./examples/send.lua:4 send
22:14:23>[:00000003] ./examples/recv.lua:14 session=0 address=4 t=liwei
22:14:23>[:00000003] ./examples/recv.lua:14 session=2 address=4 t=add12
22:14:23>[:00000004] ./examples/send.lua:7 ret=3
22:14:23>[:00000004] KILL self
22:14:33>[:00000000]                  _ooOoo_  
22:14:33>[:00000000]                 o8888888o  
22:14:33>[:00000000]                 88" . "88    
22:14:33>[:00000000]                 (| -_- |)    
22:14:33>[:00000000]              ____/`---'\____   
22:14:33>[:00000000]            .'  \|     |//  `.    
22:14:33>[:00000000]            /  \|||  :  |||//  \    
22:14:33>[:00000000]           /  _||||| -:- |||||-  \    
22:14:33>[:00000000]           |   | \\  -  /// |   |    
22:14:33>[:00000000]          | \_|  ''\---/''  |   |   
22:14:33>[:00000000]           \  .-\__  `-`  ___/-. /    
22:14:33>[:00000000]          ___`. .'  /--.--\  `. . __    
22:14:33>[:00000000]       ."" '<  `.___\_<|>_/___.'  >'"".    
22:14:33>[:00000000]      | | :  `- \`.;`\ _ /`;.`/ - ` : | |    
22:14:33>[:00000000]    \  \ `-.   \_ __\ /__ _/   .-` /  /    
22:14:33>[:00000000]   =====`-.____`-.___\_____/___.-`____.-'======    
22:14:33>[:00000000]  `^^^^^^^^^^^^^^^^^^^^^^^^^^^^^^^^^^^^^^^^^^^^      
22:14:33>[:00000000]  `          佛祖保佑       永无Bug     
22:14:33>[:00000000]  `          快加工资       不改需求      
22:14:33>[:00000000] work path is E:\github\cobweb\build
22:14:33>[:00000002] ./examples/bootstrap.lua:5 boostrap start
22:14:33>[:00000002] ./examples/bootstrap.lua:10 {"name":"liwei","age":10}
22:14:33>[:00000002] KILL self
22:14:33>[:00000003] ./examples/recv.lua:10 recv
22:14:33>[:00000004] ./examples/send.lua:4 send
22:14:33>[:00000003] ./examples/recv.lua:14 session=0 address=4 t=liwei
22:14:33>[:00000003] ./examples/recv.lua:14 session=2 address=4 t=add12
22:14:33>[:00000004] ./examples/send.lua:7 ret=3
22:14:33>[:00000004] KILL self
22:15:55>[:00000000]                  _ooOoo_  
22:15:55>[:00000000]                 o8888888o  
22:15:55>[:00000000]                 88" . "88    
22:15:55>[:00000000]                 (| -_- |)    
22:15:55>[:00000000]              ____/`---'\____   
22:15:55>[:00000000]            .'  \|     |//  `.    
22:15:55>[:00000000]            /  \|||  :  |||//  \    
22:15:55>[:00000000]           /  _||||| -:- |||||-  \    
22:15:55>[:00000000]           |   | \\  -  /// |   |    
22:15:55>[:00000000]          | \_|  ''\---/''  |   |   
22:15:55>[:00000000]           \  .-\__  `-`  ___/-. /    
22:15:55>[:00000000]          ___`. .'  /--.--\  `. . __    
22:15:55>[:00000000]       ."" '<  `.___\_<|>_/___.'  >'"".    
22:15:55>[:00000000]      | | :  `- \`.;`\ _ /`;.`/ - ` : | |    
22:15:55>[:00000000]    \  \ `-.   \_ __\ /__ _/   .-` /  /    
22:15:55>[:00000000]   =====`-.____`-.___\_____/___.-`____.-'======    
22:15:55>[:00000000]  `^^^^^^^^^^^^^^^^^^^^^^^^^^^^^^^^^^^^^^^^^^^^      
22:15:55>[:00000000]  `          佛祖保佑       永无Bug     
22:15:55>[:00000000]  `          快加工资       不改需求      
22:15:55>[:00000000] work path is E:\github\cobweb\build
22:17:35>[:00000000]                  _ooOoo_  
22:17:35>[:00000000]                 o8888888o  
22:17:35>[:00000000]                 88" . "88    
22:17:35>[:00000000]                 (| -_- |)    
22:17:35>[:00000000]              ____/`---'\____   
22:17:35>[:00000000]            .'  \|     |//  `.    
22:17:35>[:00000000]            /  \|||  :  |||//  \    
22:17:35>[:00000000]           /  _||||| -:- |||||-  \    
22:17:35>[:00000000]           |   | \\  -  /// |   |    
22:17:35>[:00000000]          | \_|  ''\---/''  |   |   
22:17:35>[:00000000]           \  .-\__  `-`  ___/-. /    
22:17:35>[:00000000]          ___`. .'  /--.--\  `. . __    
22:17:35>[:00000000]       ."" '<  `.___\_<|>_/___.'  >'"".    
22:17:35>[:00000000]      | | :  `- \`.;`\ _ /`;.`/ - ` : | |    
22:17:35>[:00000000]    \  \ `-.   \_ __\ /__ _/   .-` /  /    
22:17:35>[:00000000]   =====`-.____`-.___\_____/___.-`____.-'======    
22:17:35>[:00000000]  `^^^^^^^^^^^^^^^^^^^^^^^^^^^^^^^^^^^^^^^^^^^^      
22:17:35>[:00000000]  `          佛祖保佑       永无Bug     
22:17:35>[:00000000]  `          快加工资       不改需求      
22:17:35>[:00000000] work path is E:\github\cobweb\build
22:18:45>[:00000000]                  _ooOoo_  
22:18:58>[:00000000]                 o8888888o  
22:19:04>[:00000000]                 88" . "88    
22:19:04>[:00000000]                 (| -_- |)    
22:19:04>[:00000000]              ____/`---'\____   
22:19:04>[:00000000]            .'  \|     |//  `.    
22:19:04>[:00000000]            /  \|||  :  |||//  \    
22:19:04>[:00000000]           /  _||||| -:- |||||-  \    
22:19:04>[:00000000]           |   | \\  -  /// |   |    
22:19:04>[:00000000]          | \_|  ''\---/''  |   |   
22:19:04>[:00000000]           \  .-\__  `-`  ___/-. /    
22:19:04>[:00000000]          ___`. .'  /--.--\  `. . __    
22:19:04>[:00000000]       ."" '<  `.___\_<|>_/___.'  >'"".    
22:19:04>[:00000000]      | | :  `- \`.;`\ _ /`;.`/ - ` : | |    
22:19:04>[:00000000]    \  \ `-.   \_ __\ /__ _/   .-` /  /    
22:19:04>[:00000000]   =====`-.____`-.___\_____/___.-`____.-'======    
22:19:04>[:00000000]  `^^^^^^^^^^^^^^^^^^^^^^^^^^^^^^^^^^^^^^^^^^^^      
22:19:04>[:00000000]  `          佛祖保佑       永无Bug     
22:19:04>[:00000000]  `          快加工资       不改需求      
22:19:04>[:00000000] work path is E:\github\cobweb\build
