23:17:02>[:00000000]                  _ooOoo_  
23:17:02>[:00000000]                 o8888888o  
23:17:02>[:00000000]                 88" . "88    
23:17:02>[:00000000]                 (| -_- |)    
23:17:02>[:00000000]              ____/`---'\____   
23:17:02>[:00000000]            .'  \|     |//  `.    
23:17:02>[:00000000]            /  \|||  :  |||//  \    
23:17:02>[:00000000]           /  _||||| -:- |||||-  \    
23:17:02>[:00000000]           |   | \\  -  /// |   |    
23:17:02>[:00000000]          | \_|  ''\---/''  |   |   
23:17:02>[:00000000]           \  .-\__  `-`  ___/-. /    
23:17:02>[:00000000]          ___`. .'  /--.--\  `. . __    
23:17:02>[:00000000]       ."" '<  `.___\_<|>_/___.'  >'"".    
23:17:02>[:00000000]      | | :  `- \`.;`\ _ /`;.`/ - ` : | |    
23:17:02>[:00000000]    \  \ `-.   \_ __\ /__ _/   .-` /  /    
23:17:02>[:00000000]   =====`-.____`-.___\_____/___.-`____.-'======    
23:17:02>[:00000000]  `^^^^^^^^^^^^^^^^^^^^^^^^^^^^^^^^^^^^^^^^^^^^      
23:17:02>[:00000000]  `          佛祖保佑       永无Bug     
23:17:02>[:00000000]  `          快加工资       不改需求      
23:17:02>[:00000000] work path is E:\github\cobweb\build\Debug
23:17:02>[:00000002] ./examples/bootstrap.lua:5 boostrap start
23:17:02>[:00000002] ./examples/bootstrap.lua:10 {"name":"liwei","age":10}
23:17:02>[:00000002] KILL self
23:17:02>[:00000003] ./examples/recv.lua:9 recv
23:17:02>[:00000004] ./examples/send.lua:5 send
23:17:02>[:00000003] ./examples/recv.lua:13 session=0 address=4 t=liwei
23:17:02>[:00000003] ./examples/recv.lua:13 session=2 address=4 t=add12
23:17:02>[:00000004] ./examples/send.lua:8 ret=3
23:17:02>[:00000004] KILL self
23:17:06>[:00000000]                  _ooOoo_  
23:17:06>[:00000000]                 o8888888o  
23:17:06>[:00000000]                 88" . "88    
23:17:06>[:00000000]                 (| -_- |)    
23:17:06>[:00000000]              ____/`---'\____   
23:17:06>[:00000000]            .'  \|     |//  `.    
23:17:06>[:00000000]            /  \|||  :  |||//  \    
23:17:06>[:00000000]           /  _||||| -:- |||||-  \    
23:17:06>[:00000000]           |   | \\  -  /// |   |    
23:17:06>[:00000000]          | \_|  ''\---/''  |   |   
23:17:06>[:00000000]           \  .-\__  `-`  ___/-. /    
23:17:06>[:00000000]          ___`. .'  /--.--\  `. . __    
23:17:06>[:00000000]       ."" '<  `.___\_<|>_/___.'  >'"".    
23:17:06>[:00000000]      | | :  `- \`.;`\ _ /`;.`/ - ` : | |    
23:17:06>[:00000000]    \  \ `-.   \_ __\ /__ _/   .-` /  /    
23:17:06>[:00000000]   =====`-.____`-.___\_____/___.-`____.-'======    
23:17:06>[:00000000]  `^^^^^^^^^^^^^^^^^^^^^^^^^^^^^^^^^^^^^^^^^^^^      
23:17:06>[:00000000]  `          佛祖保佑       永无Bug     
23:17:06>[:00000000]  `          快加工资       不改需求      
23:17:06>[:00000000] work path is E:\github\cobweb\build\Debug
23:17:06>[:00000002] ./examples/bootstrap.lua:5 boostrap start
23:17:06>[:00000002] ./examples/bootstrap.lua:10 {"name":"liwei","age":10}
23:17:06>[:00000002] KILL self
23:17:06>[:00000003] ./examples/recv.lua:9 recv
23:17:06>[:00000004] ./examples/send.lua:5 send
23:17:06>[:00000003] ./examples/recv.lua:13 session=0 address=4 t=liwei
23:17:06>[:00000003] ./examples/recv.lua:13 session=2 address=4 t=add12
23:17:06>[:00000004] ./examples/send.lua:8 ret=3
23:17:06>[:00000004] KILL self
23:17:09>[:00000000]                  _ooOoo_  
23:17:09>[:00000000]                 o8888888o  
23:17:09>[:00000000]                 88" . "88    
23:17:09>[:00000000]                 (| -_- |)    
23:17:09>[:00000000]              ____/`---'\____   
23:17:09>[:00000000]            .'  \|     |//  `.    
23:17:09>[:00000000]            /  \|||  :  |||//  \    
23:17:09>[:00000000]           /  _||||| -:- |||||-  \    
23:17:09>[:00000000]           |   | \\  -  /// |   |    
23:17:09>[:00000000]          | \_|  ''\---/''  |   |   
23:17:09>[:00000000]           \  .-\__  `-`  ___/-. /    
23:17:09>[:00000000]          ___`. .'  /--.--\  `. . __    
23:17:09>[:00000000]       ."" '<  `.___\_<|>_/___.'  >'"".    
23:17:09>[:00000000]      | | :  `- \`.;`\ _ /`;.`/ - ` : | |    
23:17:09>[:00000000]    \  \ `-.   \_ __\ /__ _/   .-` /  /    
23:17:09>[:00000000]   =====`-.____`-.___\_____/___.-`____.-'======    
23:17:09>[:00000000]  `^^^^^^^^^^^^^^^^^^^^^^^^^^^^^^^^^^^^^^^^^^^^      
23:17:09>[:00000000]  `          佛祖保佑       永无Bug     
23:17:09>[:00000000]  `          快加工资       不改需求      
23:17:09>[:00000000] work path is E:\github\cobweb\build\Debug
23:17:09>[:00000002] ./examples/bootstrap.lua:5 boostrap start
23:17:09>[:00000002] ./examples/bootstrap.lua:10 {"name":"liwei","age":10}
23:17:09>[:00000002] KILL self
23:17:09>[:00000003] ./examples/recv.lua:9 recv
23:17:09>[:00000004] ./examples/send.lua:5 send
23:17:09>[:00000003] ./examples/recv.lua:13 session=0 address=4 t=liwei
23:17:09>[:00000003] ./examples/recv.lua:13 session=2 address=4 t=add12
23:17:09>[:00000004] ./examples/send.lua:8 ret=3
23:17:09>[:00000004] KILL self
23:17:22>[:00000000]                  _ooOoo_  
23:17:22>[:00000000]                 o8888888o  
23:17:22>[:00000000]                 88" . "88    
23:17:22>[:00000000]                 (| -_- |)    
23:17:22>[:00000000]              ____/`---'\____   
23:17:22>[:00000000]            .'  \|     |//  `.    
23:17:22>[:00000000]            /  \|||  :  |||//  \    
23:17:22>[:00000000]           /  _||||| -:- |||||-  \    
23:17:22>[:00000000]           |   | \\  -  /// |   |    
23:17:22>[:00000000]          | \_|  ''\---/''  |   |   
23:17:22>[:00000000]           \  .-\__  `-`  ___/-. /    
23:17:22>[:00000000]          ___`. .'  /--.--\  `. . __    
23:17:22>[:00000000]       ."" '<  `.___\_<|>_/___.'  >'"".    
23:17:22>[:00000000]      | | :  `- \`.;`\ _ /`;.`/ - ` : | |    
23:17:22>[:00000000]    \  \ `-.   \_ __\ /__ _/   .-` /  /    
23:17:22>[:00000000]   =====`-.____`-.___\_____/___.-`____.-'======    
23:17:22>[:00000000]  `^^^^^^^^^^^^^^^^^^^^^^^^^^^^^^^^^^^^^^^^^^^^      
23:17:22>[:00000000]  `          佛祖保佑       永无Bug     
23:17:22>[:00000000]  `          快加工资       不改需求      
23:17:22>[:00000000] work path is E:\github\cobweb\build\Debug
23:17:23>[:00000002] ./examples/bootstrap.lua:5 boostrap start
23:17:23>[:00000002] ./examples/bootstrap.lua:10 {"age":10,"name":"liwei"}
23:17:23>[:00000002] KILL self
23:17:23>[:00000003] ./examples/recv.lua:9 recv
23:17:23>[:00000004] ./examples/send.lua:5 send
23:17:23>[:00000003] ./examples/recv.lua:13 session=0 address=4 t=liwei
23:17:23>[:00000003] ./examples/recv.lua:13 session=2 address=4 t=add12
23:17:23>[:00000004] ./examples/send.lua:8 ret=3
23:17:23>[:00000004] KILL self
23:22:23>[:00000000]                  _ooOoo_  
23:22:23>[:00000000]                 o8888888o  
23:22:23>[:00000000]                 88" . "88    
23:22:23>[:00000000]                 (| -_- |)    
23:22:23>[:00000000]              ____/`---'\____   
23:22:23>[:00000000]            .'  \|     |//  `.    
23:22:23>[:00000000]            /  \|||  :  |||//  \    
23:22:23>[:00000000]           /  _||||| -:- |||||-  \    
23:22:23>[:00000000]           |   | \\  -  /// |   |    
23:22:23>[:00000000]          | \_|  ''\---/''  |   |   
23:22:23>[:00000000]           \  .-\__  `-`  ___/-. /    
23:22:23>[:00000000]          ___`. .'  /--.--\  `. . __    
23:22:23>[:00000000]       ."" '<  `.___\_<|>_/___.'  >'"".    
23:22:23>[:00000000]      | | :  `- \`.;`\ _ /`;.`/ - ` : | |    
23:22:23>[:00000000]    \  \ `-.   \_ __\ /__ _/   .-` /  /    
23:22:23>[:00000000]   =====`-.____`-.___\_____/___.-`____.-'======    
23:22:23>[:00000000]  `^^^^^^^^^^^^^^^^^^^^^^^^^^^^^^^^^^^^^^^^^^^^      
23:22:23>[:00000000]  `          佛祖保佑       永无Bug     
23:22:23>[:00000000]  `          快加工资       不改需求      
23:22:23>[:00000000] work path is E:\github\cobweb\build\Debug
23:22:23>[:00000002] ./examples/bootstrap.lua:5 boostrap start
23:22:23>[:00000002] ./examples/bootstrap.lua:10 {"name":"liwei","age":10}
23:22:23>[:00000002] KILL self
23:22:24>[:00000003] ./examples/recv.lua:9 recv
23:22:24>[:00000004] ./examples/send.lua:5 send
23:22:24>[:00000003] ./examples/recv.lua:13 session=0 address=4 t=liwei
23:22:24>[:00000003] ./examples/recv.lua:13 session=2 address=4 t=add12
23:22:24>[:00000004] ./examples/send.lua:8 ret=3
23:22:24>[:00000004] KILL self
23:23:24>[:00000000]                  _ooOoo_  
23:23:24>[:00000000]                 o8888888o  
23:23:24>[:00000000]                 88" . "88    
23:23:24>[:00000000]                 (| -_- |)    
23:23:24>[:00000000]              ____/`---'\____   
23:23:24>[:00000000]            .'  \|     |//  `.    
23:23:24>[:00000000]            /  \|||  :  |||//  \    
23:23:24>[:00000000]           /  _||||| -:- |||||-  \    
23:23:24>[:00000000]           |   | \\  -  /// |   |    
23:23:24>[:00000000]          | \_|  ''\---/''  |   |   
23:23:24>[:00000000]           \  .-\__  `-`  ___/-. /    
23:23:24>[:00000000]          ___`. .'  /--.--\  `. . __    
23:23:24>[:00000000]       ."" '<  `.___\_<|>_/___.'  >'"".    
23:23:24>[:00000000]      | | :  `- \`.;`\ _ /`;.`/ - ` : | |    
23:23:24>[:00000000]    \  \ `-.   \_ __\ /__ _/   .-` /  /    
23:23:24>[:00000000]   =====`-.____`-.___\_____/___.-`____.-'======    
23:23:24>[:00000000]  `^^^^^^^^^^^^^^^^^^^^^^^^^^^^^^^^^^^^^^^^^^^^      
23:23:24>[:00000000]  `          佛祖保佑       永无Bug     
23:23:24>[:00000000]  `          快加工资       不改需求      
23:23:24>[:00000000] work path is E:\github\cobweb\build\Debug
23:23:24>[:00000002] ./examples/bootstrap.lua:5 boostrap start
23:23:24>[:00000002] ./examples/bootstrap.lua:10 {"name":"liwei","age":10}
23:23:24>[:00000002] KILL self
23:23:25>[:00000003] ./examples/recv.lua:9 recv
23:23:25>[:00000004] ./examples/send.lua:5 send
23:23:25>[:00000003] ./examples/recv.lua:13 session=0 address=4 t=liwei
23:23:25>[:00000003] ./examples/recv.lua:13 session=2 address=4 t=add12
23:23:25>[:00000004] ./examples/send.lua:8 ret=3
23:23:25>[:00000004] KILL self
