01:34:19>[:00000000]                  _ooOoo_  
01:34:19>[:00000000]                 o8888888o  
01:34:19>[:00000000]                 88" . "88    
01:34:19>[:00000000]                 (| -_- |)    
01:34:19>[:00000000]              ____/`---'\____   
01:34:19>[:00000000]            .'  \|     |//  `.    
01:34:19>[:00000000]            /  \|||  :  |||//  \    
01:34:19>[:00000000]           /  _||||| -:- |||||-  \    
01:34:19>[:00000000]           |   | \\  -  /// |   |    
01:34:19>[:00000000]          | \_|  ''\---/''  |   |   
01:34:19>[:00000000]           \  .-\__  `-`  ___/-. /    
01:34:19>[:00000000]          ___`. .'  /--.--\  `. . __    
01:34:19>[:00000000]       ."" '<  `.___\_<|>_/___.'  >'"".    
01:34:19>[:00000000]      | | :  `- \`.;`\ _ /`;.`/ - ` : | |    
01:34:19>[:00000000]    \  \ `-.   \_ __\ /__ _/   .-` /  /    
01:34:19>[:00000000]   =====`-.____`-.___\_____/___.-`____.-'======    
01:34:19>[:00000000]  `^^^^^^^^^^^^^^^^^^^^^^^^^^^^^^^^^^^^^^^^^^^^      
01:34:19>[:00000000]  `          佛祖保佑       永无Bug     
01:34:19>[:00000000]  `          快加工资       不改需求      
01:34:19>[:00000000] work path is E:\github\cobweb\build\Debug
01:34:19>[:00000003] ./examples/bootstrap.lua:4 boostrap
01:34:19>[:00000003] KILL self
01:34:19>[:00000003] CLEAR
01:34:19>[:00000004] ./examples/recv.lua:7 recv
01:34:19>[:00000005] ./examples/send.lua:4 send
01:34:19>[:00000005] KILL self
01:34:19>[:00000004] ./examples/recv.lua:10 session=0
01:34:19>[:00000005] CLEAR
01:35:49>[:00000000]                  _ooOoo_  
01:35:49>[:00000000]                 o8888888o  
01:35:49>[:00000000]                 88" . "88    
01:35:49>[:00000000]                 (| -_- |)    
01:35:49>[:00000000]              ____/`---'\____   
01:35:49>[:00000000]            .'  \|     |//  `.    
01:35:49>[:00000000]            /  \|||  :  |||//  \    
01:35:49>[:00000000]           /  _||||| -:- |||||-  \    
01:35:49>[:00000000]           |   | \\  -  /// |   |    
01:35:49>[:00000000]          | \_|  ''\---/''  |   |   
01:35:49>[:00000000]           \  .-\__  `-`  ___/-. /    
01:35:49>[:00000000]          ___`. .'  /--.--\  `. . __    
01:35:49>[:00000000]       ."" '<  `.___\_<|>_/___.'  >'"".    
01:35:49>[:00000000]      | | :  `- \`.;`\ _ /`;.`/ - ` : | |    
01:35:49>[:00000000]    \  \ `-.   \_ __\ /__ _/   .-` /  /    
01:35:49>[:00000000]   =====`-.____`-.___\_____/___.-`____.-'======    
01:35:49>[:00000000]  `^^^^^^^^^^^^^^^^^^^^^^^^^^^^^^^^^^^^^^^^^^^^      
01:35:49>[:00000000]  `          佛祖保佑       永无Bug     
01:35:49>[:00000000]  `          快加工资       不改需求      
01:35:49>[:00000000] work path is E:\github\cobweb\build\Debug
01:35:49>[:00000003] ./examples/bootstrap.lua:4 boostrap
01:35:49>[:00000003] KILL self
01:35:49>[:00000003] CLEAR
01:35:49>[:00000004] ./examples/recv.lua:7 recv
01:35:49>[:00000005] ./examples/send.lua:4 send
01:35:49>[:00000005] KILL self
01:35:49>[:00000004] ./examples/recv.lua:10 session=0
01:35:49>[:00000005] CLEAR
01:37:09>[:00000000]                  _ooOoo_  
01:37:09>[:00000000]                 o8888888o  
01:37:09>[:00000000]                 88" . "88    
01:37:09>[:00000000]                 (| -_- |)    
01:37:09>[:00000000]              ____/`---'\____   
01:37:09>[:00000000]            .'  \|     |//  `.    
01:37:09>[:00000000]            /  \|||  :  |||//  \    
01:37:09>[:00000000]           /  _||||| -:- |||||-  \    
01:37:09>[:00000000]           |   | \\  -  /// |   |    
01:37:09>[:00000000]          | \_|  ''\---/''  |   |   
01:37:09>[:00000000]           \  .-\__  `-`  ___/-. /    
01:37:09>[:00000000]          ___`. .'  /--.--\  `. . __    
01:37:09>[:00000000]       ."" '<  `.___\_<|>_/___.'  >'"".    
01:37:09>[:00000000]      | | :  `- \`.;`\ _ /`;.`/ - ` : | |    
01:37:09>[:00000000]    \  \ `-.   \_ __\ /__ _/   .-` /  /    
01:37:09>[:00000000]   =====`-.____`-.___\_____/___.-`____.-'======    
01:37:09>[:00000000]  `^^^^^^^^^^^^^^^^^^^^^^^^^^^^^^^^^^^^^^^^^^^^      
01:37:09>[:00000000]  `          佛祖保佑       永无Bug     
01:37:09>[:00000000]  `          快加工资       不改需求      
01:37:09>[:00000000] work path is E:\github\cobweb\build\Debug
01:37:09>[:00000003] ./examples/bootstrap.lua:4 boostrap
01:37:09>[:00000003] KILL self
01:37:09>[:00000003] CLEAR
01:37:09>[:00000004] ./examples/recv.lua:7 recv
01:37:09>[:00000005] ./examples/send.lua:4 send
01:37:09>[:00000005] KILL self
01:37:09>[:00000004] ./examples/recv.lua:10 session=0
01:37:09>[:00000005] CLEAR
01:38:48>[:00000000]                  _ooOoo_  
01:38:48>[:00000000]                 o8888888o  
01:38:48>[:00000000]                 88" . "88    
01:38:48>[:00000000]                 (| -_- |)    
01:38:48>[:00000000]              ____/`---'\____   
01:38:48>[:00000000]            .'  \|     |//  `.    
01:38:48>[:00000000]            /  \|||  :  |||//  \    
01:38:48>[:00000000]           /  _||||| -:- |||||-  \    
01:38:48>[:00000000]           |   | \\  -  /// |   |    
01:38:48>[:00000000]          | \_|  ''\---/''  |   |   
01:38:48>[:00000000]           \  .-\__  `-`  ___/-. /    
01:38:48>[:00000000]          ___`. .'  /--.--\  `. . __    
01:38:48>[:00000000]       ."" '<  `.___\_<|>_/___.'  >'"".    
01:38:48>[:00000000]      | | :  `- \`.;`\ _ /`;.`/ - ` : | |    
01:38:48>[:00000000]    \  \ `-.   \_ __\ /__ _/   .-` /  /    
01:38:48>[:00000000]   =====`-.____`-.___\_____/___.-`____.-'======    
01:38:48>[:00000000]  `^^^^^^^^^^^^^^^^^^^^^^^^^^^^^^^^^^^^^^^^^^^^      
01:38:48>[:00000000]  `          佛祖保佑       永无Bug     
01:38:48>[:00000000]  `          快加工资       不改需求      
01:38:48>[:00000000] work path is E:\github\cobweb\build\Debug
01:38:49>[:00000003] ./examples/bootstrap.lua:4 boostrap
01:38:49>[:00000003] KILL self
01:38:49>[:00000003] CLEAR
01:38:49>[:00000004] ./examples/recv.lua:7 recv
01:38:49>[:00000005] ./examples/send.lua:4 send
01:38:49>[:00000005] KILL self
01:38:49>[:00000004] ./examples/recv.lua:10 session=0
01:38:49>[:00000005] CLEAR
01:44:08>[:00000000]                  _ooOoo_  
01:44:08>[:00000000]                 o8888888o  
01:44:08>[:00000000]                 88" . "88    
01:44:08>[:00000000]                 (| -_- |)    
01:44:08>[:00000000]              ____/`---'\____   
01:44:08>[:00000000]            .'  \|     |//  `.    
01:44:08>[:00000000]            /  \|||  :  |||//  \    
01:44:08>[:00000000]           /  _||||| -:- |||||-  \    
01:44:08>[:00000000]           |   | \\  -  /// |   |    
01:44:08>[:00000000]          | \_|  ''\---/''  |   |   
01:44:08>[:00000000]           \  .-\__  `-`  ___/-. /    
01:44:08>[:00000000]          ___`. .'  /--.--\  `. . __    
01:44:08>[:00000000]       ."" '<  `.___\_<|>_/___.'  >'"".    
01:44:08>[:00000000]      | | :  `- \`.;`\ _ /`;.`/ - ` : | |    
01:44:08>[:00000000]    \  \ `-.   \_ __\ /__ _/   .-` /  /    
01:44:08>[:00000000]   =====`-.____`-.___\_____/___.-`____.-'======    
01:44:08>[:00000000]  `^^^^^^^^^^^^^^^^^^^^^^^^^^^^^^^^^^^^^^^^^^^^      
01:44:08>[:00000000]  `          佛祖保佑       永无Bug     
01:44:08>[:00000000]  `          快加工资       不改需求      
01:44:08>[:00000000] work path is E:\github\cobweb\build\Debug
01:44:08>[:00000003] ./examples/bootstrap.lua:4 boostrap
01:44:08>[:00000003] KILL self
01:44:08>[:00000003] CLEAR
01:44:08>[:00000004] ./examples/recv.lua:7 recv
01:44:08>[:00000005] ./examples/send.lua:4 send
01:44:08>[:00000005] KILL self
01:44:08>[:00000004] ./examples/recv.lua:10 session=0
01:44:08>[:00000005] CLEAR
01:47:34>[:00000000]                  _ooOoo_  
01:47:34>[:00000000]                 o8888888o  
01:47:34>[:00000000]                 88" . "88    
01:47:34>[:00000000]                 (| -_- |)    
01:47:34>[:00000000]              ____/`---'\____   
01:47:34>[:00000000]            .'  \|     |//  `.    
01:47:34>[:00000000]            /  \|||  :  |||//  \    
01:47:34>[:00000000]           /  _||||| -:- |||||-  \    
01:47:34>[:00000000]           |   | \\  -  /// |   |    
01:47:34>[:00000000]          | \_|  ''\---/''  |   |   
01:47:34>[:00000000]           \  .-\__  `-`  ___/-. /    
01:47:34>[:00000000]          ___`. .'  /--.--\  `. . __    
01:47:34>[:00000000]       ."" '<  `.___\_<|>_/___.'  >'"".    
01:47:34>[:00000000]      | | :  `- \`.;`\ _ /`;.`/ - ` : | |    
01:47:34>[:00000000]    \  \ `-.   \_ __\ /__ _/   .-` /  /    
01:47:34>[:00000000]   =====`-.____`-.___\_____/___.-`____.-'======    
01:47:34>[:00000000]  `^^^^^^^^^^^^^^^^^^^^^^^^^^^^^^^^^^^^^^^^^^^^      
01:47:34>[:00000000]  `          佛祖保佑       永无Bug     
01:47:34>[:00000000]  `          快加工资       不改需求      
01:47:34>[:00000000] work path is E:\github\cobweb\build\Debug
01:47:35>[:00000003] ./examples/bootstrap.lua:4 boostrap
01:47:35>[:00000003] KILL self
01:47:35>[:00000003] CLEAR
01:47:35>[:00000004] ./examples/recv.lua:7 recv
01:47:35>[:00000005] ./examples/send.lua:4 send
01:47:35>[:00000005] KILL self
01:47:35>[:00000004] ./examples/recv.lua:10 session=0
01:47:35>[:00000005] CLEAR
01:59:42>[:00000000]                  _ooOoo_  
01:59:42>[:00000000]                 o8888888o  
01:59:42>[:00000000]                 88" . "88    
01:59:42>[:00000000]                 (| -_- |)    
01:59:42>[:00000000]              ____/`---'\____   
01:59:42>[:00000000]            .'  \|     |//  `.    
01:59:42>[:00000000]            /  \|||  :  |||//  \    
01:59:42>[:00000000]           /  _||||| -:- |||||-  \    
01:59:42>[:00000000]           |   | \\  -  /// |   |    
01:59:42>[:00000000]          | \_|  ''\---/''  |   |   
01:59:42>[:00000000]           \  .-\__  `-`  ___/-. /    
01:59:42>[:00000000]          ___`. .'  /--.--\  `. . __    
01:59:42>[:00000000]       ."" '<  `.___\_<|>_/___.'  >'"".    
01:59:42>[:00000000]      | | :  `- \`.;`\ _ /`;.`/ - ` : | |    
01:59:42>[:00000000]    \  \ `-.   \_ __\ /__ _/   .-` /  /    
01:59:42>[:00000000]   =====`-.____`-.___\_____/___.-`____.-'======    
01:59:42>[:00000000]  `^^^^^^^^^^^^^^^^^^^^^^^^^^^^^^^^^^^^^^^^^^^^      
01:59:42>[:00000000]  `          佛祖保佑       永无Bug     
01:59:42>[:00000000]  `          快加工资       不改需求      
01:59:42>[:00000000] work path is E:\github\cobweb\build\Debug
01:59:42>[:00000003] ./examples/bootstrap.lua:4 boostrap
01:59:42>[:00000003] KILL self
01:59:42>[:00000003] CLEAR
01:59:42>[:00000004] ./examples/recv.lua:7 recv
01:59:42>[:00000005] ./examples/send.lua:4 send
01:59:42>[:00000005] KILL self
01:59:42>[:00000004] ./examples/recv.lua:10 session=0
01:59:42>[:00000005] CLEAR
02:01:30>[:00000000]                  _ooOoo_  
02:01:30>[:00000000]                 o8888888o  
02:01:30>[:00000000]                 88" . "88    
02:01:30>[:00000000]                 (| -_- |)    
02:01:30>[:00000000]              ____/`---'\____   
02:01:30>[:00000000]            .'  \|     |//  `.    
02:01:30>[:00000000]            /  \|||  :  |||//  \    
02:01:30>[:00000000]           /  _||||| -:- |||||-  \    
02:01:30>[:00000000]           |   | \\  -  /// |   |    
02:01:30>[:00000000]          | \_|  ''\---/''  |   |   
02:01:30>[:00000000]           \  .-\__  `-`  ___/-. /    
02:01:30>[:00000000]          ___`. .'  /--.--\  `. . __    
02:01:30>[:00000000]       ."" '<  `.___\_<|>_/___.'  >'"".    
02:01:30>[:00000000]      | | :  `- \`.;`\ _ /`;.`/ - ` : | |    
02:01:30>[:00000000]    \  \ `-.   \_ __\ /__ _/   .-` /  /    
02:01:30>[:00000000]   =====`-.____`-.___\_____/___.-`____.-'======    
02:01:30>[:00000000]  `^^^^^^^^^^^^^^^^^^^^^^^^^^^^^^^^^^^^^^^^^^^^      
02:01:30>[:00000000]  `          佛祖保佑       永无Bug     
02:01:30>[:00000000]  `          快加工资       不改需求      
02:01:30>[:00000000] work path is E:\github\cobweb\build\Debug
02:01:30>[:00000003] ./examples/bootstrap.lua:4 boostrap
02:01:30>[:00000003] KILL self
02:01:30>[:00000003] CLEAR
02:01:31>[:00000004] ./examples/recv.lua:7 recv
02:01:31>[:00000005] ./examples/send.lua:4 send
02:01:31>[:00000005] KILL self
02:01:31>[:00000004] ./examples/recv.lua:10 session=0
02:01:31>[:00000005] CLEAR
02:03:17>[:00000004] lua call [2 to :4 : 0 msgsz = 2060] error : ./lualib/cobweb.lua:522: ./lualib/cobweb.lua:496: attempt to call a nil value (field 'unpack')
stack traceback:
	[C]: in function 'assert'
	./lualib/cobweb.lua:522: in function 'cobweb.dispatch_message'
02:15:02>[:00000000]                  _ooOoo_  
02:15:02>[:00000000]                 o8888888o  
02:15:02>[:00000000]                 88" . "88    
02:15:02>[:00000000]                 (| -_- |)    
02:15:02>[:00000000]              ____/`---'\____   
02:15:02>[:00000000]            .'  \|     |//  `.    
02:15:02>[:00000000]            /  \|||  :  |||//  \    
02:15:02>[:00000000]           /  _||||| -:- |||||-  \    
02:15:02>[:00000000]           |   | \\  -  /// |   |    
02:15:02>[:00000000]          | \_|  ''\---/''  |   |   
02:15:02>[:00000000]           \  .-\__  `-`  ___/-. /    
02:15:02>[:00000000]          ___`. .'  /--.--\  `. . __    
02:15:02>[:00000000]       ."" '<  `.___\_<|>_/___.'  >'"".    
02:15:02>[:00000000]      | | :  `- \`.;`\ _ /`;.`/ - ` : | |    
02:15:02>[:00000000]    \  \ `-.   \_ __\ /__ _/   .-` /  /    
02:15:02>[:00000000]   =====`-.____`-.___\_____/___.-`____.-'======    
02:15:02>[:00000000]  `^^^^^^^^^^^^^^^^^^^^^^^^^^^^^^^^^^^^^^^^^^^^      
02:15:02>[:00000000]  `          佛祖保佑       永无Bug     
02:15:02>[:00000000]  `          快加工资       不改需求      
02:15:02>[:00000000] work path is E:\github\cobweb\build\Debug
02:15:02>[:00000003] ./examples/bootstrap.lua:4 boostrap
02:15:02>[:00000003] KILL self
02:15:02>[:00000003] CLEAR
02:15:02>[:00000004] ./examples/recv.lua:7 recv
02:15:02>[:00000005] ./examples/send.lua:4 send
02:15:02>[:00000005] KILL self
02:15:02>[:00000004] ./examples/recv.lua:11 session=0 t=liwei
02:15:02>[:00000005] CLEAR
02:17:07>[:00000000]                  _ooOoo_  
02:17:07>[:00000000]                 o8888888o  
02:17:07>[:00000000]                 88" . "88    
02:17:07>[:00000000]                 (| -_- |)    
02:17:07>[:00000000]              ____/`---'\____   
02:17:07>[:00000000]            .'  \|     |//  `.    
02:17:07>[:00000000]            /  \|||  :  |||//  \    
02:17:07>[:00000000]           /  _||||| -:- |||||-  \    
02:17:07>[:00000000]           |   | \\  -  /// |   |    
02:17:07>[:00000000]          | \_|  ''\---/''  |   |   
02:17:07>[:00000000]           \  .-\__  `-`  ___/-. /    
02:17:07>[:00000000]          ___`. .'  /--.--\  `. . __    
02:17:07>[:00000000]       ."" '<  `.___\_<|>_/___.'  >'"".    
02:17:07>[:00000000]      | | :  `- \`.;`\ _ /`;.`/ - ` : | |    
02:17:07>[:00000000]    \  \ `-.   \_ __\ /__ _/   .-` /  /    
02:17:07>[:00000000]   =====`-.____`-.___\_____/___.-`____.-'======    
02:17:07>[:00000000]  `^^^^^^^^^^^^^^^^^^^^^^^^^^^^^^^^^^^^^^^^^^^^      
02:17:07>[:00000000]  `          佛祖保佑       永无Bug     
02:17:07>[:00000000]  `          快加工资       不改需求      
02:17:07>[:00000000] work path is E:\github\cobweb\build\Debug
02:17:07>[:00000003] ./examples/bootstrap.lua:4 boostrap
02:17:07>[:00000003] KILL self
02:17:07>[:00000004] lua loader error : ./examples/recv.lua:17: unexpected symbol near '&'
stack traceback:
	[C]: in function 'dofile'
	./lualib/loader.lua:9: in main chunk
02:17:07>[:00000004] KILL self
02:17:07>[:00000003] CLEAR
02:17:07>[:00000004] CLEAR
02:17:07>[:00000005] ./examples/send.lua:4 send
02:17:07>[:00000005] KILL self
02:17:07>[:00000005] CLEAR
02:17:23>[:00000000]                  _ooOoo_  
02:17:23>[:00000000]                 o8888888o  
02:17:23>[:00000000]                 88" . "88    
02:17:23>[:00000000]                 (| -_- |)    
02:17:23>[:00000000]              ____/`---'\____   
02:17:23>[:00000000]            .'  \|     |//  `.    
02:17:23>[:00000000]            /  \|||  :  |||//  \    
02:17:23>[:00000000]           /  _||||| -:- |||||-  \    
02:17:23>[:00000000]           |   | \\  -  /// |   |    
02:17:23>[:00000000]          | \_|  ''\---/''  |   |   
02:17:23>[:00000000]           \  .-\__  `-`  ___/-. /    
02:17:23>[:00000000]          ___`. .'  /--.--\  `. . __    
02:17:23>[:00000000]       ."" '<  `.___\_<|>_/___.'  >'"".    
02:17:23>[:00000000]      | | :  `- \`.;`\ _ /`;.`/ - ` : | |    
02:17:23>[:00000000]    \  \ `-.   \_ __\ /__ _/   .-` /  /    
02:17:23>[:00000000]   =====`-.____`-.___\_____/___.-`____.-'======    
02:17:23>[:00000000]  `^^^^^^^^^^^^^^^^^^^^^^^^^^^^^^^^^^^^^^^^^^^^      
02:17:23>[:00000000]  `          佛祖保佑       永无Bug     
02:17:23>[:00000000]  `          快加工资       不改需求      
02:17:23>[:00000000] work path is E:\github\cobweb\build\Debug
02:17:23>[:00000003] ./examples/bootstrap.lua:4 boostrap
02:17:23>[:00000003] KILL self
02:17:23>[:00000003] CLEAR
02:17:24>[:00000004] ./examples/recv.lua:12 recv
02:17:24>[:00000005] ./examples/send.lua:4 send
02:17:24>[:00000005] KILL self
02:17:24>[:00000004] ./examples/recv.lua:16 session=0 t=liwei
02:17:24>[:00000005] CLEAR
02:17:49>[:00000000]                  _ooOoo_  
02:17:49>[:00000000]                 o8888888o  
02:17:49>[:00000000]                 88" . "88    
02:17:49>[:00000000]                 (| -_- |)    
02:17:49>[:00000000]              ____/`---'\____   
02:17:49>[:00000000]            .'  \|     |//  `.    
02:17:49>[:00000000]            /  \|||  :  |||//  \    
02:17:49>[:00000000]           /  _||||| -:- |||||-  \    
02:17:49>[:00000000]           |   | \\  -  /// |   |    
02:17:49>[:00000000]          | \_|  ''\---/''  |   |   
02:17:49>[:00000000]           \  .-\__  `-`  ___/-. /    
02:17:49>[:00000000]          ___`. .'  /--.--\  `. . __    
02:17:49>[:00000000]       ."" '<  `.___\_<|>_/___.'  >'"".    
02:17:49>[:00000000]      | | :  `- \`.;`\ _ /`;.`/ - ` : | |    
02:17:49>[:00000000]    \  \ `-.   \_ __\ /__ _/   .-` /  /    
02:17:49>[:00000000]   =====`-.____`-.___\_____/___.-`____.-'======    
02:17:49>[:00000000]  `^^^^^^^^^^^^^^^^^^^^^^^^^^^^^^^^^^^^^^^^^^^^      
02:17:49>[:00000000]  `          佛祖保佑       永无Bug     
02:17:49>[:00000000]  `          快加工资       不改需求      
02:17:49>[:00000000] work path is E:\github\cobweb\build\Debug
02:17:49>[:00000003] ./examples/bootstrap.lua:4 boostrap
02:17:49>[:00000003] KILL self
02:17:49>[:00000003] CLEAR
02:17:49>[:00000004] ./examples/recv.lua:12 recv
02:17:49>[:00000005] ./examples/send.lua:4 send
02:17:49>[:00000005] KILL self
02:17:49>[:00000004] ./examples/recv.lua:16 session=0 address5 t=liwei
02:17:49>[:00000005] CLEAR
02:18:00>[:00000000]                  _ooOoo_  
02:18:00>[:00000000]                 o8888888o  
02:18:00>[:00000000]                 88" . "88    
02:18:00>[:00000000]                 (| -_- |)    
02:18:00>[:00000000]              ____/`---'\____   
02:18:00>[:00000000]            .'  \|     |//  `.    
02:18:00>[:00000000]            /  \|||  :  |||//  \    
02:18:00>[:00000000]           /  _||||| -:- |||||-  \    
02:18:00>[:00000000]           |   | \\  -  /// |   |    
02:18:00>[:00000000]          | \_|  ''\---/''  |   |   
02:18:00>[:00000000]           \  .-\__  `-`  ___/-. /    
02:18:00>[:00000000]          ___`. .'  /--.--\  `. . __    
02:18:00>[:00000000]       ."" '<  `.___\_<|>_/___.'  >'"".    
02:18:00>[:00000000]      | | :  `- \`.;`\ _ /`;.`/ - ` : | |    
02:18:00>[:00000000]    \  \ `-.   \_ __\ /__ _/   .-` /  /    
02:18:00>[:00000000]   =====`-.____`-.___\_____/___.-`____.-'======    
02:18:00>[:00000000]  `^^^^^^^^^^^^^^^^^^^^^^^^^^^^^^^^^^^^^^^^^^^^      
02:18:00>[:00000000]  `          佛祖保佑       永无Bug     
02:18:00>[:00000000]  `          快加工资       不改需求      
02:18:00>[:00000000] work path is E:\github\cobweb\build\Debug
02:18:00>[:00000003] ./examples/bootstrap.lua:4 boostrap
02:18:00>[:00000003] KILL self
02:18:00>[:00000003] CLEAR
02:18:00>[:00000004] ./examples/recv.lua:12 recv
02:18:00>[:00000005] ./examples/send.lua:4 send
02:18:00>[:00000005] KILL self
02:18:00>[:00000004] ./examples/recv.lua:16 session=0 address=5 t=liwei
02:18:00>[:00000005] CLEAR
02:25:55>[:00000000]                  _ooOoo_  
02:25:55>[:00000000]                 o8888888o  
02:25:55>[:00000000]                 88" . "88    
02:25:55>[:00000000]                 (| -_- |)    
02:25:55>[:00000000]              ____/`---'\____   
02:25:55>[:00000000]            .'  \|     |//  `.    
02:25:55>[:00000000]            /  \|||  :  |||//  \    
02:25:55>[:00000000]           /  _||||| -:- |||||-  \    
02:25:55>[:00000000]           |   | \\  -  /// |   |    
02:25:55>[:00000000]          | \_|  ''\---/''  |   |   
02:25:55>[:00000000]           \  .-\__  `-`  ___/-. /    
02:25:55>[:00000000]          ___`. .'  /--.--\  `. . __    
02:25:55>[:00000000]       ."" '<  `.___\_<|>_/___.'  >'"".    
02:25:55>[:00000000]      | | :  `- \`.;`\ _ /`;.`/ - ` : | |    
02:25:55>[:00000000]    \  \ `-.   \_ __\ /__ _/   .-` /  /    
02:25:55>[:00000000]   =====`-.____`-.___\_____/___.-`____.-'======    
02:25:55>[:00000000]  `^^^^^^^^^^^^^^^^^^^^^^^^^^^^^^^^^^^^^^^^^^^^      
02:25:55>[:00000000]  `          佛祖保佑       永无Bug     
02:25:55>[:00000000]  `          快加工资       不改需求      
02:25:55>[:00000000] work path is E:\github\cobweb\build\Debug
02:25:55>[:00000003] ./examples/bootstrap.lua:4 boostrap
02:25:55>[:00000003] KILL self
02:25:55>[:00000003] CLEAR
02:25:55>[:00000004] ./examples/recv.lua:12 recv
02:25:55>[:00000005] ./examples/send.lua:4 send
02:25:55>[:00000005] ./lualib/cobweb.lua:569 init service failed: ./examples/send.lua:6: attempt to index a nil value (global 'skynet')
stack traceback:
	./examples/send.lua:6: in local 'start'
	./lualib/cobweb.lua:559: in function <./lualib/cobweb.lua:556>
	[C]: in function 'xpcall'
	./lualib/cobweb.lua:563: in function 'cobweb.pcall'
	./lualib/cobweb.lua:567: in function 'cobweb.init_service'
	./lualib/cobweb.lua:580: in upvalue 'f'
	./lualib/cobweb.lua:94: in function <./lualib/cobweb.lua:92>
02:25:55>[:00000005] KILL self
02:25:55>[:00000004] ./examples/recv.lua:16 session=0 address=5 t=liwei
02:25:55>[:00000005] CLEAR
02:26:22>[:00000000]                  _ooOoo_  
02:26:22>[:00000000]                 o8888888o  
02:26:22>[:00000000]                 88" . "88    
02:26:22>[:00000000]                 (| -_- |)    
02:26:22>[:00000000]              ____/`---'\____   
02:26:22>[:00000000]            .'  \|     |//  `.    
02:26:22>[:00000000]            /  \|||  :  |||//  \    
02:26:22>[:00000000]           /  _||||| -:- |||||-  \    
02:26:22>[:00000000]           |   | \\  -  /// |   |    
02:26:22>[:00000000]          | \_|  ''\---/''  |   |   
02:26:22>[:00000000]           \  .-\__  `-`  ___/-. /    
02:26:22>[:00000000]          ___`. .'  /--.--\  `. . __    
02:26:22>[:00000000]       ."" '<  `.___\_<|>_/___.'  >'"".    
02:26:22>[:00000000]      | | :  `- \`.;`\ _ /`;.`/ - ` : | |    
02:26:22>[:00000000]    \  \ `-.   \_ __\ /__ _/   .-` /  /    
02:26:22>[:00000000]   =====`-.____`-.___\_____/___.-`____.-'======    
02:26:22>[:00000000]  `^^^^^^^^^^^^^^^^^^^^^^^^^^^^^^^^^^^^^^^^^^^^      
02:26:22>[:00000000]  `          佛祖保佑       永无Bug     
02:26:22>[:00000000]  `          快加工资       不改需求      
02:26:22>[:00000000] work path is E:\github\cobweb\build\Debug
02:26:22>[:00000003] ./examples/bootstrap.lua:4 boostrap
02:26:22>[:00000003] KILL self
02:26:22>[:00000003] CLEAR
02:26:22>[:00000004] ./examples/recv.lua:12 recv
02:26:22>[:00000005] ./examples/send.lua:4 send
02:26:22>[:00000004] ./examples/recv.lua:16 session=0 address=5 t=liwei
02:26:22>[:00000004] ./examples/recv.lua:16 session=2 address=5 t=add12
02:26:22>[:00000004] lua call [5 to :4 : 2 msgsz = 8] error : ./lualib/cobweb.lua:522: ./lualib/cobweb.lua:160: cobweb.send invalid param number
stack traceback:
	[C]: in function 'assert'
	./lualib/cobweb.lua:522: in function 'cobweb.dispatch_message'
02:27:24>[:00000000]                  _ooOoo_  
02:27:24>[:00000000]                 o8888888o  
02:27:24>[:00000000]                 88" . "88    
02:27:24>[:00000000]                 (| -_- |)    
02:27:24>[:00000000]              ____/`---'\____   
02:27:24>[:00000000]            .'  \|     |//  `.    
02:27:24>[:00000000]            /  \|||  :  |||//  \    
02:27:24>[:00000000]           /  _||||| -:- |||||-  \    
02:27:24>[:00000000]           |   | \\  -  /// |   |    
02:27:24>[:00000000]          | \_|  ''\---/''  |   |   
02:27:24>[:00000000]           \  .-\__  `-`  ___/-. /    
02:27:24>[:00000000]          ___`. .'  /--.--\  `. . __    
02:27:24>[:00000000]       ."" '<  `.___\_<|>_/___.'  >'"".    
02:27:24>[:00000000]      | | :  `- \`.;`\ _ /`;.`/ - ` : | |    
02:27:24>[:00000000]    \  \ `-.   \_ __\ /__ _/   .-` /  /    
02:27:24>[:00000000]   =====`-.____`-.___\_____/___.-`____.-'======    
02:27:24>[:00000000]  `^^^^^^^^^^^^^^^^^^^^^^^^^^^^^^^^^^^^^^^^^^^^      
02:27:24>[:00000000]  `          佛祖保佑       永无Bug     
02:27:24>[:00000000]  `          快加工资       不改需求      
02:27:24>[:00000000] work path is E:\github\cobweb\build\Debug
02:27:24>[:00000003] ./examples/bootstrap.lua:4 boostrap
02:27:24>[:00000003] KILL self
02:27:24>[:00000003] CLEAR
02:27:24>[:00000004] ./examples/recv.lua:12 recv
02:27:24>[:00000005] ./examples/send.lua:4 send
02:27:24>[:00000004] ./examples/recv.lua:16 session=0 address=5 t=liwei
02:27:24>[:00000004] ./examples/recv.lua:16 session=2 address=5 t=add12
02:27:24>[:00000004] lua call [5 to :4 : 2 msgsz = 8] error : ./lualib/cobweb.lua:522: ./lualib/cobweb.lua:160: cobweb.send invalid param number
stack traceback:
	[C]: in function 'assert'
	./lualib/cobweb.lua:522: in function 'cobweb.dispatch_message'
02:28:46>[:00000000]                  _ooOoo_  
02:28:46>[:00000000]                 o8888888o  
02:28:46>[:00000000]                 88" . "88    
02:28:46>[:00000000]                 (| -_- |)    
02:28:46>[:00000000]              ____/`---'\____   
02:28:46>[:00000000]            .'  \|     |//  `.    
02:28:46>[:00000000]            /  \|||  :  |||//  \    
02:28:46>[:00000000]           /  _||||| -:- |||||-  \    
02:28:46>[:00000000]           |   | \\  -  /// |   |    
02:28:46>[:00000000]          | \_|  ''\---/''  |   |   
02:28:46>[:00000000]           \  .-\__  `-`  ___/-. /    
02:28:46>[:00000000]          ___`. .'  /--.--\  `. . __    
02:28:46>[:00000000]       ."" '<  `.___\_<|>_/___.'  >'"".    
02:28:46>[:00000000]      | | :  `- \`.;`\ _ /`;.`/ - ` : | |    
02:28:46>[:00000000]    \  \ `-.   \_ __\ /__ _/   .-` /  /    
02:28:46>[:00000000]   =====`-.____`-.___\_____/___.-`____.-'======    
02:28:46>[:00000000]  `^^^^^^^^^^^^^^^^^^^^^^^^^^^^^^^^^^^^^^^^^^^^      
02:28:46>[:00000000]  `          佛祖保佑       永无Bug     
02:28:46>[:00000000]  `          快加工资       不改需求      
02:28:46>[:00000000] work path is E:\github\cobweb\build\Debug
02:28:46>[:00000003] ./examples/bootstrap.lua:4 boostrap
02:28:46>[:00000003] KILL self
02:28:46>[:00000003] CLEAR
02:28:46>[:00000004] ./examples/recv.lua:12 recv
02:28:46>[:00000005] ./examples/send.lua:4 send
02:28:46>[:00000004] ./examples/recv.lua:16 session=0 address=5 t=liwei
02:28:46>[:00000004] ./examples/recv.lua:16 session=2 address=5 t=add12
02:28:46>[:00000004] lua call [5 to :4 : 2 msgsz = 8] error : ./lualib/cobweb.lua:522: ./lualib/cobweb.lua:144: ./examples/recv.lua:19: attempt to index a nil value (global 'skynet')
stack traceback:
	./examples/recv.lua:19: in upvalue 'f'
	./lualib/cobweb.lua:100: in function <./lualib/cobweb.lua:92>
stack traceback:
	[C]: in function 'assert'
	./lualib/cobweb.lua:522: in function 'cobweb.dispatch_message'
02:28:46>[:00000005] ./lualib/cobweb.lua:569 init service failed: ./lualib/cobweb.lua:305: call failed
stack traceback:
	[C]: in function 'error'
	./lualib/cobweb.lua:305: in upvalue 'yield_call'
	./lualib/cobweb.lua:316: in function 'cobweb.call'
	./examples/send.lua:6: in local 'start'
	./lualib/cobweb.lua:559: in function <./lualib/cobweb.lua:556>
	[C]: in function 'xpcall'
	./lualib/cobweb.lua:563: in function 'cobweb.pcall'
	./lualib/cobweb.lua:567: in function 'cobweb.init_service'
	./lualib/cobweb.lua:580: in upvalue 'f'
	./lualib/cobweb.lua:94: in function <./lualib/cobweb.lua:92>
02:28:46>[:00000005] KILL self
02:28:46>[:00000005] CLEAR
02:29:08>[:00000000]                  _ooOoo_  
02:29:08>[:00000000]                 o8888888o  
02:29:08>[:00000000]                 88" . "88    
02:29:08>[:00000000]                 (| -_- |)    
02:29:08>[:00000000]              ____/`---'\____   
02:29:08>[:00000000]            .'  \|     |//  `.    
02:29:08>[:00000000]            /  \|||  :  |||//  \    
02:29:08>[:00000000]           /  _||||| -:- |||||-  \    
02:29:08>[:00000000]           |   | \\  -  /// |   |    
02:29:08>[:00000000]          | \_|  ''\---/''  |   |   
02:29:08>[:00000000]           \  .-\__  `-`  ___/-. /    
02:29:08>[:00000000]          ___`. .'  /--.--\  `. . __    
02:29:08>[:00000000]       ."" '<  `.___\_<|>_/___.'  >'"".    
02:29:08>[:00000000]      | | :  `- \`.;`\ _ /`;.`/ - ` : | |    
02:29:08>[:00000000]    \  \ `-.   \_ __\ /__ _/   .-` /  /    
02:29:08>[:00000000]   =====`-.____`-.___\_____/___.-`____.-'======    
02:29:08>[:00000000]  `^^^^^^^^^^^^^^^^^^^^^^^^^^^^^^^^^^^^^^^^^^^^      
02:29:08>[:00000000]  `          佛祖保佑       永无Bug     
02:29:08>[:00000000]  `          快加工资       不改需求      
02:29:08>[:00000000] work path is E:\github\cobweb\build\Debug
02:29:08>[:00000003] ./examples/bootstrap.lua:4 boostrap
02:29:08>[:00000003] KILL self
02:29:08>[:00000003] CLEAR
02:29:08>[:00000004] ./examples/recv.lua:12 recv
02:29:08>[:00000005] ./examples/send.lua:4 send
02:29:08>[:00000004] ./examples/recv.lua:16 session=0 address=5 t=liwei
02:29:08>[:00000004] ./examples/recv.lua:16 session=2 address=5 t=add12
02:29:08>[:00000005] ./examples/send.lua:7 ret=3
02:29:08>[:00000005] KILL self
02:29:08>[:00000005] CLEAR
02:32:45>[:00000000]                  _ooOoo_  
02:32:45>[:00000000]                 o8888888o  
02:32:45>[:00000000]                 88" . "88    
02:32:45>[:00000000]                 (| -_- |)    
02:32:45>[:00000000]              ____/`---'\____   
02:32:45>[:00000000]            .'  \|     |//  `.    
02:32:45>[:00000000]            /  \|||  :  |||//  \    
02:32:45>[:00000000]           /  _||||| -:- |||||-  \    
02:32:45>[:00000000]           |   | \\  -  /// |   |    
02:32:45>[:00000000]          | \_|  ''\---/''  |   |   
02:32:45>[:00000000]           \  .-\__  `-`  ___/-. /    
02:32:45>[:00000000]          ___`. .'  /--.--\  `. . __    
02:32:45>[:00000000]       ."" '<  `.___\_<|>_/___.'  >'"".    
02:32:45>[:00000000]      | | :  `- \`.;`\ _ /`;.`/ - ` : | |    
02:32:45>[:00000000]    \  \ `-.   \_ __\ /__ _/   .-` /  /    
02:32:45>[:00000000]   =====`-.____`-.___\_____/___.-`____.-'======    
02:32:45>[:00000000]  `^^^^^^^^^^^^^^^^^^^^^^^^^^^^^^^^^^^^^^^^^^^^      
02:32:45>[:00000000]  `          佛祖保佑       永无Bug     
02:32:45>[:00000000]  `          快加工资       不改需求      
02:32:45>[:00000000] work path is E:\github\cobweb\build\Debug
02:32:45>[:00000003] ./examples/bootstrap.lua:4 boostrap
02:32:45>[:00000003] KILL self
02:32:45>[:00000003] CLEAR
02:32:46>[:00000004] ./examples/recv.lua:12 recv
02:32:46>[:00000005] ./examples/send.lua:4 send
02:32:46>[:00000004] ./examples/recv.lua:16 session=0 address=5 t=liwei
02:32:46>[:00000004] ./examples/recv.lua:16 session=2 address=5 t=add12
02:32:46>[:00000005] ./examples/send.lua:7 ret=3
02:32:46>[:00000005] KILL self
02:32:46>[:00000005] CLEAR
