  cobweb_app.cpp
E:\github\cobweb\src\cobweb_app.cpp(44,3): warning C4996: 'sprintf': This function or variable may be unsafe. Consider using sprintf_s instead. To disable deprecation, use _CRT_SECURE_NO_WARNINGS. See online help for details.
  cobweb_env.cpp
  cobweb_handle.cpp
E:\github\cobweb\src\cobweb_handle.cpp(114,2): warning C4996: 'strcpy': This function or variable may be unsafe. Consider using strcpy_s instead. To disable deprecation, use _CRT_SECURE_NO_WARNINGS. See online help for details.
  cobweb_infra.cpp
  cobweb_kcpserver.cpp
  cobweb_main.cpp
  cobweb_module.cpp
E:\github\cobweb\src\cobweb_module.cpp(73,4): warning C4996: 'strncpy': This function or variable may be unsafe. Consider using strncpy_s instead. To disable deprecation, use _CRT_SECURE_NO_WARNINGS. See online help for details.
E:\github\cobweb\src\cobweb_module.cpp(103,3): warning C4996: 'strcpy': This function or variable may be unsafe. Consider using strcpy_s instead. To disable deprecation, use _CRT_SECURE_NO_WARNINGS. See online help for details.
E:\github\cobweb\src\cobweb_module.cpp(105,3): warning C4996: 'strcpy': This function or variable may be unsafe. Consider using strcpy_s instead. To disable deprecation, use _CRT_SECURE_NO_WARNINGS. See online help for details.
E:\github\cobweb\src\cobweb_module.cpp(107,3): warning C4996: 'strcpy': This function or variable may be unsafe. Consider using strcpy_s instead. To disable deprecation, use _CRT_SECURE_NO_WARNINGS. See online help for details.
E:\github\cobweb\src\cobweb_module.cpp(109,3): warning C4996: 'strcpy': This function or variable may be unsafe. Consider using strcpy_s instead. To disable deprecation, use _CRT_SECURE_NO_WARNINGS. See online help for details.
E:\github\cobweb\src\cobweb_module.cpp(143,4): warning C4996: 'strcpy': This function or variable may be unsafe. Consider using strcpy_s instead. To disable deprecation, use _CRT_SECURE_NO_WARNINGS. See online help for details.
  cobweb_monitor.cpp
  cobweb_mq.cpp
  cobweb_network.cpp
  cobweb_server.cpp
E:\github\cobweb\src\cobweb_server.cpp(159,2): warning C4996: 'sprintf': This function or variable may be unsafe. Consider using sprintf_s instead. To disable deprecation, use _CRT_SECURE_NO_WARNINGS. See online help for details.
E:\github\cobweb\src\cobweb_server.cpp(167,3): warning C4996: 'sprintf': This function or variable may be unsafe. Consider using sprintf_s instead. To disable deprecation, use _CRT_SECURE_NO_WARNINGS. See online help for details.
E:\github\cobweb\src\cobweb_server.cpp(185,4): warning C4996: 'sprintf': This function or variable may be unsafe. Consider using sprintf_s instead. To disable deprecation, use _CRT_SECURE_NO_WARNINGS. See online help for details.
E:\github\cobweb\src\cobweb_server.cpp(200,2): warning C4996: 'sscanf': This function or variable may be unsafe. Consider using sscanf_s instead. To disable deprecation, use _CRT_SECURE_NO_WARNINGS. See online help for details.
E:\github\cobweb\src\cobweb_server.cpp(286,2): warning C4996: 'sprintf': This function or variable may be unsafe. Consider using sprintf_s instead. To disable deprecation, use _CRT_SECURE_NO_WARNINGS. See online help for details.
E:\github\cobweb\src\cobweb_server.cpp(294,3): warning C4996: 'strcpy': This function or variable may be unsafe. Consider using strcpy_s instead. To disable deprecation, use _CRT_SECURE_NO_WARNINGS. See online help for details.
E:\github\cobweb\src\cobweb_server.cpp(312,2): warning C4996: 'sprintf': This function or variable may be unsafe. Consider using sprintf_s instead. To disable deprecation, use _CRT_SECURE_NO_WARNINGS. See online help for details.
E:\github\cobweb\src\cobweb_server.cpp(328,4): warning C4996: 'sprintf': This function or variable may be unsafe. Consider using sprintf_s instead. To disable deprecation, use _CRT_SECURE_NO_WARNINGS. See online help for details.
E:\github\cobweb\src\cobweb_server.cpp(329,31): warning C4996: 'fopen': This function or variable may be unsafe. Consider using fopen_s instead. To disable deprecation, use _CRT_SECURE_NO_WARNINGS. See online help for details.
  cobweb_start.cpp
E:\github\cobweb\src\cobweb_start.cpp(84,2): warning C4996: 'sprintf': This function or variable may be unsafe. Consider using sprintf_s instead. To disable deprecation, use _CRT_SECURE_NO_WARNINGS. See online help for details.
  cobweb_tcpserver.cpp
E:\github\cobweb\src\cobweb_tcpserver.cpp(289,38): warning C4838: 从“size_t”转换到“long”需要收缩转换
E:\github\cobweb\src\cobweb_tcpserver.cpp(296,19): warning C4996: 'inet_ntoa': Use inet_ntop() or InetNtop() instead or define _WINSOCK_DEPRECATED_NO_WARNINGS to disable deprecated API warnings
E:\github\cobweb\src\cobweb_tcpserver.cpp(302,3): warning C4996: 'sprintf': This function or variable may be unsafe. Consider using sprintf_s instead. To disable deprecation, use _CRT_SECURE_NO_WARNINGS. See online help for details.
  cobweb_timer.cpp
  cobweb_utils.cpp
E:\github\cobweb\src\cobweb_utils.cpp(42,13): warning C4996: 'fopen': This function or variable may be unsafe. Consider using fopen_s instead. To disable deprecation, use _CRT_SECURE_NO_WARNINGS. See online help for details.
E:\github\cobweb\src\cobweb_utils.cpp(59,13): warning C4996: 'fopen': This function or variable may be unsafe. Consider using fopen_s instead. To disable deprecation, use _CRT_SECURE_NO_WARNINGS. See online help for details.
  正在生成代码...
  cobweb.vcxproj -> E:\github\cobweb\build\Debug\cobweb.exe
