e:\github\cobweb\build\cobweb.dir\debug\vc143.pdb
e:\github\cobweb\build\cobweb.dir\debug\cobweb_utils.obj
e:\github\cobweb\build\cobweb.dir\debug\cobweb_timer.obj
e:\github\cobweb\build\cobweb.dir\debug\cobweb_tcpserver.obj
e:\github\cobweb\build\cobweb.dir\debug\cobweb_start.obj
e:\github\cobweb\build\cobweb.dir\debug\cobweb_server.obj
e:\github\cobweb\build\cobweb.dir\debug\cobweb_network.obj
e:\github\cobweb\build\cobweb.dir\debug\cobweb_mq.obj
e:\github\cobweb\build\cobweb.dir\debug\cobweb_monitor.obj
e:\github\cobweb\build\cobweb.dir\debug\cobweb_module.obj
e:\github\cobweb\build\cobweb.dir\debug\cobweb_main.obj
e:\github\cobweb\build\cobweb.dir\debug\cobweb_kcpserver.obj
e:\github\cobweb\build\cobweb.dir\debug\cobweb_infra.obj
e:\github\cobweb\build\cobweb.dir\debug\cobweb_handle.obj
e:\github\cobweb\build\cobweb.dir\debug\cobweb_env.obj
e:\github\cobweb\build\cobweb.dir\debug\cobweb_app.obj
e:\github\cobweb\build\cmakefiles\generate.stamp
e:\github\cobweb\build\cobweb.dir\debug\cobweb.ilk
e:\github\cobweb\build\debug\cobweb.exe
e:\github\cobweb\build\debug\cobweb.pdb
e:\github\cobweb\build\cobweb.dir\debug\cobweb.tlog\cl.command.1.tlog
e:\github\cobweb\build\cobweb.dir\debug\cobweb.tlog\cl.read.1.tlog
e:\github\cobweb\build\cobweb.dir\debug\cobweb.tlog\cl.write.1.tlog
e:\github\cobweb\build\cobweb.dir\debug\cobweb.tlog\custombuild.command.1.tlog
e:\github\cobweb\build\cobweb.dir\debug\cobweb.tlog\custombuild.read.1.tlog
e:\github\cobweb\build\cobweb.dir\debug\cobweb.tlog\custombuild.write.1.tlog
e:\github\cobweb\build\cobweb.dir\debug\cobweb.tlog\link.command.1.tlog
e:\github\cobweb\build\cobweb.dir\debug\cobweb.tlog\link.read.1.tlog
e:\github\cobweb\build\cobweb.dir\debug\cobweb.tlog\link.write.1.tlog
